This file contains any messages produced by compilers while
running configure, to aid debugging if configure makes a mistake.

It was created by libmd configure 1.0.4, which was
generated by GNU Autoconf 2.71.  Invocation command line was

  $ ./configure --build=x86_64-pc-linux-gnu --host=arm-linux-gnueabihf --prefix=/home/sunxilong/work/mycode/my_avahi_v3/dependence/install --disable-shared --enable-static --disable-dependency-tracking --without-sysroot 'CC=/home/sunxilong/work/disk4T/code/sxw0505/tools/gcc-11.1.0-20210608-sigmastar-glibc-x86_64_arm-linux-gnueabihf/bin/arm-linux-gnueabihf-gcc -marm'

## --------- ##
## Platform. ##
## --------- ##

hostname = sunxilong-System-Product-Name
uname -m = x86_64
uname -r = 5.15.0-139-generic
uname -s = Linux
uname -v = #149~20.04.1-Ubuntu SMP Wed Apr 16 08:29:56 UTC 2025

/usr/bin/uname -p = x86_64
/bin/uname -X     = unknown

/bin/arch              = x86_64
/usr/bin/arch -k       = unknown
/usr/convex/getsysinfo = unknown
/usr/bin/hostinfo      = unknown
/bin/machine           = unknown
/usr/bin/oslevel       = unknown
/bin/universe          = unknown

PATH: /home/sunxilong/.nvm/versions/node/v16.20.2/bin/
PATH: /usr/local/sbin/
PATH: /usr/local/bin/
PATH: /usr/sbin/
PATH: /usr/bin/
PATH: /sbin/
PATH: /bin/
PATH: /usr/games/
PATH: /usr/local/games/
PATH: /snap/bin/
PATH: /home/sunxilong/bin/init/
PATH: /home/sunxilong/work/tftp/sx_work/buildTools/


## ----------- ##
## Core tests. ##
## ----------- ##

configure:2459: looking for aux files: config.guess config.sub ltmain.sh ar-lib compile missing install-sh
configure:2472:  trying ./build-aux/
configure:2501:   ./build-aux/config.guess found
configure:2501:   ./build-aux/config.sub found
configure:2501:   ./build-aux/ltmain.sh found
configure:2501:   ./build-aux/ar-lib found
configure:2501:   ./build-aux/compile found
configure:2501:   ./build-aux/missing found
configure:2483:   ./build-aux/install-sh found
configure:2634: checking for a BSD-compatible install
configure:2707: result: /usr/bin/install -c
configure:2718: checking whether build environment is sane
configure:2773: result: yes
configure:2827: checking for arm-linux-gnueabihf-strip
configure:2862: result: no
configure:2872: checking for strip
configure:2893: found /usr/bin/strip
configure:2904: result: strip
configure:2916: WARNING: using cross tools not prefixed with host triplet
configure:2930: checking for a race-free mkdir -p
configure:2974: result: /usr/bin/mkdir -p
configure:2981: checking for gawk
configure:3016: result: no
configure:2981: checking for mawk
configure:3002: found /usr/bin/mawk
configure:3013: result: mawk
configure:3024: checking whether make sets $(MAKE)
configure:3047: result: yes
configure:3077: checking whether make supports nested variables
configure:3095: result: yes
configure:3244: checking whether make supports nested variables
configure:3262: result: yes
configure:3298: checking whether make supports the include directive
configure:3313: make -f confmf.GNU && cat confinc.out
this is the am__doit target
configure:3316: $? = 0
configure:3335: result: yes (GNU style)
configure:3366: checking for arm-linux-gnueabihf-gcc
configure:3398: result: /home/sunxilong/work/disk4T/code/sxw0505/tools/gcc-11.1.0-20210608-sigmastar-glibc-x86_64_arm-linux-gnueabihf/bin/arm-linux-gnueabihf-gcc -marm
configure:3796: checking for C compiler version
configure:3805: /home/sunxilong/work/disk4T/code/sxw0505/tools/gcc-11.1.0-20210608-sigmastar-glibc-x86_64_arm-linux-gnueabihf/bin/arm-linux-gnueabihf-gcc -marm --version >&5
arm-linux-gnueabihf-gcc (GCC) 11.1.0
Copyright (C) 2021 Free Software Foundation, Inc.
This is free software; see the source for copying conditions.  There is NO
warranty; not even for MERCHANTABILITY or FITNESS FOR A PARTICULAR PURPOSE.

configure:3816: $? = 0
configure:3805: /home/sunxilong/work/disk4T/code/sxw0505/tools/gcc-11.1.0-20210608-sigmastar-glibc-x86_64_arm-linux-gnueabihf/bin/arm-linux-gnueabihf-gcc -marm -v >&5
Using built-in specs.
COLLECT_GCC=/home/sunxilong/work/disk4T/code/sxw0505/tools/gcc-11.1.0-20210608-sigmastar-glibc-x86_64_arm-linux-gnueabihf/bin/arm-linux-gnueabihf-gcc
COLLECT_LTO_WRAPPER=/home/sunxilong/work/disk4T/code/sxw0505/tools/gcc-11.1.0-20210608-sigmastar-glibc-x86_64_arm-linux-gnueabihf/bin/../libexec/gcc/arm-linux-gnueabihf/11.1.0/lto-wrapper
Target: arm-linux-gnueabihf
Configured with: '/home/zhangzuhuang/linaro-abe/download/build/snapshots/gcc.git~releases~gcc-11.1.0/configure' SHELL=/bin/sh --with-mpc=/home/zhangzuhuang/linaro-abe/download/build/builds/destdir/x86_64-pc-linux-gnu --with-mpfr=/home/zhangzuhuang/linaro-abe/download/build/builds/destdir/x86_64-pc-linux-gnu --with-gmp=/home/zhangzuhuang/linaro-abe/download/build/builds/destdir/x86_64-pc-linux-gnu --with-gnu-as --with-gnu-ld --disable-libmudflap --enable-lto --enable-shared --without-included-gettext --enable-nls --with-system-zlib --disable-sjlj-exceptions --enable-gnu-unique-object --enable-linker-build-id --disable-libstdcxx-pch --enable-c99 --enable-clocale=gnu --enable-libstdcxx-debug --enable-long-long --with-cloog=no --with-ppl=no --with-isl=no --disable-multilib --with-float=hard --with-fpu=neon-vfpv4 --with-mode=thumb --with-arch=armv7-a --enable-threads=posix --enable-multiarch --enable-libstdcxx-time=yes --enable-gnu-indirect-function --with-sysroot=/home/zhangzuhuang/linaro-abe/download/build/builds/destdir/x86_64-pc-linux-gnu/arm-linux-gnueabihf/libc --enable-checking=release --disable-bootstrap --enable-languages=c,c++,fortran,lto --prefix=/home/zhangzuhuang/linaro-abe/download/build/builds/destdir/x86_64-pc-linux-gnu --build=x86_64-pc-linux-gnu --host=x86_64-pc-linux-gnu --target=arm-linux-gnueabihf
Thread model: posix
Supported LTO compression algorithms: zlib
gcc version 11.1.0 (GCC) 
configure:3816: $? = 0
configure:3805: /home/sunxilong/work/disk4T/code/sxw0505/tools/gcc-11.1.0-20210608-sigmastar-glibc-x86_64_arm-linux-gnueabihf/bin/arm-linux-gnueabihf-gcc -marm -V >&5
arm-linux-gnueabihf-gcc: error: unrecognized command-line option '-V'
arm-linux-gnueabihf-gcc: fatal error: no input files
compilation terminated.
configure:3816: $? = 1
configure:3805: /home/sunxilong/work/disk4T/code/sxw0505/tools/gcc-11.1.0-20210608-sigmastar-glibc-x86_64_arm-linux-gnueabihf/bin/arm-linux-gnueabihf-gcc -marm -qversion >&5
arm-linux-gnueabihf-gcc: error: unrecognized command-line option '-qversion'; did you mean '--version'?
arm-linux-gnueabihf-gcc: fatal error: no input files
compilation terminated.
configure:3816: $? = 1
configure:3805: /home/sunxilong/work/disk4T/code/sxw0505/tools/gcc-11.1.0-20210608-sigmastar-glibc-x86_64_arm-linux-gnueabihf/bin/arm-linux-gnueabihf-gcc -marm -version >&5
arm-linux-gnueabihf-gcc: error: unrecognized command-line option '-version'
arm-linux-gnueabihf-gcc: fatal error: no input files
compilation terminated.
configure:3816: $? = 1
configure:3836: checking whether the C compiler works
configure:3858: /home/sunxilong/work/disk4T/code/sxw0505/tools/gcc-11.1.0-20210608-sigmastar-glibc-x86_64_arm-linux-gnueabihf/bin/arm-linux-gnueabihf-gcc -marm    conftest.c  >&5
configure:3862: $? = 0
configure:3912: result: yes
configure:3915: checking for C compiler default output file name
configure:3917: result: a.out
configure:3923: checking for suffix of executables
configure:3930: /home/sunxilong/work/disk4T/code/sxw0505/tools/gcc-11.1.0-20210608-sigmastar-glibc-x86_64_arm-linux-gnueabihf/bin/arm-linux-gnueabihf-gcc -marm -o conftest    conftest.c  >&5
configure:3934: $? = 0
configure:3957: result: 
configure:3979: checking whether we are cross compiling
configure:4017: result: yes
configure:4022: checking for suffix of object files
configure:4045: /home/sunxilong/work/disk4T/code/sxw0505/tools/gcc-11.1.0-20210608-sigmastar-glibc-x86_64_arm-linux-gnueabihf/bin/arm-linux-gnueabihf-gcc -marm -c   conftest.c >&5
configure:4049: $? = 0
configure:4071: result: o
configure:4075: checking whether the compiler supports GNU C
configure:4095: /home/sunxilong/work/disk4T/code/sxw0505/tools/gcc-11.1.0-20210608-sigmastar-glibc-x86_64_arm-linux-gnueabihf/bin/arm-linux-gnueabihf-gcc -marm -c   conftest.c >&5
configure:4095: $? = 0
configure:4105: result: yes
configure:4116: checking whether /home/sunxilong/work/disk4T/code/sxw0505/tools/gcc-11.1.0-20210608-sigmastar-glibc-x86_64_arm-linux-gnueabihf/bin/arm-linux-gnueabihf-gcc -marm accepts -g
configure:4137: /home/sunxilong/work/disk4T/code/sxw0505/tools/gcc-11.1.0-20210608-sigmastar-glibc-x86_64_arm-linux-gnueabihf/bin/arm-linux-gnueabihf-gcc -marm -c -g  conftest.c >&5
configure:4137: $? = 0
configure:4181: result: yes
configure:4201: checking for /home/sunxilong/work/disk4T/code/sxw0505/tools/gcc-11.1.0-20210608-sigmastar-glibc-x86_64_arm-linux-gnueabihf/bin/arm-linux-gnueabihf-gcc -marm option to enable C11 features
configure:4216: /home/sunxilong/work/disk4T/code/sxw0505/tools/gcc-11.1.0-20210608-sigmastar-glibc-x86_64_arm-linux-gnueabihf/bin/arm-linux-gnueabihf-gcc -marm  -c -g -O2  conftest.c >&5
configure:4216: $? = 0
configure:4234: result: none needed
configure:4350: checking whether /home/sunxilong/work/disk4T/code/sxw0505/tools/gcc-11.1.0-20210608-sigmastar-glibc-x86_64_arm-linux-gnueabihf/bin/arm-linux-gnueabihf-gcc -marm understands -c and -o together
configure:4373: /home/sunxilong/work/disk4T/code/sxw0505/tools/gcc-11.1.0-20210608-sigmastar-glibc-x86_64_arm-linux-gnueabihf/bin/arm-linux-gnueabihf-gcc -marm -c conftest.c -o conftest2.o
configure:4376: $? = 0
configure:4373: /home/sunxilong/work/disk4T/code/sxw0505/tools/gcc-11.1.0-20210608-sigmastar-glibc-x86_64_arm-linux-gnueabihf/bin/arm-linux-gnueabihf-gcc -marm -c conftest.c -o conftest2.o
configure:4376: $? = 0
configure:4388: result: yes
configure:4407: checking dependency style of /home/sunxilong/work/disk4T/code/sxw0505/tools/gcc-11.1.0-20210608-sigmastar-glibc-x86_64_arm-linux-gnueabihf/bin/arm-linux-gnueabihf-gcc -marm
configure:4519: result: none
configure:4539: checking for stdio.h
configure:4539: /home/sunxilong/work/disk4T/code/sxw0505/tools/gcc-11.1.0-20210608-sigmastar-glibc-x86_64_arm-linux-gnueabihf/bin/arm-linux-gnueabihf-gcc -marm -c -g -O2  conftest.c >&5
configure:4539: $? = 0
configure:4539: result: yes
configure:4539: checking for stdlib.h
configure:4539: /home/sunxilong/work/disk4T/code/sxw0505/tools/gcc-11.1.0-20210608-sigmastar-glibc-x86_64_arm-linux-gnueabihf/bin/arm-linux-gnueabihf-gcc -marm -c -g -O2  conftest.c >&5
configure:4539: $? = 0
configure:4539: result: yes
configure:4539: checking for string.h
configure:4539: /home/sunxilong/work/disk4T/code/sxw0505/tools/gcc-11.1.0-20210608-sigmastar-glibc-x86_64_arm-linux-gnueabihf/bin/arm-linux-gnueabihf-gcc -marm -c -g -O2  conftest.c >&5
configure:4539: $? = 0
configure:4539: result: yes
configure:4539: checking for inttypes.h
configure:4539: /home/sunxilong/work/disk4T/code/sxw0505/tools/gcc-11.1.0-20210608-sigmastar-glibc-x86_64_arm-linux-gnueabihf/bin/arm-linux-gnueabihf-gcc -marm -c -g -O2  conftest.c >&5
configure:4539: $? = 0
configure:4539: result: yes
configure:4539: checking for stdint.h
configure:4539: /home/sunxilong/work/disk4T/code/sxw0505/tools/gcc-11.1.0-20210608-sigmastar-glibc-x86_64_arm-linux-gnueabihf/bin/arm-linux-gnueabihf-gcc -marm -c -g -O2  conftest.c >&5
configure:4539: $? = 0
configure:4539: result: yes
configure:4539: checking for strings.h
configure:4539: /home/sunxilong/work/disk4T/code/sxw0505/tools/gcc-11.1.0-20210608-sigmastar-glibc-x86_64_arm-linux-gnueabihf/bin/arm-linux-gnueabihf-gcc -marm -c -g -O2  conftest.c >&5
configure:4539: $? = 0
configure:4539: result: yes
configure:4539: checking for sys/stat.h
configure:4539: /home/sunxilong/work/disk4T/code/sxw0505/tools/gcc-11.1.0-20210608-sigmastar-glibc-x86_64_arm-linux-gnueabihf/bin/arm-linux-gnueabihf-gcc -marm -c -g -O2  conftest.c >&5
configure:4539: $? = 0
configure:4539: result: yes
configure:4539: checking for sys/types.h
configure:4539: /home/sunxilong/work/disk4T/code/sxw0505/tools/gcc-11.1.0-20210608-sigmastar-glibc-x86_64_arm-linux-gnueabihf/bin/arm-linux-gnueabihf-gcc -marm -c -g -O2  conftest.c >&5
configure:4539: $? = 0
configure:4539: result: yes
configure:4539: checking for unistd.h
configure:4539: /home/sunxilong/work/disk4T/code/sxw0505/tools/gcc-11.1.0-20210608-sigmastar-glibc-x86_64_arm-linux-gnueabihf/bin/arm-linux-gnueabihf-gcc -marm -c -g -O2  conftest.c >&5
configure:4539: $? = 0
configure:4539: result: yes
configure:4539: checking for wchar.h
configure:4539: /home/sunxilong/work/disk4T/code/sxw0505/tools/gcc-11.1.0-20210608-sigmastar-glibc-x86_64_arm-linux-gnueabihf/bin/arm-linux-gnueabihf-gcc -marm -c -g -O2  conftest.c >&5
configure:4539: $? = 0
configure:4539: result: yes
configure:4539: checking for minix/config.h
configure:4539: /home/sunxilong/work/disk4T/code/sxw0505/tools/gcc-11.1.0-20210608-sigmastar-glibc-x86_64_arm-linux-gnueabihf/bin/arm-linux-gnueabihf-gcc -marm -c -g -O2  conftest.c >&5
conftest.c:49:10: fatal error: minix/config.h: No such file or directory
   49 | #include <minix/config.h>
      |          ^~~~~~~~~~~~~~~~
compilation terminated.
configure:4539: $? = 1
configure: failed program was:
| /* confdefs.h */
| #define PACKAGE_NAME "libmd"
| #define PACKAGE_TARNAME "libmd"
| #define PACKAGE_VERSION "1.0.4"
| #define PACKAGE_STRING "libmd 1.0.4"
| #define PACKAGE_BUGREPORT "libbsd@lists.freedesktop.org"
| #define PACKAGE_URL ""
| #define PACKAGE "libmd"
| #define VERSION "1.0.4"
| #define HAVE_STDIO_H 1
| #define HAVE_STDLIB_H 1
| #define HAVE_STRING_H 1
| #define HAVE_INTTYPES_H 1
| #define HAVE_STDINT_H 1
| #define HAVE_STRINGS_H 1
| #define HAVE_SYS_STAT_H 1
| #define HAVE_SYS_TYPES_H 1
| #define HAVE_UNISTD_H 1
| #define HAVE_WCHAR_H 1
| /* end confdefs.h.  */
| #include <stddef.h>
| #ifdef HAVE_STDIO_H
| # include <stdio.h>
| #endif
| #ifdef HAVE_STDLIB_H
| # include <stdlib.h>
| #endif
| #ifdef HAVE_STRING_H
| # include <string.h>
| #endif
| #ifdef HAVE_INTTYPES_H
| # include <inttypes.h>
| #endif
| #ifdef HAVE_STDINT_H
| # include <stdint.h>
| #endif
| #ifdef HAVE_STRINGS_H
| # include <strings.h>
| #endif
| #ifdef HAVE_SYS_TYPES_H
| # include <sys/types.h>
| #endif
| #ifdef HAVE_SYS_STAT_H
| # include <sys/stat.h>
| #endif
| #ifdef HAVE_UNISTD_H
| # include <unistd.h>
| #endif
| #include <minix/config.h>
configure:4539: result: no
configure:4570: checking whether it is safe to define __EXTENSIONS__
configure:4589: /home/sunxilong/work/disk4T/code/sxw0505/tools/gcc-11.1.0-20210608-sigmastar-glibc-x86_64_arm-linux-gnueabihf/bin/arm-linux-gnueabihf-gcc -marm -c -g -O2  conftest.c >&5
configure:4589: $? = 0
configure:4597: result: yes
configure:4600: checking whether _XOPEN_SOURCE should be defined
configure:4622: /home/sunxilong/work/disk4T/code/sxw0505/tools/gcc-11.1.0-20210608-sigmastar-glibc-x86_64_arm-linux-gnueabihf/bin/arm-linux-gnueabihf-gcc -marm -c -g -O2  conftest.c >&5
configure:4622: $? = 0
configure:4649: result: no
configure:4713: checking for special C compiler options needed for large files
configure:4761: result: no
configure:4767: checking for _FILE_OFFSET_BITS value needed for large files
configure:4793: /home/sunxilong/work/disk4T/code/sxw0505/tools/gcc-11.1.0-20210608-sigmastar-glibc-x86_64_arm-linux-gnueabihf/bin/arm-linux-gnueabihf-gcc -marm -c -g -O2  conftest.c >&5
conftest.c:43:39: warning: result of '-2147483648 << 31' requires 63 bits to represent, but 'long int' only has 32 bits [-Wshift-overflow=]
   43 | #define LARGE_OFF_T (((off_t) 1 << 31 << 31) - 1 + ((off_t) 1 << 31 << 31))
      |                                       ^~
conftest.c:44:23: note: in expansion of macro 'LARGE_OFF_T'
   44 |   int off_t_is_large[(LARGE_OFF_T % 2147483629 == 721
      |                       ^~~~~~~~~~~
conftest.c:43:69: warning: result of '-2147483648 << 31' requires 63 bits to represent, but 'long int' only has 32 bits [-Wshift-overflow=]
   43 | #define LARGE_OFF_T (((off_t) 1 << 31 << 31) - 1 + ((off_t) 1 << 31 << 31))
      |                                                                     ^~
conftest.c:44:23: note: in expansion of macro 'LARGE_OFF_T'
   44 |   int off_t_is_large[(LARGE_OFF_T % 2147483629 == 721
      |                       ^~~~~~~~~~~
conftest.c:43:39: warning: result of '-2147483648 << 31' requires 63 bits to represent, but 'long int' only has 32 bits [-Wshift-overflow=]
   43 | #define LARGE_OFF_T (((off_t) 1 << 31 << 31) - 1 + ((off_t) 1 << 31 << 31))
      |                                       ^~
conftest.c:45:27: note: in expansion of macro 'LARGE_OFF_T'
   45 |                        && LARGE_OFF_T % 2147483647 == 1)
      |                           ^~~~~~~~~~~
conftest.c:43:69: warning: result of '-2147483648 << 31' requires 63 bits to represent, but 'long int' only has 32 bits [-Wshift-overflow=]
   43 | #define LARGE_OFF_T (((off_t) 1 << 31 << 31) - 1 + ((off_t) 1 << 31 << 31))
      |                                                                     ^~
conftest.c:45:27: note: in expansion of macro 'LARGE_OFF_T'
   45 |                        && LARGE_OFF_T % 2147483647 == 1)
      |                           ^~~~~~~~~~~
conftest.c:44:7: error: variably modified 'off_t_is_large' at file scope
   44 |   int off_t_is_large[(LARGE_OFF_T % 2147483629 == 721
      |       ^~~~~~~~~~~~~~
configure:4793: $? = 1
configure: failed program was:
| /* confdefs.h */
| #define PACKAGE_NAME "libmd"
| #define PACKAGE_TARNAME "libmd"
| #define PACKAGE_VERSION "1.0.4"
| #define PACKAGE_STRING "libmd 1.0.4"
| #define PACKAGE_BUGREPORT "libbsd@lists.freedesktop.org"
| #define PACKAGE_URL ""
| #define PACKAGE "libmd"
| #define VERSION "1.0.4"
| #define HAVE_STDIO_H 1
| #define HAVE_STDLIB_H 1
| #define HAVE_STRING_H 1
| #define HAVE_INTTYPES_H 1
| #define HAVE_STDINT_H 1
| #define HAVE_STRINGS_H 1
| #define HAVE_SYS_STAT_H 1
| #define HAVE_SYS_TYPES_H 1
| #define HAVE_UNISTD_H 1
| #define HAVE_WCHAR_H 1
| #define STDC_HEADERS 1
| #define _ALL_SOURCE 1
| #define _DARWIN_C_SOURCE 1
| #define _GNU_SOURCE 1
| #define _HPUX_ALT_XOPEN_SOCKET_API 1
| #define _NETBSD_SOURCE 1
| #define _OPENBSD_SOURCE 1
| #define _POSIX_PTHREAD_SEMANTICS 1
| #define __STDC_WANT_IEC_60559_ATTRIBS_EXT__ 1
| #define __STDC_WANT_IEC_60559_BFP_EXT__ 1
| #define __STDC_WANT_IEC_60559_DFP_EXT__ 1
| #define __STDC_WANT_IEC_60559_FUNCS_EXT__ 1
| #define __STDC_WANT_IEC_60559_TYPES_EXT__ 1
| #define __STDC_WANT_LIB_EXT2__ 1
| #define __STDC_WANT_MATH_SPEC_FUNCS__ 1
| #define _TANDEM_SOURCE 1
| #define __EXTENSIONS__ 1
| /* end confdefs.h.  */
| #include <sys/types.h>
|  /* Check that off_t can represent 2**63 - 1 correctly.
|     We can't simply define LARGE_OFF_T to be 9223372036854775807,
|     since some C++ compilers masquerading as C compilers
|     incorrectly reject 9223372036854775807.  */
| #define LARGE_OFF_T (((off_t) 1 << 31 << 31) - 1 + ((off_t) 1 << 31 << 31))
|   int off_t_is_large[(LARGE_OFF_T % 2147483629 == 721
| 		       && LARGE_OFF_T % 2147483647 == 1)
| 		      ? 1 : -1];
| int
| main (void)
| {
| 
|   ;
|   return 0;
| }
configure:4818: /home/sunxilong/work/disk4T/code/sxw0505/tools/gcc-11.1.0-20210608-sigmastar-glibc-x86_64_arm-linux-gnueabihf/bin/arm-linux-gnueabihf-gcc -marm -c -g -O2  conftest.c >&5
configure:4818: $? = 0
configure:4827: result: 64
configure:4916: checking for arm-linux-gnueabihf-ar
configure:4948: result: /home/sunxilong/work/disk4T/code/sxw0505/tools/gcc-11.1.0-20210608-sigmastar-glibc-x86_64_arm-linux-gnueabihf/bin/arm-linux-gnueabihf-ar
configure:5023: checking the archiver (/home/sunxilong/work/disk4T/code/sxw0505/tools/gcc-11.1.0-20210608-sigmastar-glibc-x86_64_arm-linux-gnueabihf/bin/arm-linux-gnueabihf-ar) interface
configure:5040: /home/sunxilong/work/disk4T/code/sxw0505/tools/gcc-11.1.0-20210608-sigmastar-glibc-x86_64_arm-linux-gnueabihf/bin/arm-linux-gnueabihf-gcc -marm -c -g -O2  conftest.c >&5
configure:5040: $? = 0
configure:5043: /home/sunxilong/work/disk4T/code/sxw0505/tools/gcc-11.1.0-20210608-sigmastar-glibc-x86_64_arm-linux-gnueabihf/bin/arm-linux-gnueabihf-ar cru libconftest.a conftest.o >&5
configure:5046: $? = 0
configure:5045: result: ar
configure:5097: checking build system type
configure:5112: result: x86_64-pc-linux-gnu
configure:5132: checking host system type
configure:5146: result: arm-unknown-linux-gnueabihf
configure:5187: checking how to print strings
configure:5214: result: printf
configure:5235: checking for a sed that does not truncate output
configure:5305: result: /usr/bin/sed
configure:5323: checking for grep that handles long lines and -e
configure:5387: result: /usr/bin/grep
configure:5392: checking for egrep
configure:5460: result: /usr/bin/grep -E
configure:5465: checking for fgrep
configure:5533: result: /usr/bin/grep -F
configure:5569: checking for ld used by /home/sunxilong/work/disk4T/code/sxw0505/tools/gcc-11.1.0-20210608-sigmastar-glibc-x86_64_arm-linux-gnueabihf/bin/arm-linux-gnueabihf-gcc -marm
configure:5637: result: /home/sunxilong/work/disk4T/code/sxw0505/tools/gcc-11.1.0-20210608-sigmastar-glibc-x86_64_arm-linux-gnueabihf/arm-linux-gnueabihf/bin/ld
configure:5644: checking if the linker (/home/sunxilong/work/disk4T/code/sxw0505/tools/gcc-11.1.0-20210608-sigmastar-glibc-x86_64_arm-linux-gnueabihf/arm-linux-gnueabihf/bin/ld) is GNU ld
configure:5660: result: yes
configure:5672: checking for BSD- or MS-compatible name lister (nm)
configure:5727: result: no
configure:5741: checking for arm-linux-gnueabihf-dumpbin
configure:5776: result: no
configure:5741: checking for arm-linux-gnueabihf-link
configure:5776: result: no
configure:5790: checking for dumpbin
configure:5825: result: no
configure:5790: checking for link
configure:5811: found /usr/bin/link
configure:5822: result: link -dump
configure:5867: checking the name lister (nm) interface
configure:5875: /home/sunxilong/work/disk4T/code/sxw0505/tools/gcc-11.1.0-20210608-sigmastar-glibc-x86_64_arm-linux-gnueabihf/bin/arm-linux-gnueabihf-gcc -marm -c -g -O2  conftest.c >&5
configure:5878: nm "conftest.o"
configure:5881: output
00000000 b $d
00000000 B some_variable
configure:5882: result: BSD nm
configure:5885: checking whether ln -s works
configure:5889: result: yes
configure:5897: checking the maximum length of command line arguments
configure:6029: result: 1572864
configure:6077: checking how to convert x86_64-pc-linux-gnu file names to arm-unknown-linux-gnueabihf format
configure:6118: result: func_convert_file_noop
configure:6125: checking how to convert x86_64-pc-linux-gnu file names to toolchain format
configure:6146: result: func_convert_file_noop
configure:6153: checking for /home/sunxilong/work/disk4T/code/sxw0505/tools/gcc-11.1.0-20210608-sigmastar-glibc-x86_64_arm-linux-gnueabihf/arm-linux-gnueabihf/bin/ld option to reload object files
configure:6161: result: -r
configure:6195: checking for arm-linux-gnueabihf-objdump
configure:6230: result: no
configure:6240: checking for objdump
configure:6261: found /usr/bin/objdump
configure:6272: result: objdump
configure:6304: checking how to recognize dependent libraries
configure:6505: result: pass_all
configure:6550: checking for arm-linux-gnueabihf-dlltool
configure:6585: result: no
configure:6595: checking for dlltool
configure:6630: result: no
configure:6660: checking how to associate runtime and link libraries
configure:6688: result: printf %s\n
configure:6704: checking for arm-linux-gnueabihf-ar
configure:6736: result: /home/sunxilong/work/disk4T/code/sxw0505/tools/gcc-11.1.0-20210608-sigmastar-glibc-x86_64_arm-linux-gnueabihf/bin/arm-linux-gnueabihf-ar
configure:6822: checking for archiver @FILE support
configure:6840: /home/sunxilong/work/disk4T/code/sxw0505/tools/gcc-11.1.0-20210608-sigmastar-glibc-x86_64_arm-linux-gnueabihf/bin/arm-linux-gnueabihf-gcc -marm -c -g -O2  conftest.c >&5
configure:6840: $? = 0
configure:6844: /home/sunxilong/work/disk4T/code/sxw0505/tools/gcc-11.1.0-20210608-sigmastar-glibc-x86_64_arm-linux-gnueabihf/bin/arm-linux-gnueabihf-ar cr libconftest.a @conftest.lst >&5
configure:6847: $? = 0
configure:6852: /home/sunxilong/work/disk4T/code/sxw0505/tools/gcc-11.1.0-20210608-sigmastar-glibc-x86_64_arm-linux-gnueabihf/bin/arm-linux-gnueabihf-ar cr libconftest.a @conftest.lst >&5
/home/sunxilong/work/disk4T/code/sxw0505/tools/gcc-11.1.0-20210608-sigmastar-glibc-x86_64_arm-linux-gnueabihf/bin/arm-linux-gnueabihf-ar: conftest.o: No such file or directory
configure:6855: $? = 1
configure:6854: result: @
configure:6872: checking for arm-linux-gnueabihf-strip
configure:6904: result: strip
configure:6981: checking for arm-linux-gnueabihf-ranlib
configure:7013: result: /home/sunxilong/work/disk4T/code/sxw0505/tools/gcc-11.1.0-20210608-sigmastar-glibc-x86_64_arm-linux-gnueabihf/bin/arm-linux-gnueabihf-ranlib
configure:7160: checking command to parse nm output from /home/sunxilong/work/disk4T/code/sxw0505/tools/gcc-11.1.0-20210608-sigmastar-glibc-x86_64_arm-linux-gnueabihf/bin/arm-linux-gnueabihf-gcc -marm object
configure:7314: /home/sunxilong/work/disk4T/code/sxw0505/tools/gcc-11.1.0-20210608-sigmastar-glibc-x86_64_arm-linux-gnueabihf/bin/arm-linux-gnueabihf-gcc -marm -c -g -O2  conftest.c >&5
configure:7317: $? = 0
configure:7321: nm conftest.o | sed -n -e 's/^.*[	 ]\([ABCDGIRSTW][ABCDGIRSTW]*\)[	 ][	 ]*\([_A-Za-z][_A-Za-z0-9]*\)$/\1 \2 \2/p' | sed '/ __gnu_lto/d' > conftest.nm
configure:7387: /home/sunxilong/work/disk4T/code/sxw0505/tools/gcc-11.1.0-20210608-sigmastar-glibc-x86_64_arm-linux-gnueabihf/bin/arm-linux-gnueabihf-gcc -marm -o conftest -g -O2   conftest.c conftstm.o >&5
configure:7390: $? = 0
configure:7428: result: ok
configure:7475: checking for sysroot
configure:7506: result: no
configure:7513: checking for a working dd
configure:7557: result: /usr/bin/dd
configure:7561: checking how to truncate binary pipes
configure:7577: result: /usr/bin/dd bs=4096 count=1
configure:7869: checking for arm-linux-gnueabihf-mt
configure:7904: result: no
configure:7914: checking for mt
configure:7935: found /usr/bin/mt
configure:7946: result: mt
configure:7969: checking if mt is a manifest tool
configure:7976: mt '-?'
configure:7984: result: no
configure:8710: checking for dlfcn.h
configure:8710: /home/sunxilong/work/disk4T/code/sxw0505/tools/gcc-11.1.0-20210608-sigmastar-glibc-x86_64_arm-linux-gnueabihf/bin/arm-linux-gnueabihf-gcc -marm -c -g -O2  conftest.c >&5
configure:8710: $? = 0
configure:8710: result: yes
configure:8969: checking for objdir
configure:8985: result: .libs
configure:9249: checking if /home/sunxilong/work/disk4T/code/sxw0505/tools/gcc-11.1.0-20210608-sigmastar-glibc-x86_64_arm-linux-gnueabihf/bin/arm-linux-gnueabihf-gcc -marm supports -fno-rtti -fno-exceptions
configure:9268: /home/sunxilong/work/disk4T/code/sxw0505/tools/gcc-11.1.0-20210608-sigmastar-glibc-x86_64_arm-linux-gnueabihf/bin/arm-linux-gnueabihf-gcc -marm -c -g -O2  -fno-rtti -fno-exceptions conftest.c >&5
cc1: warning: command-line option '-fno-rtti' is valid for C++/D/ObjC++ but not for C
configure:9272: $? = 0
configure:9285: result: no
configure:9649: checking for /home/sunxilong/work/disk4T/code/sxw0505/tools/gcc-11.1.0-20210608-sigmastar-glibc-x86_64_arm-linux-gnueabihf/bin/arm-linux-gnueabihf-gcc -marm option to produce PIC
configure:9657: result: -fPIC -DPIC
configure:9665: checking if /home/sunxilong/work/disk4T/code/sxw0505/tools/gcc-11.1.0-20210608-sigmastar-glibc-x86_64_arm-linux-gnueabihf/bin/arm-linux-gnueabihf-gcc -marm PIC flag -fPIC -DPIC works
configure:9684: /home/sunxilong/work/disk4T/code/sxw0505/tools/gcc-11.1.0-20210608-sigmastar-glibc-x86_64_arm-linux-gnueabihf/bin/arm-linux-gnueabihf-gcc -marm -c -g -O2  -fPIC -DPIC -DPIC conftest.c >&5
configure:9688: $? = 0
configure:9701: result: yes
configure:9730: checking if /home/sunxilong/work/disk4T/code/sxw0505/tools/gcc-11.1.0-20210608-sigmastar-glibc-x86_64_arm-linux-gnueabihf/bin/arm-linux-gnueabihf-gcc -marm static flag -static works
configure:9759: result: yes
configure:9774: checking if /home/sunxilong/work/disk4T/code/sxw0505/tools/gcc-11.1.0-20210608-sigmastar-glibc-x86_64_arm-linux-gnueabihf/bin/arm-linux-gnueabihf-gcc -marm supports -c -o file.o
configure:9796: /home/sunxilong/work/disk4T/code/sxw0505/tools/gcc-11.1.0-20210608-sigmastar-glibc-x86_64_arm-linux-gnueabihf/bin/arm-linux-gnueabihf-gcc -marm -c -g -O2  -o out/conftest2.o conftest.c >&5
configure:9800: $? = 0
configure:9822: result: yes
configure:9830: checking if /home/sunxilong/work/disk4T/code/sxw0505/tools/gcc-11.1.0-20210608-sigmastar-glibc-x86_64_arm-linux-gnueabihf/bin/arm-linux-gnueabihf-gcc -marm supports -c -o file.o
configure:9878: result: yes
configure:9911: checking whether the /home/sunxilong/work/disk4T/code/sxw0505/tools/gcc-11.1.0-20210608-sigmastar-glibc-x86_64_arm-linux-gnueabihf/bin/arm-linux-gnueabihf-gcc -marm linker (/home/sunxilong/work/disk4T/code/sxw0505/tools/gcc-11.1.0-20210608-sigmastar-glibc-x86_64_arm-linux-gnueabihf/arm-linux-gnueabihf/bin/ld) supports shared libraries
configure:11181: result: yes
configure:11422: checking dynamic linker characteristics
configure:12004: /home/sunxilong/work/disk4T/code/sxw0505/tools/gcc-11.1.0-20210608-sigmastar-glibc-x86_64_arm-linux-gnueabihf/bin/arm-linux-gnueabihf-gcc -marm -o conftest -g -O2   -Wl,-rpath -Wl,/foo conftest.c  >&5
configure:12004: $? = 0
configure:12255: result: GNU/Linux ld.so
configure:12377: checking how to hardcode library paths into programs
configure:12402: result: immediate
configure:12954: checking whether stripping libraries is possible
configure:12959: result: yes
configure:12994: checking if libtool supports shared libraries
configure:12996: result: yes
configure:12999: checking whether to build shared libraries
configure:13024: result: no
configure:13027: checking whether to build static libraries
configure:13031: result: yes
configure:9829: checking for --version-script linker flag
configure:9852: /home/sunxilong/work/disk4T/code/sxw0505/tools/gcc-11.1.0-20210608-sigmastar-glibc-x86_64_arm-linux-gnueabihf/bin/arm-linux-gnueabihf-gcc -marm -o conftest -g -O2   -Wl,--version-script=conftest.map conftest.c  >&5
configure:9852: $? = 0
configure:9868: result: yes
configure:9881: checking for a sed that does not truncate output
configure:9951: result: /usr/bin/sed
configure:9964: checking for arm-linux-gnueabihf-gcc
configure:9996: result: /home/sunxilong/work/disk4T/code/sxw0505/tools/gcc-11.1.0-20210608-sigmastar-glibc-x86_64_arm-linux-gnueabihf/bin/arm-linux-gnueabihf-gcc -marm
configure:10394: checking for C compiler version
configure:10403: /home/sunxilong/work/disk4T/code/sxw0505/tools/gcc-11.1.0-20210608-sigmastar-glibc-x86_64_arm-linux-gnueabihf/bin/arm-linux-gnueabihf-gcc -marm --version >&5
arm-linux-gnueabihf-gcc (GCC) 11.1.0
Copyright (C) 2021 Free Software Foundation, Inc.
This is free software; see the source for copying conditions.  There is NO
warranty; not even for MERCHANTABILITY or FITNESS FOR A PARTICULAR PURPOSE.

configure:10414: $? = 0
configure:10403: /home/sunxilong/work/disk4T/code/sxw0505/tools/gcc-11.1.0-20210608-sigmastar-glibc-x86_64_arm-linux-gnueabihf/bin/arm-linux-gnueabihf-gcc -marm -v >&5
Using built-in specs.
COLLECT_GCC=/home/sunxilong/work/disk4T/code/sxw0505/tools/gcc-11.1.0-20210608-sigmastar-glibc-x86_64_arm-linux-gnueabihf/bin/arm-linux-gnueabihf-gcc
COLLECT_LTO_WRAPPER=/home/sunxilong/work/disk4T/code/sxw0505/tools/gcc-11.1.0-20210608-sigmastar-glibc-x86_64_arm-linux-gnueabihf/bin/../libexec/gcc/arm-linux-gnueabihf/11.1.0/lto-wrapper
Target: arm-linux-gnueabihf
Configured with: '/home/zhangzuhuang/linaro-abe/download/build/snapshots/gcc.git~releases~gcc-11.1.0/configure' SHELL=/bin/sh --with-mpc=/home/zhangzuhuang/linaro-abe/download/build/builds/destdir/x86_64-pc-linux-gnu --with-mpfr=/home/zhangzuhuang/linaro-abe/download/build/builds/destdir/x86_64-pc-linux-gnu --with-gmp=/home/zhangzuhuang/linaro-abe/download/build/builds/destdir/x86_64-pc-linux-gnu --with-gnu-as --with-gnu-ld --disable-libmudflap --enable-lto --enable-shared --without-included-gettext --enable-nls --with-system-zlib --disable-sjlj-exceptions --enable-gnu-unique-object --enable-linker-build-id --disable-libstdcxx-pch --enable-c99 --enable-clocale=gnu --enable-libstdcxx-debug --enable-long-long --with-cloog=no --with-ppl=no --with-isl=no --disable-multilib --with-float=hard --with-fpu=neon-vfpv4 --with-mode=thumb --with-arch=armv7-a --enable-threads=posix --enable-multiarch --enable-libstdcxx-time=yes --enable-gnu-indirect-function --with-sysroot=/home/zhangzuhuang/linaro-abe/download/build/builds/destdir/x86_64-pc-linux-gnu/arm-linux-gnueabihf/libc --enable-checking=release --disable-bootstrap --enable-languages=c,c++,fortran,lto --prefix=/home/zhangzuhuang/linaro-abe/download/build/builds/destdir/x86_64-pc-linux-gnu --build=x86_64-pc-linux-gnu --host=x86_64-pc-linux-gnu --target=arm-linux-gnueabihf
Thread model: posix
Supported LTO compression algorithms: zlib
gcc version 11.1.0 (GCC) 
configure:10414: $? = 0
configure:10403: /home/sunxilong/work/disk4T/code/sxw0505/tools/gcc-11.1.0-20210608-sigmastar-glibc-x86_64_arm-linux-gnueabihf/bin/arm-linux-gnueabihf-gcc -marm -V >&5
arm-linux-gnueabihf-gcc: error: unrecognized command-line option '-V'
arm-linux-gnueabihf-gcc: fatal error: no input files
compilation terminated.
configure:10414: $? = 1
configure:10403: /home/sunxilong/work/disk4T/code/sxw0505/tools/gcc-11.1.0-20210608-sigmastar-glibc-x86_64_arm-linux-gnueabihf/bin/arm-linux-gnueabihf-gcc -marm -qversion >&5
arm-linux-gnueabihf-gcc: error: unrecognized command-line option '-qversion'; did you mean '--version'?
arm-linux-gnueabihf-gcc: fatal error: no input files
compilation terminated.
configure:10414: $? = 1
configure:10403: /home/sunxilong/work/disk4T/code/sxw0505/tools/gcc-11.1.0-20210608-sigmastar-glibc-x86_64_arm-linux-gnueabihf/bin/arm-linux-gnueabihf-gcc -marm -version >&5
arm-linux-gnueabihf-gcc: error: unrecognized command-line option '-version'
arm-linux-gnueabihf-gcc: fatal error: no input files
compilation terminated.
configure:10414: $? = 1
configure:10418: checking whether the compiler supports GNU C
configure:10448: result: yes
configure:10459: checking whether /home/sunxilong/work/disk4T/code/sxw0505/tools/gcc-11.1.0-20210608-sigmastar-glibc-x86_64_arm-linux-gnueabihf/bin/arm-linux-gnueabihf-gcc -marm accepts -g
configure:10524: result: yes
configure:10544: checking for /home/sunxilong/work/disk4T/code/sxw0505/tools/gcc-11.1.0-20210608-sigmastar-glibc-x86_64_arm-linux-gnueabihf/bin/arm-linux-gnueabihf-gcc -marm option to enable C11 features
configure:10577: result: none needed
configure:10693: checking whether /home/sunxilong/work/disk4T/code/sxw0505/tools/gcc-11.1.0-20210608-sigmastar-glibc-x86_64_arm-linux-gnueabihf/bin/arm-linux-gnueabihf-gcc -marm understands -c and -o together
configure:10731: result: yes
configure:10750: checking dependency style of /home/sunxilong/work/disk4T/code/sxw0505/tools/gcc-11.1.0-20210608-sigmastar-glibc-x86_64_arm-linux-gnueabihf/bin/arm-linux-gnueabihf-gcc -marm
configure:10862: result: none
configure:10884: checking whether /home/sunxilong/work/disk4T/code/sxw0505/tools/gcc-11.1.0-20210608-sigmastar-glibc-x86_64_arm-linux-gnueabihf/bin/arm-linux-gnueabihf-gcc -marm accepts -Wall
configure:10900: /home/sunxilong/work/disk4T/code/sxw0505/tools/gcc-11.1.0-20210608-sigmastar-glibc-x86_64_arm-linux-gnueabihf/bin/arm-linux-gnueabihf-gcc -marm -c -Werror -Wall  conftest.c >&5
configure:10900: $? = 0
configure:10914: result: yes
configure:10926: checking whether /home/sunxilong/work/disk4T/code/sxw0505/tools/gcc-11.1.0-20210608-sigmastar-glibc-x86_64_arm-linux-gnueabihf/bin/arm-linux-gnueabihf-gcc -marm accepts -Wextra
configure:10942: /home/sunxilong/work/disk4T/code/sxw0505/tools/gcc-11.1.0-20210608-sigmastar-glibc-x86_64_arm-linux-gnueabihf/bin/arm-linux-gnueabihf-gcc -marm -c -Werror -Wextra  conftest.c >&5
configure:10942: $? = 0
configure:10956: result: yes
configure:10969: checking whether /home/sunxilong/work/disk4T/code/sxw0505/tools/gcc-11.1.0-20210608-sigmastar-glibc-x86_64_arm-linux-gnueabihf/bin/arm-linux-gnueabihf-gcc -marm accepts -Wbad-function-cast
configure:10985: /home/sunxilong/work/disk4T/code/sxw0505/tools/gcc-11.1.0-20210608-sigmastar-glibc-x86_64_arm-linux-gnueabihf/bin/arm-linux-gnueabihf-gcc -marm -c -Werror -Wbad-function-cast  conftest.c >&5
configure:10985: $? = 0
configure:10999: result: yes
configure:11011: checking whether /home/sunxilong/work/disk4T/code/sxw0505/tools/gcc-11.1.0-20210608-sigmastar-glibc-x86_64_arm-linux-gnueabihf/bin/arm-linux-gnueabihf-gcc -marm accepts -Wc99-c11-compat
configure:11027: /home/sunxilong/work/disk4T/code/sxw0505/tools/gcc-11.1.0-20210608-sigmastar-glibc-x86_64_arm-linux-gnueabihf/bin/arm-linux-gnueabihf-gcc -marm -c -Werror -Wc99-c11-compat  conftest.c >&5
configure:11027: $? = 0
configure:11041: result: yes
configure:11053: checking whether /home/sunxilong/work/disk4T/code/sxw0505/tools/gcc-11.1.0-20210608-sigmastar-glibc-x86_64_arm-linux-gnueabihf/bin/arm-linux-gnueabihf-gcc -marm accepts -Wcast-align
configure:11069: /home/sunxilong/work/disk4T/code/sxw0505/tools/gcc-11.1.0-20210608-sigmastar-glibc-x86_64_arm-linux-gnueabihf/bin/arm-linux-gnueabihf-gcc -marm -c -Werror -Wcast-align  conftest.c >&5
configure:11069: $? = 0
configure:11083: result: yes
configure:11095: checking whether /home/sunxilong/work/disk4T/code/sxw0505/tools/gcc-11.1.0-20210608-sigmastar-glibc-x86_64_arm-linux-gnueabihf/bin/arm-linux-gnueabihf-gcc -marm accepts -Wdeclaration-after-statement
configure:11111: /home/sunxilong/work/disk4T/code/sxw0505/tools/gcc-11.1.0-20210608-sigmastar-glibc-x86_64_arm-linux-gnueabihf/bin/arm-linux-gnueabihf-gcc -marm -c -Werror -Wdeclaration-after-statement  conftest.c >&5
configure:11111: $? = 0
configure:11125: result: yes
configure:11137: checking whether /home/sunxilong/work/disk4T/code/sxw0505/tools/gcc-11.1.0-20210608-sigmastar-glibc-x86_64_arm-linux-gnueabihf/bin/arm-linux-gnueabihf-gcc -marm accepts -Wdocumentation
configure:11153: /home/sunxilong/work/disk4T/code/sxw0505/tools/gcc-11.1.0-20210608-sigmastar-glibc-x86_64_arm-linux-gnueabihf/bin/arm-linux-gnueabihf-gcc -marm -c -Werror -Wdocumentation  conftest.c >&5
arm-linux-gnueabihf-gcc: error: unrecognized command-line option '-Wdocumentation'
configure:11153: $? = 1
configure: failed program was:
| /* confdefs.h */
| #define PACKAGE_NAME "libmd"
| #define PACKAGE_TARNAME "libmd"
| #define PACKAGE_VERSION "1.0.4"
| #define PACKAGE_STRING "libmd 1.0.4"
| #define PACKAGE_BUGREPORT "libbsd@lists.freedesktop.org"
| #define PACKAGE_URL ""
| #define PACKAGE "libmd"
| #define VERSION "1.0.4"
| #define HAVE_STDIO_H 1
| #define HAVE_STDLIB_H 1
| #define HAVE_STRING_H 1
| #define HAVE_INTTYPES_H 1
| #define HAVE_STDINT_H 1
| #define HAVE_STRINGS_H 1
| #define HAVE_SYS_STAT_H 1
| #define HAVE_SYS_TYPES_H 1
| #define HAVE_UNISTD_H 1
| #define HAVE_WCHAR_H 1
| #define STDC_HEADERS 1
| #define _ALL_SOURCE 1
| #define _DARWIN_C_SOURCE 1
| #define _GNU_SOURCE 1
| #define _HPUX_ALT_XOPEN_SOCKET_API 1
| #define _NETBSD_SOURCE 1
| #define _OPENBSD_SOURCE 1
| #define _POSIX_PTHREAD_SEMANTICS 1
| #define __STDC_WANT_IEC_60559_ATTRIBS_EXT__ 1
| #define __STDC_WANT_IEC_60559_BFP_EXT__ 1
| #define __STDC_WANT_IEC_60559_DFP_EXT__ 1
| #define __STDC_WANT_IEC_60559_FUNCS_EXT__ 1
| #define __STDC_WANT_IEC_60559_TYPES_EXT__ 1
| #define __STDC_WANT_LIB_EXT2__ 1
| #define __STDC_WANT_MATH_SPEC_FUNCS__ 1
| #define _TANDEM_SOURCE 1
| #define __EXTENSIONS__ 1
| #define _FILE_OFFSET_BITS 64
| #define HAVE_DLFCN_H 1
| #define LT_OBJDIR ".libs/"
| /* end confdefs.h.  */
| 
| 
| 
configure:11167: result: no
configure:11179: checking whether /home/sunxilong/work/disk4T/code/sxw0505/tools/gcc-11.1.0-20210608-sigmastar-glibc-x86_64_arm-linux-gnueabihf/bin/arm-linux-gnueabihf-gcc -marm accepts -Wduplicated-branches
configure:11195: /home/sunxilong/work/disk4T/code/sxw0505/tools/gcc-11.1.0-20210608-sigmastar-glibc-x86_64_arm-linux-gnueabihf/bin/arm-linux-gnueabihf-gcc -marm -c -Werror -Wduplicated-branches  conftest.c >&5
configure:11195: $? = 0
configure:11209: result: yes
configure:11221: checking whether /home/sunxilong/work/disk4T/code/sxw0505/tools/gcc-11.1.0-20210608-sigmastar-glibc-x86_64_arm-linux-gnueabihf/bin/arm-linux-gnueabihf-gcc -marm accepts -Wduplicated-cond
configure:11237: /home/sunxilong/work/disk4T/code/sxw0505/tools/gcc-11.1.0-20210608-sigmastar-glibc-x86_64_arm-linux-gnueabihf/bin/arm-linux-gnueabihf-gcc -marm -c -Werror -Wduplicated-cond  conftest.c >&5
configure:11237: $? = 0
configure:11251: result: yes
configure:11263: checking whether /home/sunxilong/work/disk4T/code/sxw0505/tools/gcc-11.1.0-20210608-sigmastar-glibc-x86_64_arm-linux-gnueabihf/bin/arm-linux-gnueabihf-gcc -marm accepts -Wformat -Wformat-security
configure:11279: /home/sunxilong/work/disk4T/code/sxw0505/tools/gcc-11.1.0-20210608-sigmastar-glibc-x86_64_arm-linux-gnueabihf/bin/arm-linux-gnueabihf-gcc -marm -c -Werror -Wformat -Wformat-security  conftest.c >&5
configure:11279: $? = 0
configure:11293: result: yes
configure:11305: checking whether /home/sunxilong/work/disk4T/code/sxw0505/tools/gcc-11.1.0-20210608-sigmastar-glibc-x86_64_arm-linux-gnueabihf/bin/arm-linux-gnueabihf-gcc -marm accepts -Wformat=2
configure:11321: /home/sunxilong/work/disk4T/code/sxw0505/tools/gcc-11.1.0-20210608-sigmastar-glibc-x86_64_arm-linux-gnueabihf/bin/arm-linux-gnueabihf-gcc -marm -c -Werror -Wformat=2  conftest.c >&5
configure:11321: $? = 0
configure:11335: result: yes
configure:11347: checking whether /home/sunxilong/work/disk4T/code/sxw0505/tools/gcc-11.1.0-20210608-sigmastar-glibc-x86_64_arm-linux-gnueabihf/bin/arm-linux-gnueabihf-gcc -marm accepts -Winit-self
configure:11363: /home/sunxilong/work/disk4T/code/sxw0505/tools/gcc-11.1.0-20210608-sigmastar-glibc-x86_64_arm-linux-gnueabihf/bin/arm-linux-gnueabihf-gcc -marm -c -Werror -Winit-self  conftest.c >&5
configure:11363: $? = 0
configure:11377: result: yes
configure:11389: checking whether /home/sunxilong/work/disk4T/code/sxw0505/tools/gcc-11.1.0-20210608-sigmastar-glibc-x86_64_arm-linux-gnueabihf/bin/arm-linux-gnueabihf-gcc -marm accepts -Wlogical-not-parentheses
configure:11405: /home/sunxilong/work/disk4T/code/sxw0505/tools/gcc-11.1.0-20210608-sigmastar-glibc-x86_64_arm-linux-gnueabihf/bin/arm-linux-gnueabihf-gcc -marm -c -Werror -Wlogical-not-parentheses  conftest.c >&5
configure:11405: $? = 0
configure:11419: result: yes
configure:11431: checking whether /home/sunxilong/work/disk4T/code/sxw0505/tools/gcc-11.1.0-20210608-sigmastar-glibc-x86_64_arm-linux-gnueabihf/bin/arm-linux-gnueabihf-gcc -marm accepts -Wlogical-op
configure:11447: /home/sunxilong/work/disk4T/code/sxw0505/tools/gcc-11.1.0-20210608-sigmastar-glibc-x86_64_arm-linux-gnueabihf/bin/arm-linux-gnueabihf-gcc -marm -c -Werror -Wlogical-op  conftest.c >&5
configure:11447: $? = 0
configure:11461: result: yes
configure:11473: checking whether /home/sunxilong/work/disk4T/code/sxw0505/tools/gcc-11.1.0-20210608-sigmastar-glibc-x86_64_arm-linux-gnueabihf/bin/arm-linux-gnueabihf-gcc -marm accepts -Wmissing-declarations
configure:11489: /home/sunxilong/work/disk4T/code/sxw0505/tools/gcc-11.1.0-20210608-sigmastar-glibc-x86_64_arm-linux-gnueabihf/bin/arm-linux-gnueabihf-gcc -marm -c -Werror -Wmissing-declarations  conftest.c >&5
configure:11489: $? = 0
configure:11503: result: yes
configure:11515: checking whether /home/sunxilong/work/disk4T/code/sxw0505/tools/gcc-11.1.0-20210608-sigmastar-glibc-x86_64_arm-linux-gnueabihf/bin/arm-linux-gnueabihf-gcc -marm accepts -Wmissing-format-attribute
configure:11531: /home/sunxilong/work/disk4T/code/sxw0505/tools/gcc-11.1.0-20210608-sigmastar-glibc-x86_64_arm-linux-gnueabihf/bin/arm-linux-gnueabihf-gcc -marm -c -Werror -Wmissing-format-attribute  conftest.c >&5
configure:11531: $? = 0
configure:11545: result: yes
configure:11557: checking whether /home/sunxilong/work/disk4T/code/sxw0505/tools/gcc-11.1.0-20210608-sigmastar-glibc-x86_64_arm-linux-gnueabihf/bin/arm-linux-gnueabihf-gcc -marm accepts -Wmissing-prototypes
configure:11573: /home/sunxilong/work/disk4T/code/sxw0505/tools/gcc-11.1.0-20210608-sigmastar-glibc-x86_64_arm-linux-gnueabihf/bin/arm-linux-gnueabihf-gcc -marm -c -Werror -Wmissing-prototypes  conftest.c >&5
configure:11573: $? = 0
configure:11587: result: yes
configure:11599: checking whether /home/sunxilong/work/disk4T/code/sxw0505/tools/gcc-11.1.0-20210608-sigmastar-glibc-x86_64_arm-linux-gnueabihf/bin/arm-linux-gnueabihf-gcc -marm accepts -Wnested-externs
configure:11615: /home/sunxilong/work/disk4T/code/sxw0505/tools/gcc-11.1.0-20210608-sigmastar-glibc-x86_64_arm-linux-gnueabihf/bin/arm-linux-gnueabihf-gcc -marm -c -Werror -Wnested-externs  conftest.c >&5
configure:11615: $? = 0
configure:11629: result: yes
configure:11641: checking whether /home/sunxilong/work/disk4T/code/sxw0505/tools/gcc-11.1.0-20210608-sigmastar-glibc-x86_64_arm-linux-gnueabihf/bin/arm-linux-gnueabihf-gcc -marm accepts -Wno-tautological-constant-out-of-range-compare
configure:11657: /home/sunxilong/work/disk4T/code/sxw0505/tools/gcc-11.1.0-20210608-sigmastar-glibc-x86_64_arm-linux-gnueabihf/bin/arm-linux-gnueabihf-gcc -marm -c -Werror -Wtautological-constant-out-of-range-compare  conftest.c >&5
arm-linux-gnueabihf-gcc: error: unrecognized command-line option '-Wtautological-constant-out-of-range-compare'
configure:11657: $? = 1
configure: failed program was:
| /* confdefs.h */
| #define PACKAGE_NAME "libmd"
| #define PACKAGE_TARNAME "libmd"
| #define PACKAGE_VERSION "1.0.4"
| #define PACKAGE_STRING "libmd 1.0.4"
| #define PACKAGE_BUGREPORT "libbsd@lists.freedesktop.org"
| #define PACKAGE_URL ""
| #define PACKAGE "libmd"
| #define VERSION "1.0.4"
| #define HAVE_STDIO_H 1
| #define HAVE_STDLIB_H 1
| #define HAVE_STRING_H 1
| #define HAVE_INTTYPES_H 1
| #define HAVE_STDINT_H 1
| #define HAVE_STRINGS_H 1
| #define HAVE_SYS_STAT_H 1
| #define HAVE_SYS_TYPES_H 1
| #define HAVE_UNISTD_H 1
| #define HAVE_WCHAR_H 1
| #define STDC_HEADERS 1
| #define _ALL_SOURCE 1
| #define _DARWIN_C_SOURCE 1
| #define _GNU_SOURCE 1
| #define _HPUX_ALT_XOPEN_SOCKET_API 1
| #define _NETBSD_SOURCE 1
| #define _OPENBSD_SOURCE 1
| #define _POSIX_PTHREAD_SEMANTICS 1
| #define __STDC_WANT_IEC_60559_ATTRIBS_EXT__ 1
| #define __STDC_WANT_IEC_60559_BFP_EXT__ 1
| #define __STDC_WANT_IEC_60559_DFP_EXT__ 1
| #define __STDC_WANT_IEC_60559_FUNCS_EXT__ 1
| #define __STDC_WANT_IEC_60559_TYPES_EXT__ 1
| #define __STDC_WANT_LIB_EXT2__ 1
| #define __STDC_WANT_MATH_SPEC_FUNCS__ 1
| #define _TANDEM_SOURCE 1
| #define __EXTENSIONS__ 1
| #define _FILE_OFFSET_BITS 64
| #define HAVE_DLFCN_H 1
| #define LT_OBJDIR ".libs/"
| /* end confdefs.h.  */
| 
| 
| 
configure:11671: result: no
configure:11683: checking whether /home/sunxilong/work/disk4T/code/sxw0505/tools/gcc-11.1.0-20210608-sigmastar-glibc-x86_64_arm-linux-gnueabihf/bin/arm-linux-gnueabihf-gcc -marm accepts -Wno-unused-parameter
configure:11699: /home/sunxilong/work/disk4T/code/sxw0505/tools/gcc-11.1.0-20210608-sigmastar-glibc-x86_64_arm-linux-gnueabihf/bin/arm-linux-gnueabihf-gcc -marm -c -Werror -Wunused-parameter  conftest.c >&5
configure:11699: $? = 0
configure:11713: result: yes
configure:11725: checking whether /home/sunxilong/work/disk4T/code/sxw0505/tools/gcc-11.1.0-20210608-sigmastar-glibc-x86_64_arm-linux-gnueabihf/bin/arm-linux-gnueabihf-gcc -marm accepts -Wnull-dereference
configure:11741: /home/sunxilong/work/disk4T/code/sxw0505/tools/gcc-11.1.0-20210608-sigmastar-glibc-x86_64_arm-linux-gnueabihf/bin/arm-linux-gnueabihf-gcc -marm -c -Werror -Wnull-dereference  conftest.c >&5
configure:11741: $? = 0
configure:11755: result: yes
configure:11767: checking whether /home/sunxilong/work/disk4T/code/sxw0505/tools/gcc-11.1.0-20210608-sigmastar-glibc-x86_64_arm-linux-gnueabihf/bin/arm-linux-gnueabihf-gcc -marm accepts -Wold-style-definition
configure:11783: /home/sunxilong/work/disk4T/code/sxw0505/tools/gcc-11.1.0-20210608-sigmastar-glibc-x86_64_arm-linux-gnueabihf/bin/arm-linux-gnueabihf-gcc -marm -c -Werror -Wold-style-definition  conftest.c >&5
configure:11783: $? = 0
configure:11797: result: yes
configure:11809: checking whether /home/sunxilong/work/disk4T/code/sxw0505/tools/gcc-11.1.0-20210608-sigmastar-glibc-x86_64_arm-linux-gnueabihf/bin/arm-linux-gnueabihf-gcc -marm accepts -Wpointer-arith
configure:11825: /home/sunxilong/work/disk4T/code/sxw0505/tools/gcc-11.1.0-20210608-sigmastar-glibc-x86_64_arm-linux-gnueabihf/bin/arm-linux-gnueabihf-gcc -marm -c -Werror -Wpointer-arith  conftest.c >&5
configure:11825: $? = 0
configure:11839: result: yes
configure:11851: checking whether /home/sunxilong/work/disk4T/code/sxw0505/tools/gcc-11.1.0-20210608-sigmastar-glibc-x86_64_arm-linux-gnueabihf/bin/arm-linux-gnueabihf-gcc -marm accepts -Wredundant-decls
configure:11867: /home/sunxilong/work/disk4T/code/sxw0505/tools/gcc-11.1.0-20210608-sigmastar-glibc-x86_64_arm-linux-gnueabihf/bin/arm-linux-gnueabihf-gcc -marm -c -Werror -Wredundant-decls  conftest.c >&5
configure:11867: $? = 0
configure:11881: result: yes
configure:11893: checking whether /home/sunxilong/work/disk4T/code/sxw0505/tools/gcc-11.1.0-20210608-sigmastar-glibc-x86_64_arm-linux-gnueabihf/bin/arm-linux-gnueabihf-gcc -marm accepts -Wregister
configure:11909: /home/sunxilong/work/disk4T/code/sxw0505/tools/gcc-11.1.0-20210608-sigmastar-glibc-x86_64_arm-linux-gnueabihf/bin/arm-linux-gnueabihf-gcc -marm -c -Werror -Wregister  conftest.c >&5
cc1: error: command-line option '-Wregister' is valid for C++/ObjC++ but not for C [-Werror]
cc1: all warnings being treated as errors
configure:11909: $? = 1
configure: failed program was:
| /* confdefs.h */
| #define PACKAGE_NAME "libmd"
| #define PACKAGE_TARNAME "libmd"
| #define PACKAGE_VERSION "1.0.4"
| #define PACKAGE_STRING "libmd 1.0.4"
| #define PACKAGE_BUGREPORT "libbsd@lists.freedesktop.org"
| #define PACKAGE_URL ""
| #define PACKAGE "libmd"
| #define VERSION "1.0.4"
| #define HAVE_STDIO_H 1
| #define HAVE_STDLIB_H 1
| #define HAVE_STRING_H 1
| #define HAVE_INTTYPES_H 1
| #define HAVE_STDINT_H 1
| #define HAVE_STRINGS_H 1
| #define HAVE_SYS_STAT_H 1
| #define HAVE_SYS_TYPES_H 1
| #define HAVE_UNISTD_H 1
| #define HAVE_WCHAR_H 1
| #define STDC_HEADERS 1
| #define _ALL_SOURCE 1
| #define _DARWIN_C_SOURCE 1
| #define _GNU_SOURCE 1
| #define _HPUX_ALT_XOPEN_SOCKET_API 1
| #define _NETBSD_SOURCE 1
| #define _OPENBSD_SOURCE 1
| #define _POSIX_PTHREAD_SEMANTICS 1
| #define __STDC_WANT_IEC_60559_ATTRIBS_EXT__ 1
| #define __STDC_WANT_IEC_60559_BFP_EXT__ 1
| #define __STDC_WANT_IEC_60559_DFP_EXT__ 1
| #define __STDC_WANT_IEC_60559_FUNCS_EXT__ 1
| #define __STDC_WANT_IEC_60559_TYPES_EXT__ 1
| #define __STDC_WANT_LIB_EXT2__ 1
| #define __STDC_WANT_MATH_SPEC_FUNCS__ 1
| #define _TANDEM_SOURCE 1
| #define __EXTENSIONS__ 1
| #define _FILE_OFFSET_BITS 64
| #define HAVE_DLFCN_H 1
| #define LT_OBJDIR ".libs/"
| /* end confdefs.h.  */
| 
| 
| 
configure:11923: result: no
configure:11935: checking whether /home/sunxilong/work/disk4T/code/sxw0505/tools/gcc-11.1.0-20210608-sigmastar-glibc-x86_64_arm-linux-gnueabihf/bin/arm-linux-gnueabihf-gcc -marm accepts -Wrestrict
configure:11951: /home/sunxilong/work/disk4T/code/sxw0505/tools/gcc-11.1.0-20210608-sigmastar-glibc-x86_64_arm-linux-gnueabihf/bin/arm-linux-gnueabihf-gcc -marm -c -Werror -Wrestrict  conftest.c >&5
configure:11951: $? = 0
configure:11965: result: yes
configure:11977: checking whether /home/sunxilong/work/disk4T/code/sxw0505/tools/gcc-11.1.0-20210608-sigmastar-glibc-x86_64_arm-linux-gnueabihf/bin/arm-linux-gnueabihf-gcc -marm accepts -Wshadow
configure:11993: /home/sunxilong/work/disk4T/code/sxw0505/tools/gcc-11.1.0-20210608-sigmastar-glibc-x86_64_arm-linux-gnueabihf/bin/arm-linux-gnueabihf-gcc -marm -c -Werror -Wshadow  conftest.c >&5
configure:11993: $? = 0
configure:12007: result: yes
configure:12019: checking whether /home/sunxilong/work/disk4T/code/sxw0505/tools/gcc-11.1.0-20210608-sigmastar-glibc-x86_64_arm-linux-gnueabihf/bin/arm-linux-gnueabihf-gcc -marm accepts -Wshift-negative-value
configure:12035: /home/sunxilong/work/disk4T/code/sxw0505/tools/gcc-11.1.0-20210608-sigmastar-glibc-x86_64_arm-linux-gnueabihf/bin/arm-linux-gnueabihf-gcc -marm -c -Werror -Wshift-negative-value  conftest.c >&5
configure:12035: $? = 0
configure:12049: result: yes
configure:12061: checking whether /home/sunxilong/work/disk4T/code/sxw0505/tools/gcc-11.1.0-20210608-sigmastar-glibc-x86_64_arm-linux-gnueabihf/bin/arm-linux-gnueabihf-gcc -marm accepts -Wsizeof-array-argument
configure:12077: /home/sunxilong/work/disk4T/code/sxw0505/tools/gcc-11.1.0-20210608-sigmastar-glibc-x86_64_arm-linux-gnueabihf/bin/arm-linux-gnueabihf-gcc -marm -c -Werror -Wsizeof-array-argument  conftest.c >&5
configure:12077: $? = 0
configure:12091: result: yes
configure:12103: checking whether /home/sunxilong/work/disk4T/code/sxw0505/tools/gcc-11.1.0-20210608-sigmastar-glibc-x86_64_arm-linux-gnueabihf/bin/arm-linux-gnueabihf-gcc -marm accepts -Wstrict-prototypes
configure:12119: /home/sunxilong/work/disk4T/code/sxw0505/tools/gcc-11.1.0-20210608-sigmastar-glibc-x86_64_arm-linux-gnueabihf/bin/arm-linux-gnueabihf-gcc -marm -c -Werror -Wstrict-prototypes  conftest.c >&5
configure:12119: $? = 0
configure:12133: result: yes
configure:12145: checking whether /home/sunxilong/work/disk4T/code/sxw0505/tools/gcc-11.1.0-20210608-sigmastar-glibc-x86_64_arm-linux-gnueabihf/bin/arm-linux-gnueabihf-gcc -marm accepts -Wswitch-bool
configure:12161: /home/sunxilong/work/disk4T/code/sxw0505/tools/gcc-11.1.0-20210608-sigmastar-glibc-x86_64_arm-linux-gnueabihf/bin/arm-linux-gnueabihf-gcc -marm -c -Werror -Wswitch-bool  conftest.c >&5
configure:12161: $? = 0
configure:12175: result: yes
configure:12187: checking whether /home/sunxilong/work/disk4T/code/sxw0505/tools/gcc-11.1.0-20210608-sigmastar-glibc-x86_64_arm-linux-gnueabihf/bin/arm-linux-gnueabihf-gcc -marm accepts -Wvla
configure:12203: /home/sunxilong/work/disk4T/code/sxw0505/tools/gcc-11.1.0-20210608-sigmastar-glibc-x86_64_arm-linux-gnueabihf/bin/arm-linux-gnueabihf-gcc -marm -c -Werror -Wvla  conftest.c >&5
configure:12203: $? = 0
configure:12217: result: yes
configure:12229: checking whether /home/sunxilong/work/disk4T/code/sxw0505/tools/gcc-11.1.0-20210608-sigmastar-glibc-x86_64_arm-linux-gnueabihf/bin/arm-linux-gnueabihf-gcc -marm accepts -Wwrite-strings
configure:12245: /home/sunxilong/work/disk4T/code/sxw0505/tools/gcc-11.1.0-20210608-sigmastar-glibc-x86_64_arm-linux-gnueabihf/bin/arm-linux-gnueabihf-gcc -marm -c -Werror -Wwrite-strings  conftest.c >&5
configure:12245: $? = 0
configure:12259: result: yes
configure:12416: checking for unistd.h
configure:12416: result: yes
configure:12425: checking whether byte ordering is bigendian
configure:12441: /home/sunxilong/work/disk4T/code/sxw0505/tools/gcc-11.1.0-20210608-sigmastar-glibc-x86_64_arm-linux-gnueabihf/bin/arm-linux-gnueabihf-gcc -marm -c  -Wall -Wextra -Wbad-function-cast -Wc99-c11-compat -Wcast-align -Wdeclaration-after-statement -Wduplicated-branches -Wduplicated-cond -Wformat -Wformat-security -Wformat=2 -Winit-self -Wlogical-not-parentheses -Wlogical-op -Wmissing-declarations -Wmissing-format-attribute -Wmissing-prototypes -Wnested-externs -Wno-unused-parameter -Wnull-dereference -Wold-style-definition -Wpointer-arith -Wredundant-decls -Wrestrict -Wshadow -Wshift-negative-value -Wsizeof-array-argument -Wstrict-prototypes -Wswitch-bool -Wvla -Wwrite-strings -g -O2  conftest.c >&5
conftest.c:43:16: error: unknown type name 'not'
   43 |                not a universal capable compiler
      |                ^~~
conftest.c:43:22: error: expected '=', ',', ';', 'asm' or '__attribute__' before 'universal'
   43 |                not a universal capable compiler
      |                      ^~~~~~~~~
conftest.c:43:22: error: unknown type name 'universal'
configure:12441: $? = 1
configure: failed program was:
| /* confdefs.h */
| #define PACKAGE_NAME "libmd"
| #define PACKAGE_TARNAME "libmd"
| #define PACKAGE_VERSION "1.0.4"
| #define PACKAGE_STRING "libmd 1.0.4"
| #define PACKAGE_BUGREPORT "libbsd@lists.freedesktop.org"
| #define PACKAGE_URL ""
| #define PACKAGE "libmd"
| #define VERSION "1.0.4"
| #define HAVE_STDIO_H 1
| #define HAVE_STDLIB_H 1
| #define HAVE_STRING_H 1
| #define HAVE_INTTYPES_H 1
| #define HAVE_STDINT_H 1
| #define HAVE_STRINGS_H 1
| #define HAVE_SYS_STAT_H 1
| #define HAVE_SYS_TYPES_H 1
| #define HAVE_UNISTD_H 1
| #define HAVE_WCHAR_H 1
| #define STDC_HEADERS 1
| #define _ALL_SOURCE 1
| #define _DARWIN_C_SOURCE 1
| #define _GNU_SOURCE 1
| #define _HPUX_ALT_XOPEN_SOCKET_API 1
| #define _NETBSD_SOURCE 1
| #define _OPENBSD_SOURCE 1
| #define _POSIX_PTHREAD_SEMANTICS 1
| #define __STDC_WANT_IEC_60559_ATTRIBS_EXT__ 1
| #define __STDC_WANT_IEC_60559_BFP_EXT__ 1
| #define __STDC_WANT_IEC_60559_DFP_EXT__ 1
| #define __STDC_WANT_IEC_60559_FUNCS_EXT__ 1
| #define __STDC_WANT_IEC_60559_TYPES_EXT__ 1
| #define __STDC_WANT_LIB_EXT2__ 1
| #define __STDC_WANT_MATH_SPEC_FUNCS__ 1
| #define _TANDEM_SOURCE 1
| #define __EXTENSIONS__ 1
| #define _FILE_OFFSET_BITS 64
| #define HAVE_DLFCN_H 1
| #define LT_OBJDIR ".libs/"
| #define HAVE_UNISTD_H 1
| /* end confdefs.h.  */
| #ifndef __APPLE_CC__
| 	       not a universal capable compiler
| 	     #endif
| 	     typedef int dummy;
| 
configure:12487: /home/sunxilong/work/disk4T/code/sxw0505/tools/gcc-11.1.0-20210608-sigmastar-glibc-x86_64_arm-linux-gnueabihf/bin/arm-linux-gnueabihf-gcc -marm -c  -Wall -Wextra -Wbad-function-cast -Wc99-c11-compat -Wcast-align -Wdeclaration-after-statement -Wduplicated-branches -Wduplicated-cond -Wformat -Wformat-security -Wformat=2 -Winit-self -Wlogical-not-parentheses -Wlogical-op -Wmissing-declarations -Wmissing-format-attribute -Wmissing-prototypes -Wnested-externs -Wno-unused-parameter -Wnull-dereference -Wold-style-definition -Wpointer-arith -Wredundant-decls -Wrestrict -Wshadow -Wshift-negative-value -Wsizeof-array-argument -Wstrict-prototypes -Wswitch-bool -Wvla -Wwrite-strings -g -O2  conftest.c >&5
configure:12487: $? = 0
configure:12506: /home/sunxilong/work/disk4T/code/sxw0505/tools/gcc-11.1.0-20210608-sigmastar-glibc-x86_64_arm-linux-gnueabihf/bin/arm-linux-gnueabihf-gcc -marm -c  -Wall -Wextra -Wbad-function-cast -Wc99-c11-compat -Wcast-align -Wdeclaration-after-statement -Wduplicated-branches -Wduplicated-cond -Wformat -Wformat-security -Wformat=2 -Winit-self -Wlogical-not-parentheses -Wlogical-op -Wmissing-declarations -Wmissing-format-attribute -Wmissing-prototypes -Wnested-externs -Wno-unused-parameter -Wnull-dereference -Wold-style-definition -Wpointer-arith -Wredundant-decls -Wrestrict -Wshadow -Wshift-negative-value -Wsizeof-array-argument -Wstrict-prototypes -Wswitch-bool -Wvla -Wwrite-strings -g -O2  conftest.c >&5
conftest.c: In function 'main':
conftest.c:49:18: error: unknown type name 'not'; did you mean 'ino_t'?
   49 |                  not big endian
      |                  ^~~
      |                  ino_t
conftest.c:49:26: error: expected '=', ',', ';', 'asm' or '__attribute__' before 'endian'
   49 |                  not big endian
      |                          ^~~~~~
configure:12506: $? = 1
configure: failed program was:
| /* confdefs.h */
| #define PACKAGE_NAME "libmd"
| #define PACKAGE_TARNAME "libmd"
| #define PACKAGE_VERSION "1.0.4"
| #define PACKAGE_STRING "libmd 1.0.4"
| #define PACKAGE_BUGREPORT "libbsd@lists.freedesktop.org"
| #define PACKAGE_URL ""
| #define PACKAGE "libmd"
| #define VERSION "1.0.4"
| #define HAVE_STDIO_H 1
| #define HAVE_STDLIB_H 1
| #define HAVE_STRING_H 1
| #define HAVE_INTTYPES_H 1
| #define HAVE_STDINT_H 1
| #define HAVE_STRINGS_H 1
| #define HAVE_SYS_STAT_H 1
| #define HAVE_SYS_TYPES_H 1
| #define HAVE_UNISTD_H 1
| #define HAVE_WCHAR_H 1
| #define STDC_HEADERS 1
| #define _ALL_SOURCE 1
| #define _DARWIN_C_SOURCE 1
| #define _GNU_SOURCE 1
| #define _HPUX_ALT_XOPEN_SOCKET_API 1
| #define _NETBSD_SOURCE 1
| #define _OPENBSD_SOURCE 1
| #define _POSIX_PTHREAD_SEMANTICS 1
| #define __STDC_WANT_IEC_60559_ATTRIBS_EXT__ 1
| #define __STDC_WANT_IEC_60559_BFP_EXT__ 1
| #define __STDC_WANT_IEC_60559_DFP_EXT__ 1
| #define __STDC_WANT_IEC_60559_FUNCS_EXT__ 1
| #define __STDC_WANT_IEC_60559_TYPES_EXT__ 1
| #define __STDC_WANT_LIB_EXT2__ 1
| #define __STDC_WANT_MATH_SPEC_FUNCS__ 1
| #define _TANDEM_SOURCE 1
| #define __EXTENSIONS__ 1
| #define _FILE_OFFSET_BITS 64
| #define HAVE_DLFCN_H 1
| #define LT_OBJDIR ".libs/"
| #define HAVE_UNISTD_H 1
| /* end confdefs.h.  */
| #include <sys/types.h>
| 		#include <sys/param.h>
| 
| int
| main (void)
| {
| #if BYTE_ORDER != BIG_ENDIAN
| 		 not big endian
| 		#endif
| 
|   ;
|   return 0;
| }
configure:12640: result: no
configure:12658: checking for off_t
configure:12658: /home/sunxilong/work/disk4T/code/sxw0505/tools/gcc-11.1.0-20210608-sigmastar-glibc-x86_64_arm-linux-gnueabihf/bin/arm-linux-gnueabihf-gcc -marm -c  -Wall -Wextra -Wbad-function-cast -Wc99-c11-compat -Wcast-align -Wdeclaration-after-statement -Wduplicated-branches -Wduplicated-cond -Wformat -Wformat-security -Wformat=2 -Winit-self -Wlogical-not-parentheses -Wlogical-op -Wmissing-declarations -Wmissing-format-attribute -Wmissing-prototypes -Wnested-externs -Wno-unused-parameter -Wnull-dereference -Wold-style-definition -Wpointer-arith -Wredundant-decls -Wrestrict -Wshadow -Wshift-negative-value -Wsizeof-array-argument -Wstrict-prototypes -Wswitch-bool -Wvla -Wwrite-strings -g -O2  conftest.c >&5
configure:12658: $? = 0
configure:12658: /home/sunxilong/work/disk4T/code/sxw0505/tools/gcc-11.1.0-20210608-sigmastar-glibc-x86_64_arm-linux-gnueabihf/bin/arm-linux-gnueabihf-gcc -marm -c  -Wall -Wextra -Wbad-function-cast -Wc99-c11-compat -Wcast-align -Wdeclaration-after-statement -Wduplicated-branches -Wduplicated-cond -Wformat -Wformat-security -Wformat=2 -Winit-self -Wlogical-not-parentheses -Wlogical-op -Wmissing-declarations -Wmissing-format-attribute -Wmissing-prototypes -Wnested-externs -Wno-unused-parameter -Wnull-dereference -Wold-style-definition -Wpointer-arith -Wredundant-decls -Wrestrict -Wshadow -Wshift-negative-value -Wsizeof-array-argument -Wstrict-prototypes -Wswitch-bool -Wvla -Wwrite-strings -g -O2  conftest.c >&5
conftest.c: In function 'main':
conftest.c:73:20: error: expected expression before ')' token
   73 | if (sizeof ((off_t)))
      |                    ^
configure:12658: $? = 1
configure: failed program was:
| /* confdefs.h */
| #define PACKAGE_NAME "libmd"
| #define PACKAGE_TARNAME "libmd"
| #define PACKAGE_VERSION "1.0.4"
| #define PACKAGE_STRING "libmd 1.0.4"
| #define PACKAGE_BUGREPORT "libbsd@lists.freedesktop.org"
| #define PACKAGE_URL ""
| #define PACKAGE "libmd"
| #define VERSION "1.0.4"
| #define HAVE_STDIO_H 1
| #define HAVE_STDLIB_H 1
| #define HAVE_STRING_H 1
| #define HAVE_INTTYPES_H 1
| #define HAVE_STDINT_H 1
| #define HAVE_STRINGS_H 1
| #define HAVE_SYS_STAT_H 1
| #define HAVE_SYS_TYPES_H 1
| #define HAVE_UNISTD_H 1
| #define HAVE_WCHAR_H 1
| #define STDC_HEADERS 1
| #define _ALL_SOURCE 1
| #define _DARWIN_C_SOURCE 1
| #define _GNU_SOURCE 1
| #define _HPUX_ALT_XOPEN_SOCKET_API 1
| #define _NETBSD_SOURCE 1
| #define _OPENBSD_SOURCE 1
| #define _POSIX_PTHREAD_SEMANTICS 1
| #define __STDC_WANT_IEC_60559_ATTRIBS_EXT__ 1
| #define __STDC_WANT_IEC_60559_BFP_EXT__ 1
| #define __STDC_WANT_IEC_60559_DFP_EXT__ 1
| #define __STDC_WANT_IEC_60559_FUNCS_EXT__ 1
| #define __STDC_WANT_IEC_60559_TYPES_EXT__ 1
| #define __STDC_WANT_LIB_EXT2__ 1
| #define __STDC_WANT_MATH_SPEC_FUNCS__ 1
| #define _TANDEM_SOURCE 1
| #define __EXTENSIONS__ 1
| #define _FILE_OFFSET_BITS 64
| #define HAVE_DLFCN_H 1
| #define LT_OBJDIR ".libs/"
| #define HAVE_UNISTD_H 1
| /* end confdefs.h.  */
| #include <stddef.h>
| #ifdef HAVE_STDIO_H
| # include <stdio.h>
| #endif
| #ifdef HAVE_STDLIB_H
| # include <stdlib.h>
| #endif
| #ifdef HAVE_STRING_H
| # include <string.h>
| #endif
| #ifdef HAVE_INTTYPES_H
| # include <inttypes.h>
| #endif
| #ifdef HAVE_STDINT_H
| # include <stdint.h>
| #endif
| #ifdef HAVE_STRINGS_H
| # include <strings.h>
| #endif
| #ifdef HAVE_SYS_TYPES_H
| # include <sys/types.h>
| #endif
| #ifdef HAVE_SYS_STAT_H
| # include <sys/stat.h>
| #endif
| #ifdef HAVE_UNISTD_H
| # include <unistd.h>
| #endif
| int
| main (void)
| {
| if (sizeof ((off_t)))
| 	    return 0;
|   ;
|   return 0;
| }
configure:12658: result: yes
configure:12668: checking for size_t
configure:12668: /home/sunxilong/work/disk4T/code/sxw0505/tools/gcc-11.1.0-20210608-sigmastar-glibc-x86_64_arm-linux-gnueabihf/bin/arm-linux-gnueabihf-gcc -marm -c  -Wall -Wextra -Wbad-function-cast -Wc99-c11-compat -Wcast-align -Wdeclaration-after-statement -Wduplicated-branches -Wduplicated-cond -Wformat -Wformat-security -Wformat=2 -Winit-self -Wlogical-not-parentheses -Wlogical-op -Wmissing-declarations -Wmissing-format-attribute -Wmissing-prototypes -Wnested-externs -Wno-unused-parameter -Wnull-dereference -Wold-style-definition -Wpointer-arith -Wredundant-decls -Wrestrict -Wshadow -Wshift-negative-value -Wsizeof-array-argument -Wstrict-prototypes -Wswitch-bool -Wvla -Wwrite-strings -g -O2  conftest.c >&5
configure:12668: $? = 0
configure:12668: /home/sunxilong/work/disk4T/code/sxw0505/tools/gcc-11.1.0-20210608-sigmastar-glibc-x86_64_arm-linux-gnueabihf/bin/arm-linux-gnueabihf-gcc -marm -c  -Wall -Wextra -Wbad-function-cast -Wc99-c11-compat -Wcast-align -Wdeclaration-after-statement -Wduplicated-branches -Wduplicated-cond -Wformat -Wformat-security -Wformat=2 -Winit-self -Wlogical-not-parentheses -Wlogical-op -Wmissing-declarations -Wmissing-format-attribute -Wmissing-prototypes -Wnested-externs -Wno-unused-parameter -Wnull-dereference -Wold-style-definition -Wpointer-arith -Wredundant-decls -Wrestrict -Wshadow -Wshift-negative-value -Wsizeof-array-argument -Wstrict-prototypes -Wswitch-bool -Wvla -Wwrite-strings -g -O2  conftest.c >&5
conftest.c: In function 'main':
conftest.c:73:21: error: expected expression before ')' token
   73 | if (sizeof ((size_t)))
      |                     ^
configure:12668: $? = 1
configure: failed program was:
| /* confdefs.h */
| #define PACKAGE_NAME "libmd"
| #define PACKAGE_TARNAME "libmd"
| #define PACKAGE_VERSION "1.0.4"
| #define PACKAGE_STRING "libmd 1.0.4"
| #define PACKAGE_BUGREPORT "libbsd@lists.freedesktop.org"
| #define PACKAGE_URL ""
| #define PACKAGE "libmd"
| #define VERSION "1.0.4"
| #define HAVE_STDIO_H 1
| #define HAVE_STDLIB_H 1
| #define HAVE_STRING_H 1
| #define HAVE_INTTYPES_H 1
| #define HAVE_STDINT_H 1
| #define HAVE_STRINGS_H 1
| #define HAVE_SYS_STAT_H 1
| #define HAVE_SYS_TYPES_H 1
| #define HAVE_UNISTD_H 1
| #define HAVE_WCHAR_H 1
| #define STDC_HEADERS 1
| #define _ALL_SOURCE 1
| #define _DARWIN_C_SOURCE 1
| #define _GNU_SOURCE 1
| #define _HPUX_ALT_XOPEN_SOCKET_API 1
| #define _NETBSD_SOURCE 1
| #define _OPENBSD_SOURCE 1
| #define _POSIX_PTHREAD_SEMANTICS 1
| #define __STDC_WANT_IEC_60559_ATTRIBS_EXT__ 1
| #define __STDC_WANT_IEC_60559_BFP_EXT__ 1
| #define __STDC_WANT_IEC_60559_DFP_EXT__ 1
| #define __STDC_WANT_IEC_60559_FUNCS_EXT__ 1
| #define __STDC_WANT_IEC_60559_TYPES_EXT__ 1
| #define __STDC_WANT_LIB_EXT2__ 1
| #define __STDC_WANT_MATH_SPEC_FUNCS__ 1
| #define _TANDEM_SOURCE 1
| #define __EXTENSIONS__ 1
| #define _FILE_OFFSET_BITS 64
| #define HAVE_DLFCN_H 1
| #define LT_OBJDIR ".libs/"
| #define HAVE_UNISTD_H 1
| /* end confdefs.h.  */
| #include <stddef.h>
| #ifdef HAVE_STDIO_H
| # include <stdio.h>
| #endif
| #ifdef HAVE_STDLIB_H
| # include <stdlib.h>
| #endif
| #ifdef HAVE_STRING_H
| # include <string.h>
| #endif
| #ifdef HAVE_INTTYPES_H
| # include <inttypes.h>
| #endif
| #ifdef HAVE_STDINT_H
| # include <stdint.h>
| #endif
| #ifdef HAVE_STRINGS_H
| # include <strings.h>
| #endif
| #ifdef HAVE_SYS_TYPES_H
| # include <sys/types.h>
| #endif
| #ifdef HAVE_SYS_STAT_H
| # include <sys/stat.h>
| #endif
| #ifdef HAVE_UNISTD_H
| # include <unistd.h>
| #endif
| int
| main (void)
| {
| if (sizeof ((size_t)))
| 	    return 0;
|   ;
|   return 0;
| }
configure:12668: result: yes
configure:12678: checking for ssize_t
configure:12678: /home/sunxilong/work/disk4T/code/sxw0505/tools/gcc-11.1.0-20210608-sigmastar-glibc-x86_64_arm-linux-gnueabihf/bin/arm-linux-gnueabihf-gcc -marm -c  -Wall -Wextra -Wbad-function-cast -Wc99-c11-compat -Wcast-align -Wdeclaration-after-statement -Wduplicated-branches -Wduplicated-cond -Wformat -Wformat-security -Wformat=2 -Winit-self -Wlogical-not-parentheses -Wlogical-op -Wmissing-declarations -Wmissing-format-attribute -Wmissing-prototypes -Wnested-externs -Wno-unused-parameter -Wnull-dereference -Wold-style-definition -Wpointer-arith -Wredundant-decls -Wrestrict -Wshadow -Wshift-negative-value -Wsizeof-array-argument -Wstrict-prototypes -Wswitch-bool -Wvla -Wwrite-strings -g -O2  conftest.c >&5
configure:12678: $? = 0
configure:12678: /home/sunxilong/work/disk4T/code/sxw0505/tools/gcc-11.1.0-20210608-sigmastar-glibc-x86_64_arm-linux-gnueabihf/bin/arm-linux-gnueabihf-gcc -marm -c  -Wall -Wextra -Wbad-function-cast -Wc99-c11-compat -Wcast-align -Wdeclaration-after-statement -Wduplicated-branches -Wduplicated-cond -Wformat -Wformat-security -Wformat=2 -Winit-self -Wlogical-not-parentheses -Wlogical-op -Wmissing-declarations -Wmissing-format-attribute -Wmissing-prototypes -Wnested-externs -Wno-unused-parameter -Wnull-dereference -Wold-style-definition -Wpointer-arith -Wredundant-decls -Wrestrict -Wshadow -Wshift-negative-value -Wsizeof-array-argument -Wstrict-prototypes -Wswitch-bool -Wvla -Wwrite-strings -g -O2  conftest.c >&5
conftest.c: In function 'main':
conftest.c:73:22: error: expected expression before ')' token
   73 | if (sizeof ((ssize_t)))
      |                      ^
configure:12678: $? = 1
configure: failed program was:
| /* confdefs.h */
| #define PACKAGE_NAME "libmd"
| #define PACKAGE_TARNAME "libmd"
| #define PACKAGE_VERSION "1.0.4"
| #define PACKAGE_STRING "libmd 1.0.4"
| #define PACKAGE_BUGREPORT "libbsd@lists.freedesktop.org"
| #define PACKAGE_URL ""
| #define PACKAGE "libmd"
| #define VERSION "1.0.4"
| #define HAVE_STDIO_H 1
| #define HAVE_STDLIB_H 1
| #define HAVE_STRING_H 1
| #define HAVE_INTTYPES_H 1
| #define HAVE_STDINT_H 1
| #define HAVE_STRINGS_H 1
| #define HAVE_SYS_STAT_H 1
| #define HAVE_SYS_TYPES_H 1
| #define HAVE_UNISTD_H 1
| #define HAVE_WCHAR_H 1
| #define STDC_HEADERS 1
| #define _ALL_SOURCE 1
| #define _DARWIN_C_SOURCE 1
| #define _GNU_SOURCE 1
| #define _HPUX_ALT_XOPEN_SOCKET_API 1
| #define _NETBSD_SOURCE 1
| #define _OPENBSD_SOURCE 1
| #define _POSIX_PTHREAD_SEMANTICS 1
| #define __STDC_WANT_IEC_60559_ATTRIBS_EXT__ 1
| #define __STDC_WANT_IEC_60559_BFP_EXT__ 1
| #define __STDC_WANT_IEC_60559_DFP_EXT__ 1
| #define __STDC_WANT_IEC_60559_FUNCS_EXT__ 1
| #define __STDC_WANT_IEC_60559_TYPES_EXT__ 1
| #define __STDC_WANT_LIB_EXT2__ 1
| #define __STDC_WANT_MATH_SPEC_FUNCS__ 1
| #define _TANDEM_SOURCE 1
| #define __EXTENSIONS__ 1
| #define _FILE_OFFSET_BITS 64
| #define HAVE_DLFCN_H 1
| #define LT_OBJDIR ".libs/"
| #define HAVE_UNISTD_H 1
| /* end confdefs.h.  */
| #include <stddef.h>
| #ifdef HAVE_STDIO_H
| # include <stdio.h>
| #endif
| #ifdef HAVE_STDLIB_H
| # include <stdlib.h>
| #endif
| #ifdef HAVE_STRING_H
| # include <string.h>
| #endif
| #ifdef HAVE_INTTYPES_H
| # include <inttypes.h>
| #endif
| #ifdef HAVE_STDINT_H
| # include <stdint.h>
| #endif
| #ifdef HAVE_STRINGS_H
| # include <strings.h>
| #endif
| #ifdef HAVE_SYS_TYPES_H
| # include <sys/types.h>
| #endif
| #ifdef HAVE_SYS_STAT_H
| # include <sys/stat.h>
| #endif
| #ifdef HAVE_UNISTD_H
| # include <unistd.h>
| #endif
| int
| main (void)
| {
| if (sizeof ((ssize_t)))
| 	    return 0;
|   ;
|   return 0;
| }
configure:12678: result: yes
configure:12796: checking that generated files are newer than configure
configure:12802: result: done
configure:12834: creating ./config.status

## ---------------------- ##
## Running config.status. ##
## ---------------------- ##

This file was extended by libmd config.status 1.0.4, which was
generated by GNU Autoconf 2.71.  Invocation command line was

  CONFIG_FILES    = 
  CONFIG_HEADERS  = 
  CONFIG_LINKS    = 
  CONFIG_COMMANDS = 
  $ ./config.status 

on sunxilong-System-Product-Name

config.status:1105: creating Makefile
config.status:1105: creating include/Makefile
config.status:1105: creating man/Makefile
config.status:1105: creating src/Makefile
config.status:1105: creating src/libmd.pc
config.status:1105: creating test/Makefile
config.status:1105: creating config.h
config.status:1286: config.h is unchanged
config.status:1334: executing depfiles commands
config.status:1334: executing libtool commands

## ---------------- ##
## Cache variables. ##
## ---------------- ##

ac_cv_build=x86_64-pc-linux-gnu
ac_cv_c_bigendian=no
ac_cv_c_compiler_gnu=yes
ac_cv_env_CC_set=set
ac_cv_env_CC_value='/home/sunxilong/work/disk4T/code/sxw0505/tools/gcc-11.1.0-20210608-sigmastar-glibc-x86_64_arm-linux-gnueabihf/bin/arm-linux-gnueabihf-gcc -marm'
ac_cv_env_CFLAGS_set=
ac_cv_env_CFLAGS_value=
ac_cv_env_CPPFLAGS_set=
ac_cv_env_CPPFLAGS_value=
ac_cv_env_LDFLAGS_set=
ac_cv_env_LDFLAGS_value=
ac_cv_env_LIBS_set=
ac_cv_env_LIBS_value=
ac_cv_env_LT_SYS_LIBRARY_PATH_set=
ac_cv_env_LT_SYS_LIBRARY_PATH_value=
ac_cv_env_build_alias_set=set
ac_cv_env_build_alias_value=x86_64-pc-linux-gnu
ac_cv_env_host_alias_set=set
ac_cv_env_host_alias_value=arm-linux-gnueabihf
ac_cv_env_target_alias_set=
ac_cv_env_target_alias_value=
ac_cv_header_dlfcn_h=yes
ac_cv_header_inttypes_h=yes
ac_cv_header_minix_config_h=no
ac_cv_header_stdint_h=yes
ac_cv_header_stdio_h=yes
ac_cv_header_stdlib_h=yes
ac_cv_header_string_h=yes
ac_cv_header_strings_h=yes
ac_cv_header_sys_stat_h=yes
ac_cv_header_sys_types_h=yes
ac_cv_header_unistd_h=yes
ac_cv_header_wchar_h=yes
ac_cv_host=arm-unknown-linux-gnueabihf
ac_cv_objext=o
ac_cv_path_EGREP='/usr/bin/grep -E'
ac_cv_path_FGREP='/usr/bin/grep -F'
ac_cv_path_GREP=/usr/bin/grep
ac_cv_path_SED=/usr/bin/sed
ac_cv_path_install='/usr/bin/install -c'
ac_cv_path_lt_DD=/usr/bin/dd
ac_cv_path_mkdir=/usr/bin/mkdir
ac_cv_prog_AR=/home/sunxilong/work/disk4T/code/sxw0505/tools/gcc-11.1.0-20210608-sigmastar-glibc-x86_64_arm-linux-gnueabihf/bin/arm-linux-gnueabihf-ar
ac_cv_prog_AWK=mawk
ac_cv_prog_CC='/home/sunxilong/work/disk4T/code/sxw0505/tools/gcc-11.1.0-20210608-sigmastar-glibc-x86_64_arm-linux-gnueabihf/bin/arm-linux-gnueabihf-gcc -marm'
ac_cv_prog_RANLIB=/home/sunxilong/work/disk4T/code/sxw0505/tools/gcc-11.1.0-20210608-sigmastar-glibc-x86_64_arm-linux-gnueabihf/bin/arm-linux-gnueabihf-ranlib
ac_cv_prog_STRIP=strip
ac_cv_prog_ac_ct_DUMPBIN='link -dump'
ac_cv_prog_ac_ct_MANIFEST_TOOL=mt
ac_cv_prog_ac_ct_OBJDUMP=objdump
ac_cv_prog_ac_ct_STRIP=strip
ac_cv_prog_cc_c11=
ac_cv_prog_cc_g=yes
ac_cv_prog_cc_stdc=
ac_cv_prog_make_make_set=yes
ac_cv_safe_to_define___extensions__=yes
ac_cv_should_define__xopen_source=no
ac_cv_sys_file_offset_bits=64
ac_cv_sys_largefile_CC=no
ac_cv_type_off_t=yes
ac_cv_type_size_t=yes
ac_cv_type_ssize_t=yes
am_cv_CC_dependencies_compiler_type=none
am_cv_ar_interface=ar
am_cv_make_support_nested_variables=yes
am_cv_prog_cc_c_o=yes
libmd_cv_cflags__Wall=yes
libmd_cv_cflags__Wbad_function_cast=yes
libmd_cv_cflags__Wc99_c11_compat=yes
libmd_cv_cflags__Wcast_align=yes
libmd_cv_cflags__Wdeclaration_after_statement=yes
libmd_cv_cflags__Wdocumentation=no
libmd_cv_cflags__Wduplicated_branches=yes
libmd_cv_cflags__Wduplicated_cond=yes
libmd_cv_cflags__Wextra=yes
libmd_cv_cflags__Wformat_2=yes
libmd_cv_cflags__Wformat__Wformat_security=yes
libmd_cv_cflags__Winit_self=yes
libmd_cv_cflags__Wlogical_not_parentheses=yes
libmd_cv_cflags__Wlogical_op=yes
libmd_cv_cflags__Wmissing_declarations=yes
libmd_cv_cflags__Wmissing_format_attribute=yes
libmd_cv_cflags__Wmissing_prototypes=yes
libmd_cv_cflags__Wnested_externs=yes
libmd_cv_cflags__Wno_tautological_constant_out_of_range_compare=no
libmd_cv_cflags__Wno_unused_parameter=yes
libmd_cv_cflags__Wnull_dereference=yes
libmd_cv_cflags__Wold_style_definition=yes
libmd_cv_cflags__Wpointer_arith=yes
libmd_cv_cflags__Wredundant_decls=yes
libmd_cv_cflags__Wregister=no
libmd_cv_cflags__Wrestrict=yes
libmd_cv_cflags__Wshadow=yes
libmd_cv_cflags__Wshift_negative_value=yes
libmd_cv_cflags__Wsizeof_array_argument=yes
libmd_cv_cflags__Wstrict_prototypes=yes
libmd_cv_cflags__Wswitch_bool=yes
libmd_cv_cflags__Wvla=yes
libmd_cv_cflags__Wwrite_strings=yes
libmd_cv_version_script=yes
lt_cv_ar_at_file=@
lt_cv_deplibs_check_method=pass_all
lt_cv_file_magic_cmd='$MAGIC_CMD'
lt_cv_file_magic_test_file=
lt_cv_ld_reload_flag=-r
lt_cv_nm_interface='BSD nm'
lt_cv_objdir=.libs
lt_cv_path_LD=/home/sunxilong/work/disk4T/code/sxw0505/tools/gcc-11.1.0-20210608-sigmastar-glibc-x86_64_arm-linux-gnueabihf/arm-linux-gnueabihf/bin/ld
lt_cv_path_NM=no
lt_cv_path_mainfest_tool=no
lt_cv_prog_compiler_c_o=yes
lt_cv_prog_compiler_pic='-fPIC -DPIC'
lt_cv_prog_compiler_pic_works=yes
lt_cv_prog_compiler_rtti_exceptions=no
lt_cv_prog_compiler_static_works=yes
lt_cv_prog_gnu_ld=yes
lt_cv_sharedlib_from_linklib_cmd='printf %s\n'
lt_cv_shlibpath_overrides_runpath=no
lt_cv_sys_global_symbol_pipe='sed -n -e '\''s/^.*[	 ]\([ABCDGIRSTW][ABCDGIRSTW]*\)[	 ][	 ]*\([_A-Za-z][_A-Za-z0-9]*\)$/\1 \2 \2/p'\'' | sed '\''/ __gnu_lto/d'\'''
lt_cv_sys_global_symbol_to_c_name_address='sed -n -e '\''s/^: \(.*\) .*$/  {"\1", (void *) 0},/p'\'' -e '\''s/^[ABCDGIRSTW][ABCDGIRSTW]* .* \(.*\)$/  {"\1", (void *) \&\1},/p'\'''
lt_cv_sys_global_symbol_to_c_name_address_lib_prefix='sed -n -e '\''s/^: \(.*\) .*$/  {"\1", (void *) 0},/p'\'' -e '\''s/^[ABCDGIRSTW][ABCDGIRSTW]* .* \(lib.*\)$/  {"\1", (void *) \&\1},/p'\'' -e '\''s/^[ABCDGIRSTW][ABCDGIRSTW]* .* \(.*\)$/  {"lib\1", (void *) \&\1},/p'\'''
lt_cv_sys_global_symbol_to_cdecl='sed -n -e '\''s/^T .* \(.*\)$/extern int \1();/p'\'' -e '\''s/^[ABCDGIRSTW][ABCDGIRSTW]* .* \(.*\)$/extern char \1;/p'\'''
lt_cv_sys_global_symbol_to_import=
lt_cv_sys_max_cmd_len=1572864
lt_cv_to_host_file_cmd=func_convert_file_noop
lt_cv_to_tool_file_cmd=func_convert_file_noop
lt_cv_truncate_bin='/usr/bin/dd bs=4096 count=1'

## ----------------- ##
## Output variables. ##
## ----------------- ##

ACLOCAL='${SHELL} '\''/home/sunxilong/work/mycode/my_avahi_v3/dependence/src/libmd_build/libmd-1.0.4/build-aux/missing'\'' aclocal-1.16'
AMDEPBACKSLASH=''
AMDEP_FALSE=''
AMDEP_TRUE='#'
AMTAR='$${TAR-tar}'
AM_BACKSLASH='\'
AM_DEFAULT_V='$(AM_DEFAULT_VERBOSITY)'
AM_DEFAULT_VERBOSITY='0'
AM_V='$(V)'
AR='/home/sunxilong/work/disk4T/code/sxw0505/tools/gcc-11.1.0-20210608-sigmastar-glibc-x86_64_arm-linux-gnueabihf/bin/arm-linux-gnueabihf-ar'
AUTOCONF='${SHELL} '\''/home/sunxilong/work/mycode/my_avahi_v3/dependence/src/libmd_build/libmd-1.0.4/build-aux/missing'\'' autoconf'
AUTOHEADER='${SHELL} '\''/home/sunxilong/work/mycode/my_avahi_v3/dependence/src/libmd_build/libmd-1.0.4/build-aux/missing'\'' autoheader'
AUTOMAKE='${SHELL} '\''/home/sunxilong/work/mycode/my_avahi_v3/dependence/src/libmd_build/libmd-1.0.4/build-aux/missing'\'' automake-1.16'
AWK='mawk'
CC='/home/sunxilong/work/disk4T/code/sxw0505/tools/gcc-11.1.0-20210608-sigmastar-glibc-x86_64_arm-linux-gnueabihf/bin/arm-linux-gnueabihf-gcc -marm'
CCDEPMODE='depmode=none'
CFLAGS=' -Wall -Wextra -Wbad-function-cast -Wc99-c11-compat -Wcast-align -Wdeclaration-after-statement -Wduplicated-branches -Wduplicated-cond -Wformat -Wformat-security -Wformat=2 -Winit-self -Wlogical-not-parentheses -Wlogical-op -Wmissing-declarations -Wmissing-format-attribute -Wmissing-prototypes -Wnested-externs -Wno-unused-parameter -Wnull-dereference -Wold-style-definition -Wpointer-arith -Wredundant-decls -Wrestrict -Wshadow -Wshift-negative-value -Wsizeof-array-argument -Wstrict-prototypes -Wswitch-bool -Wvla -Wwrite-strings -g -O2'
CPPFLAGS=''
CSCOPE='cscope'
CTAGS='ctags'
CYGPATH_W='echo'
DEFS='-DHAVE_CONFIG_H'
DEPDIR='.deps'
DLLTOOL='false'
DSYMUTIL=''
DUMPBIN=':'
ECHO_C=''
ECHO_N='-n'
ECHO_T=''
EGREP='/usr/bin/grep -E'
ETAGS='etags'
EXEEXT=''
FGREP='/usr/bin/grep -F'
GREP='/usr/bin/grep'
HAVE_LINKER_VERSION_SCRIPT_FALSE='#'
HAVE_LINKER_VERSION_SCRIPT_TRUE=''
INSTALL_DATA='${INSTALL} -m 644'
INSTALL_PROGRAM='${INSTALL}'
INSTALL_SCRIPT='${INSTALL}'
INSTALL_STRIP_PROGRAM='$(install_sh) -c -s'
LD='/home/sunxilong/work/disk4T/code/sxw0505/tools/gcc-11.1.0-20210608-sigmastar-glibc-x86_64_arm-linux-gnueabihf/arm-linux-gnueabihf/bin/ld'
LDFLAGS=''
LIBMD_ABI='0:0:5'
LIBOBJS=''
LIBS=''
LIBTOOL='$(SHELL) $(top_builddir)/libtool'
LIPO=''
LN_S='ln -s'
LTLIBOBJS=''
LT_SYS_LIBRARY_PATH=''
MAKEINFO='${SHELL} '\''/home/sunxilong/work/mycode/my_avahi_v3/dependence/src/libmd_build/libmd-1.0.4/build-aux/missing'\'' makeinfo'
MANIFEST_TOOL=':'
MKDIR_P='/usr/bin/mkdir -p'
NM='nm'
NMEDIT=''
OBJDUMP='objdump'
OBJEXT='o'
OTOOL64=''
OTOOL=''
PACKAGE='libmd'
PACKAGE_BUGREPORT='libbsd@lists.freedesktop.org'
PACKAGE_NAME='libmd'
PACKAGE_STRING='libmd 1.0.4'
PACKAGE_TARNAME='libmd'
PACKAGE_URL=''
PACKAGE_VERSION='1.0.4'
PATH_SEPARATOR=':'
RANLIB='/home/sunxilong/work/disk4T/code/sxw0505/tools/gcc-11.1.0-20210608-sigmastar-glibc-x86_64_arm-linux-gnueabihf/bin/arm-linux-gnueabihf-ranlib'
SED='/usr/bin/sed'
SET_MAKE=''
SHELL='/bin/bash'
STRIP='strip'
VERSION='1.0.4'
ac_ct_AR=''
ac_ct_CC=''
ac_ct_DUMPBIN='link -dump'
am__EXEEXT_FALSE=''
am__EXEEXT_TRUE='#'
am__fastdepCC_FALSE=''
am__fastdepCC_TRUE='#'
am__include='include'
am__isrc=''
am__leading_dot='.'
am__nodep=''
am__quote=''
am__tar='$${TAR-tar} chof - "$$tardir"'
am__untar='$${TAR-tar} xf -'
bindir='${exec_prefix}/bin'
build='x86_64-pc-linux-gnu'
build_alias='x86_64-pc-linux-gnu'
build_cpu='x86_64'
build_os='linux-gnu'
build_vendor='pc'
datadir='${datarootdir}'
datarootdir='${prefix}/share'
docdir='${datarootdir}/doc/${PACKAGE_TARNAME}'
dvidir='${docdir}'
exec_prefix='${prefix}'
host='arm-unknown-linux-gnueabihf'
host_alias='arm-linux-gnueabihf'
host_cpu='arm'
host_os='linux-gnueabihf'
host_vendor='unknown'
htmldir='${docdir}'
includedir='${prefix}/include'
infodir='${datarootdir}/info'
install_sh='${SHELL} /home/sunxilong/work/mycode/my_avahi_v3/dependence/src/libmd_build/libmd-1.0.4/build-aux/install-sh'
libdir='${exec_prefix}/lib'
libexecdir='${exec_prefix}/libexec'
localedir='${datarootdir}/locale'
localstatedir='${prefix}/var'
mandir='${datarootdir}/man'
mkdir_p='$(MKDIR_P)'
oldincludedir='/usr/include'
pdfdir='${docdir}'
prefix='/home/sunxilong/work/mycode/my_avahi_v3/dependence/install'
program_transform_name='s,x,x,'
psdir='${docdir}'
runstatedir='${localstatedir}/run'
sbindir='${exec_prefix}/sbin'
sharedstatedir='${prefix}/com'
sysconfdir='${prefix}/etc'
target_alias=''

## ----------- ##
## confdefs.h. ##
## ----------- ##

/* confdefs.h */
#define PACKAGE_NAME "libmd"
#define PACKAGE_TARNAME "libmd"
#define PACKAGE_VERSION "1.0.4"
#define PACKAGE_STRING "libmd 1.0.4"
#define PACKAGE_BUGREPORT "libbsd@lists.freedesktop.org"
#define PACKAGE_URL ""
#define PACKAGE "libmd"
#define VERSION "1.0.4"
#define HAVE_STDIO_H 1
#define HAVE_STDLIB_H 1
#define HAVE_STRING_H 1
#define HAVE_INTTYPES_H 1
#define HAVE_STDINT_H 1
#define HAVE_STRINGS_H 1
#define HAVE_SYS_STAT_H 1
#define HAVE_SYS_TYPES_H 1
#define HAVE_UNISTD_H 1
#define HAVE_WCHAR_H 1
#define STDC_HEADERS 1
#define _ALL_SOURCE 1
#define _DARWIN_C_SOURCE 1
#define _GNU_SOURCE 1
#define _HPUX_ALT_XOPEN_SOCKET_API 1
#define _NETBSD_SOURCE 1
#define _OPENBSD_SOURCE 1
#define _POSIX_PTHREAD_SEMANTICS 1
#define __STDC_WANT_IEC_60559_ATTRIBS_EXT__ 1
#define __STDC_WANT_IEC_60559_BFP_EXT__ 1
#define __STDC_WANT_IEC_60559_DFP_EXT__ 1
#define __STDC_WANT_IEC_60559_FUNCS_EXT__ 1
#define __STDC_WANT_IEC_60559_TYPES_EXT__ 1
#define __STDC_WANT_LIB_EXT2__ 1
#define __STDC_WANT_MATH_SPEC_FUNCS__ 1
#define _TANDEM_SOURCE 1
#define __EXTENSIONS__ 1
#define _FILE_OFFSET_BITS 64
#define HAVE_DLFCN_H 1
#define LT_OBJDIR ".libs/"
#define HAVE_UNISTD_H 1

configure: exit 0
