This file contains any messages produced by compilers while
running configure, to aid debugging if configure makes a mistake.

It was created by libbsd configure 0.11.7, which was
generated by GNU Autoconf 2.71.  Invocation command line was

  $ ./configure --build=x86_64-pc-linux-gnu --host=arm-linux-gnueabihf --prefix=/home/sunxilong/work/mycode/my_avahi_v3/dependence/install --disable-shared --enable-static --disable-dependency-tracking --without-sysroot 'CC=/home/sunxilong/work/disk4T/code/sxw0505/tools/gcc-11.1.0-20210608-sigmastar-glibc-x86_64_arm-linux-gnueabihf/bin/arm-linux-gnueabihf-gcc -marm' CPP=/home/sunxilong/work/disk4T/code/sxw0505/tools/gcc-11.1.0-20210608-sigmastar-glibc-x86_64_arm-linux-gnueabihf/bin/arm-linux-gnueabihf-cpp CFLAGS=-I/home/sunxilong/work/mycode/my_avahi_v3/dependence/install/include 'LDFLAGS=-L/home/sunxilong/work/mycode/my_avahi_v3/dependence/install/lib -lmd'

## --------- ##
## Platform. ##
## --------- ##

hostname = sunxilong-System-Product-Name
uname -m = x86_64
uname -r = 5.15.0-139-generic
uname -s = Linux
uname -v = #149~20.04.1-Ubuntu SMP Wed Apr 16 08:29:56 UTC 2025

/usr/bin/uname -p = x86_64
/bin/uname -X     = unknown

/bin/arch              = x86_64
/usr/bin/arch -k       = unknown
/usr/convex/getsysinfo = unknown
/usr/bin/hostinfo      = unknown
/bin/machine           = unknown
/usr/bin/oslevel       = unknown
/bin/universe          = unknown

PATH: /home/sunxilong/.nvm/versions/node/v16.20.2/bin/
PATH: /usr/local/sbin/
PATH: /usr/local/bin/
PATH: /usr/sbin/
PATH: /usr/bin/
PATH: /sbin/
PATH: /bin/
PATH: /usr/games/
PATH: /usr/local/games/
PATH: /snap/bin/
PATH: /home/sunxilong/bin/init/
PATH: /home/sunxilong/work/tftp/sx_work/buildTools/


## ----------- ##
## Core tests. ##
## ----------- ##

configure:2644: looking for aux files: config.guess config.sub ltmain.sh compile missing install-sh
configure:2657:  trying ./build-aux/
configure:2686:   ./build-aux/config.guess found
configure:2686:   ./build-aux/config.sub found
configure:2686:   ./build-aux/ltmain.sh found
configure:2686:   ./build-aux/compile found
configure:2686:   ./build-aux/missing found
configure:2668:   ./build-aux/install-sh found
configure:2819: checking for a BSD-compatible install
configure:2892: result: /usr/bin/install -c
configure:2903: checking whether build environment is sane
configure:2958: result: yes
configure:3012: checking for arm-linux-gnueabihf-strip
configure:3047: result: no
configure:3057: checking for strip
configure:3078: found /usr/bin/strip
configure:3089: result: strip
configure:3101: WARNING: using cross tools not prefixed with host triplet
configure:3115: checking for a race-free mkdir -p
configure:3159: result: /usr/bin/mkdir -p
configure:3166: checking for gawk
configure:3201: result: no
configure:3166: checking for mawk
configure:3187: found /usr/bin/mawk
configure:3198: result: mawk
configure:3209: checking whether make sets $(MAKE)
configure:3232: result: yes
configure:3262: checking whether make supports nested variables
configure:3280: result: yes
configure:3429: checking whether make supports nested variables
configure:3447: result: yes
configure:3483: checking whether make supports the include directive
configure:3498: make -f confmf.GNU && cat confinc.out
this is the am__doit target
configure:3501: $? = 0
configure:3520: result: yes (GNU style)
configure:3551: checking for arm-linux-gnueabihf-gcc
configure:3583: result: /home/sunxilong/work/disk4T/code/sxw0505/tools/gcc-11.1.0-20210608-sigmastar-glibc-x86_64_arm-linux-gnueabihf/bin/arm-linux-gnueabihf-gcc -marm
configure:3981: checking for C compiler version
configure:3990: /home/sunxilong/work/disk4T/code/sxw0505/tools/gcc-11.1.0-20210608-sigmastar-glibc-x86_64_arm-linux-gnueabihf/bin/arm-linux-gnueabihf-gcc -marm --version >&5
arm-linux-gnueabihf-gcc (GCC) 11.1.0
Copyright (C) 2021 Free Software Foundation, Inc.
This is free software; see the source for copying conditions.  There is NO
warranty; not even for MERCHANTABILITY or FITNESS FOR A PARTICULAR PURPOSE.

configure:4001: $? = 0
configure:3990: /home/sunxilong/work/disk4T/code/sxw0505/tools/gcc-11.1.0-20210608-sigmastar-glibc-x86_64_arm-linux-gnueabihf/bin/arm-linux-gnueabihf-gcc -marm -v >&5
Using built-in specs.
COLLECT_GCC=/home/sunxilong/work/disk4T/code/sxw0505/tools/gcc-11.1.0-20210608-sigmastar-glibc-x86_64_arm-linux-gnueabihf/bin/arm-linux-gnueabihf-gcc
COLLECT_LTO_WRAPPER=/home/sunxilong/work/disk4T/code/sxw0505/tools/gcc-11.1.0-20210608-sigmastar-glibc-x86_64_arm-linux-gnueabihf/bin/../libexec/gcc/arm-linux-gnueabihf/11.1.0/lto-wrapper
Target: arm-linux-gnueabihf
Configured with: '/home/zhangzuhuang/linaro-abe/download/build/snapshots/gcc.git~releases~gcc-11.1.0/configure' SHELL=/bin/sh --with-mpc=/home/zhangzuhuang/linaro-abe/download/build/builds/destdir/x86_64-pc-linux-gnu --with-mpfr=/home/zhangzuhuang/linaro-abe/download/build/builds/destdir/x86_64-pc-linux-gnu --with-gmp=/home/zhangzuhuang/linaro-abe/download/build/builds/destdir/x86_64-pc-linux-gnu --with-gnu-as --with-gnu-ld --disable-libmudflap --enable-lto --enable-shared --without-included-gettext --enable-nls --with-system-zlib --disable-sjlj-exceptions --enable-gnu-unique-object --enable-linker-build-id --disable-libstdcxx-pch --enable-c99 --enable-clocale=gnu --enable-libstdcxx-debug --enable-long-long --with-cloog=no --with-ppl=no --with-isl=no --disable-multilib --with-float=hard --with-fpu=neon-vfpv4 --with-mode=thumb --with-arch=armv7-a --enable-threads=posix --enable-multiarch --enable-libstdcxx-time=yes --enable-gnu-indirect-function --with-sysroot=/home/zhangzuhuang/linaro-abe/download/build/builds/destdir/x86_64-pc-linux-gnu/arm-linux-gnueabihf/libc --enable-checking=release --disable-bootstrap --enable-languages=c,c++,fortran,lto --prefix=/home/zhangzuhuang/linaro-abe/download/build/builds/destdir/x86_64-pc-linux-gnu --build=x86_64-pc-linux-gnu --host=x86_64-pc-linux-gnu --target=arm-linux-gnueabihf
Thread model: posix
Supported LTO compression algorithms: zlib
gcc version 11.1.0 (GCC) 
configure:4001: $? = 0
configure:3990: /home/sunxilong/work/disk4T/code/sxw0505/tools/gcc-11.1.0-20210608-sigmastar-glibc-x86_64_arm-linux-gnueabihf/bin/arm-linux-gnueabihf-gcc -marm -V >&5
arm-linux-gnueabihf-gcc: error: unrecognized command-line option '-V'
arm-linux-gnueabihf-gcc: fatal error: no input files
compilation terminated.
configure:4001: $? = 1
configure:3990: /home/sunxilong/work/disk4T/code/sxw0505/tools/gcc-11.1.0-20210608-sigmastar-glibc-x86_64_arm-linux-gnueabihf/bin/arm-linux-gnueabihf-gcc -marm -qversion >&5
arm-linux-gnueabihf-gcc: error: unrecognized command-line option '-qversion'; did you mean '--version'?
arm-linux-gnueabihf-gcc: fatal error: no input files
compilation terminated.
configure:4001: $? = 1
configure:3990: /home/sunxilong/work/disk4T/code/sxw0505/tools/gcc-11.1.0-20210608-sigmastar-glibc-x86_64_arm-linux-gnueabihf/bin/arm-linux-gnueabihf-gcc -marm -version >&5
arm-linux-gnueabihf-gcc: error: unrecognized command-line option '-version'
arm-linux-gnueabihf-gcc: fatal error: no input files
compilation terminated.
configure:4001: $? = 1
configure:4021: checking whether the C compiler works
configure:4043: /home/sunxilong/work/disk4T/code/sxw0505/tools/gcc-11.1.0-20210608-sigmastar-glibc-x86_64_arm-linux-gnueabihf/bin/arm-linux-gnueabihf-gcc -marm -I/home/sunxilong/work/mycode/my_avahi_v3/dependence/install/include  -L/home/sunxilong/work/mycode/my_avahi_v3/dependence/install/lib -lmd conftest.c  >&5
configure:4047: $? = 0
configure:4097: result: yes
configure:4100: checking for C compiler default output file name
configure:4102: result: a.out
configure:4108: checking for suffix of executables
configure:4115: /home/sunxilong/work/disk4T/code/sxw0505/tools/gcc-11.1.0-20210608-sigmastar-glibc-x86_64_arm-linux-gnueabihf/bin/arm-linux-gnueabihf-gcc -marm -o conftest -I/home/sunxilong/work/mycode/my_avahi_v3/dependence/install/include  -L/home/sunxilong/work/mycode/my_avahi_v3/dependence/install/lib -lmd conftest.c  >&5
configure:4119: $? = 0
configure:4142: result: 
configure:4164: checking whether we are cross compiling
configure:4202: result: yes
configure:4207: checking for suffix of object files
configure:4230: /home/sunxilong/work/disk4T/code/sxw0505/tools/gcc-11.1.0-20210608-sigmastar-glibc-x86_64_arm-linux-gnueabihf/bin/arm-linux-gnueabihf-gcc -marm -c -I/home/sunxilong/work/mycode/my_avahi_v3/dependence/install/include  conftest.c >&5
configure:4234: $? = 0
configure:4256: result: o
configure:4260: checking whether the compiler supports GNU C
configure:4280: /home/sunxilong/work/disk4T/code/sxw0505/tools/gcc-11.1.0-20210608-sigmastar-glibc-x86_64_arm-linux-gnueabihf/bin/arm-linux-gnueabihf-gcc -marm -c -I/home/sunxilong/work/mycode/my_avahi_v3/dependence/install/include  conftest.c >&5
configure:4280: $? = 0
configure:4290: result: yes
configure:4301: checking whether /home/sunxilong/work/disk4T/code/sxw0505/tools/gcc-11.1.0-20210608-sigmastar-glibc-x86_64_arm-linux-gnueabihf/bin/arm-linux-gnueabihf-gcc -marm accepts -g
configure:4322: /home/sunxilong/work/disk4T/code/sxw0505/tools/gcc-11.1.0-20210608-sigmastar-glibc-x86_64_arm-linux-gnueabihf/bin/arm-linux-gnueabihf-gcc -marm -c -g  conftest.c >&5
configure:4322: $? = 0
configure:4366: result: yes
configure:4386: checking for /home/sunxilong/work/disk4T/code/sxw0505/tools/gcc-11.1.0-20210608-sigmastar-glibc-x86_64_arm-linux-gnueabihf/bin/arm-linux-gnueabihf-gcc -marm option to enable C11 features
configure:4401: /home/sunxilong/work/disk4T/code/sxw0505/tools/gcc-11.1.0-20210608-sigmastar-glibc-x86_64_arm-linux-gnueabihf/bin/arm-linux-gnueabihf-gcc -marm  -c -I/home/sunxilong/work/mycode/my_avahi_v3/dependence/install/include  conftest.c >&5
configure:4401: $? = 0
configure:4419: result: none needed
configure:4535: checking whether /home/sunxilong/work/disk4T/code/sxw0505/tools/gcc-11.1.0-20210608-sigmastar-glibc-x86_64_arm-linux-gnueabihf/bin/arm-linux-gnueabihf-gcc -marm understands -c and -o together
configure:4558: /home/sunxilong/work/disk4T/code/sxw0505/tools/gcc-11.1.0-20210608-sigmastar-glibc-x86_64_arm-linux-gnueabihf/bin/arm-linux-gnueabihf-gcc -marm -c conftest.c -o conftest2.o
configure:4561: $? = 0
configure:4558: /home/sunxilong/work/disk4T/code/sxw0505/tools/gcc-11.1.0-20210608-sigmastar-glibc-x86_64_arm-linux-gnueabihf/bin/arm-linux-gnueabihf-gcc -marm -c conftest.c -o conftest2.o
configure:4561: $? = 0
configure:4573: result: yes
configure:4592: checking dependency style of /home/sunxilong/work/disk4T/code/sxw0505/tools/gcc-11.1.0-20210608-sigmastar-glibc-x86_64_arm-linux-gnueabihf/bin/arm-linux-gnueabihf-gcc -marm
configure:4704: result: none
configure:4724: checking for stdio.h
configure:4724: /home/sunxilong/work/disk4T/code/sxw0505/tools/gcc-11.1.0-20210608-sigmastar-glibc-x86_64_arm-linux-gnueabihf/bin/arm-linux-gnueabihf-gcc -marm -c -I/home/sunxilong/work/mycode/my_avahi_v3/dependence/install/include  conftest.c >&5
configure:4724: $? = 0
configure:4724: result: yes
configure:4724: checking for stdlib.h
configure:4724: /home/sunxilong/work/disk4T/code/sxw0505/tools/gcc-11.1.0-20210608-sigmastar-glibc-x86_64_arm-linux-gnueabihf/bin/arm-linux-gnueabihf-gcc -marm -c -I/home/sunxilong/work/mycode/my_avahi_v3/dependence/install/include  conftest.c >&5
configure:4724: $? = 0
configure:4724: result: yes
configure:4724: checking for string.h
configure:4724: /home/sunxilong/work/disk4T/code/sxw0505/tools/gcc-11.1.0-20210608-sigmastar-glibc-x86_64_arm-linux-gnueabihf/bin/arm-linux-gnueabihf-gcc -marm -c -I/home/sunxilong/work/mycode/my_avahi_v3/dependence/install/include  conftest.c >&5
configure:4724: $? = 0
configure:4724: result: yes
configure:4724: checking for inttypes.h
configure:4724: /home/sunxilong/work/disk4T/code/sxw0505/tools/gcc-11.1.0-20210608-sigmastar-glibc-x86_64_arm-linux-gnueabihf/bin/arm-linux-gnueabihf-gcc -marm -c -I/home/sunxilong/work/mycode/my_avahi_v3/dependence/install/include  conftest.c >&5
configure:4724: $? = 0
configure:4724: result: yes
configure:4724: checking for stdint.h
configure:4724: /home/sunxilong/work/disk4T/code/sxw0505/tools/gcc-11.1.0-20210608-sigmastar-glibc-x86_64_arm-linux-gnueabihf/bin/arm-linux-gnueabihf-gcc -marm -c -I/home/sunxilong/work/mycode/my_avahi_v3/dependence/install/include  conftest.c >&5
configure:4724: $? = 0
configure:4724: result: yes
configure:4724: checking for strings.h
configure:4724: /home/sunxilong/work/disk4T/code/sxw0505/tools/gcc-11.1.0-20210608-sigmastar-glibc-x86_64_arm-linux-gnueabihf/bin/arm-linux-gnueabihf-gcc -marm -c -I/home/sunxilong/work/mycode/my_avahi_v3/dependence/install/include  conftest.c >&5
configure:4724: $? = 0
configure:4724: result: yes
configure:4724: checking for sys/stat.h
configure:4724: /home/sunxilong/work/disk4T/code/sxw0505/tools/gcc-11.1.0-20210608-sigmastar-glibc-x86_64_arm-linux-gnueabihf/bin/arm-linux-gnueabihf-gcc -marm -c -I/home/sunxilong/work/mycode/my_avahi_v3/dependence/install/include  conftest.c >&5
configure:4724: $? = 0
configure:4724: result: yes
configure:4724: checking for sys/types.h
configure:4724: /home/sunxilong/work/disk4T/code/sxw0505/tools/gcc-11.1.0-20210608-sigmastar-glibc-x86_64_arm-linux-gnueabihf/bin/arm-linux-gnueabihf-gcc -marm -c -I/home/sunxilong/work/mycode/my_avahi_v3/dependence/install/include  conftest.c >&5
configure:4724: $? = 0
configure:4724: result: yes
configure:4724: checking for unistd.h
configure:4724: /home/sunxilong/work/disk4T/code/sxw0505/tools/gcc-11.1.0-20210608-sigmastar-glibc-x86_64_arm-linux-gnueabihf/bin/arm-linux-gnueabihf-gcc -marm -c -I/home/sunxilong/work/mycode/my_avahi_v3/dependence/install/include  conftest.c >&5
configure:4724: $? = 0
configure:4724: result: yes
configure:4724: checking for wchar.h
configure:4724: /home/sunxilong/work/disk4T/code/sxw0505/tools/gcc-11.1.0-20210608-sigmastar-glibc-x86_64_arm-linux-gnueabihf/bin/arm-linux-gnueabihf-gcc -marm -c -I/home/sunxilong/work/mycode/my_avahi_v3/dependence/install/include  conftest.c >&5
configure:4724: $? = 0
configure:4724: result: yes
configure:4724: checking for minix/config.h
configure:4724: /home/sunxilong/work/disk4T/code/sxw0505/tools/gcc-11.1.0-20210608-sigmastar-glibc-x86_64_arm-linux-gnueabihf/bin/arm-linux-gnueabihf-gcc -marm -c -I/home/sunxilong/work/mycode/my_avahi_v3/dependence/install/include  conftest.c >&5
conftest.c:49:10: fatal error: minix/config.h: No such file or directory
   49 | #include <minix/config.h>
      |          ^~~~~~~~~~~~~~~~
compilation terminated.
configure:4724: $? = 1
configure: failed program was:
| /* confdefs.h */
| #define PACKAGE_NAME "libbsd"
| #define PACKAGE_TARNAME "libbsd"
| #define PACKAGE_VERSION "0.11.7"
| #define PACKAGE_STRING "libbsd 0.11.7"
| #define PACKAGE_BUGREPORT "libbsd@lists.freedesktop.org"
| #define PACKAGE_URL ""
| #define PACKAGE "libbsd"
| #define VERSION "0.11.7"
| #define HAVE_STDIO_H 1
| #define HAVE_STDLIB_H 1
| #define HAVE_STRING_H 1
| #define HAVE_INTTYPES_H 1
| #define HAVE_STDINT_H 1
| #define HAVE_STRINGS_H 1
| #define HAVE_SYS_STAT_H 1
| #define HAVE_SYS_TYPES_H 1
| #define HAVE_UNISTD_H 1
| #define HAVE_WCHAR_H 1
| /* end confdefs.h.  */
| #include <stddef.h>
| #ifdef HAVE_STDIO_H
| # include <stdio.h>
| #endif
| #ifdef HAVE_STDLIB_H
| # include <stdlib.h>
| #endif
| #ifdef HAVE_STRING_H
| # include <string.h>
| #endif
| #ifdef HAVE_INTTYPES_H
| # include <inttypes.h>
| #endif
| #ifdef HAVE_STDINT_H
| # include <stdint.h>
| #endif
| #ifdef HAVE_STRINGS_H
| # include <strings.h>
| #endif
| #ifdef HAVE_SYS_TYPES_H
| # include <sys/types.h>
| #endif
| #ifdef HAVE_SYS_STAT_H
| # include <sys/stat.h>
| #endif
| #ifdef HAVE_UNISTD_H
| # include <unistd.h>
| #endif
| #include <minix/config.h>
configure:4724: result: no
configure:4755: checking whether it is safe to define __EXTENSIONS__
configure:4774: /home/sunxilong/work/disk4T/code/sxw0505/tools/gcc-11.1.0-20210608-sigmastar-glibc-x86_64_arm-linux-gnueabihf/bin/arm-linux-gnueabihf-gcc -marm -c -I/home/sunxilong/work/mycode/my_avahi_v3/dependence/install/include  conftest.c >&5
configure:4774: $? = 0
configure:4782: result: yes
configure:4785: checking whether _XOPEN_SOURCE should be defined
configure:4807: /home/sunxilong/work/disk4T/code/sxw0505/tools/gcc-11.1.0-20210608-sigmastar-glibc-x86_64_arm-linux-gnueabihf/bin/arm-linux-gnueabihf-gcc -marm -c -I/home/sunxilong/work/mycode/my_avahi_v3/dependence/install/include  conftest.c >&5
configure:4807: $? = 0
configure:4834: result: no
configure:4898: checking for special C compiler options needed for large files
configure:4946: result: no
configure:4952: checking for _FILE_OFFSET_BITS value needed for large files
configure:4978: /home/sunxilong/work/disk4T/code/sxw0505/tools/gcc-11.1.0-20210608-sigmastar-glibc-x86_64_arm-linux-gnueabihf/bin/arm-linux-gnueabihf-gcc -marm -c -I/home/sunxilong/work/mycode/my_avahi_v3/dependence/install/include  conftest.c >&5
conftest.c:43:39: warning: result of '-2147483648 << 31' requires 63 bits to represent, but 'long int' only has 32 bits [-Wshift-overflow=]
   43 | #define LARGE_OFF_T (((off_t) 1 << 31 << 31) - 1 + ((off_t) 1 << 31 << 31))
      |                                       ^~
conftest.c:44:23: note: in expansion of macro 'LARGE_OFF_T'
   44 |   int off_t_is_large[(LARGE_OFF_T % 2147483629 == 721
      |                       ^~~~~~~~~~~
conftest.c:43:69: warning: result of '-2147483648 << 31' requires 63 bits to represent, but 'long int' only has 32 bits [-Wshift-overflow=]
   43 | #define LARGE_OFF_T (((off_t) 1 << 31 << 31) - 1 + ((off_t) 1 << 31 << 31))
      |                                                                     ^~
conftest.c:44:23: note: in expansion of macro 'LARGE_OFF_T'
   44 |   int off_t_is_large[(LARGE_OFF_T % 2147483629 == 721
      |                       ^~~~~~~~~~~
conftest.c:43:39: warning: result of '-2147483648 << 31' requires 63 bits to represent, but 'long int' only has 32 bits [-Wshift-overflow=]
   43 | #define LARGE_OFF_T (((off_t) 1 << 31 << 31) - 1 + ((off_t) 1 << 31 << 31))
      |                                       ^~
conftest.c:45:27: note: in expansion of macro 'LARGE_OFF_T'
   45 |                        && LARGE_OFF_T % 2147483647 == 1)
      |                           ^~~~~~~~~~~
conftest.c:43:69: warning: result of '-2147483648 << 31' requires 63 bits to represent, but 'long int' only has 32 bits [-Wshift-overflow=]
   43 | #define LARGE_OFF_T (((off_t) 1 << 31 << 31) - 1 + ((off_t) 1 << 31 << 31))
      |                                                                     ^~
conftest.c:45:27: note: in expansion of macro 'LARGE_OFF_T'
   45 |                        && LARGE_OFF_T % 2147483647 == 1)
      |                           ^~~~~~~~~~~
conftest.c:44:7: error: variably modified 'off_t_is_large' at file scope
   44 |   int off_t_is_large[(LARGE_OFF_T % 2147483629 == 721
      |       ^~~~~~~~~~~~~~
configure:4978: $? = 1
configure: failed program was:
| /* confdefs.h */
| #define PACKAGE_NAME "libbsd"
| #define PACKAGE_TARNAME "libbsd"
| #define PACKAGE_VERSION "0.11.7"
| #define PACKAGE_STRING "libbsd 0.11.7"
| #define PACKAGE_BUGREPORT "libbsd@lists.freedesktop.org"
| #define PACKAGE_URL ""
| #define PACKAGE "libbsd"
| #define VERSION "0.11.7"
| #define HAVE_STDIO_H 1
| #define HAVE_STDLIB_H 1
| #define HAVE_STRING_H 1
| #define HAVE_INTTYPES_H 1
| #define HAVE_STDINT_H 1
| #define HAVE_STRINGS_H 1
| #define HAVE_SYS_STAT_H 1
| #define HAVE_SYS_TYPES_H 1
| #define HAVE_UNISTD_H 1
| #define HAVE_WCHAR_H 1
| #define STDC_HEADERS 1
| #define _ALL_SOURCE 1
| #define _DARWIN_C_SOURCE 1
| #define _GNU_SOURCE 1
| #define _HPUX_ALT_XOPEN_SOCKET_API 1
| #define _NETBSD_SOURCE 1
| #define _OPENBSD_SOURCE 1
| #define _POSIX_PTHREAD_SEMANTICS 1
| #define __STDC_WANT_IEC_60559_ATTRIBS_EXT__ 1
| #define __STDC_WANT_IEC_60559_BFP_EXT__ 1
| #define __STDC_WANT_IEC_60559_DFP_EXT__ 1
| #define __STDC_WANT_IEC_60559_FUNCS_EXT__ 1
| #define __STDC_WANT_IEC_60559_TYPES_EXT__ 1
| #define __STDC_WANT_LIB_EXT2__ 1
| #define __STDC_WANT_MATH_SPEC_FUNCS__ 1
| #define _TANDEM_SOURCE 1
| #define __EXTENSIONS__ 1
| /* end confdefs.h.  */
| #include <sys/types.h>
|  /* Check that off_t can represent 2**63 - 1 correctly.
|     We can't simply define LARGE_OFF_T to be 9223372036854775807,
|     since some C++ compilers masquerading as C compilers
|     incorrectly reject 9223372036854775807.  */
| #define LARGE_OFF_T (((off_t) 1 << 31 << 31) - 1 + ((off_t) 1 << 31 << 31))
|   int off_t_is_large[(LARGE_OFF_T % 2147483629 == 721
| 		       && LARGE_OFF_T % 2147483647 == 1)
| 		      ? 1 : -1];
| int
| main (void)
| {
| 
|   ;
|   return 0;
| }
configure:5003: /home/sunxilong/work/disk4T/code/sxw0505/tools/gcc-11.1.0-20210608-sigmastar-glibc-x86_64_arm-linux-gnueabihf/bin/arm-linux-gnueabihf-gcc -marm -c -I/home/sunxilong/work/mycode/my_avahi_v3/dependence/install/include  conftest.c >&5
configure:5003: $? = 0
configure:5012: result: 64
configure:5127: checking build system type
configure:5142: result: x86_64-pc-linux-gnu
configure:5162: checking host system type
configure:5176: result: arm-unknown-linux-gnueabihf
configure:5217: checking how to print strings
configure:5244: result: printf
configure:5265: checking for a sed that does not truncate output
configure:5335: result: /usr/bin/sed
configure:5353: checking for grep that handles long lines and -e
configure:5417: result: /usr/bin/grep
configure:5422: checking for egrep
configure:5490: result: /usr/bin/grep -E
configure:5495: checking for fgrep
configure:5563: result: /usr/bin/grep -F
configure:5599: checking for ld used by /home/sunxilong/work/disk4T/code/sxw0505/tools/gcc-11.1.0-20210608-sigmastar-glibc-x86_64_arm-linux-gnueabihf/bin/arm-linux-gnueabihf-gcc -marm
configure:5667: result: /home/sunxilong/work/disk4T/code/sxw0505/tools/gcc-11.1.0-20210608-sigmastar-glibc-x86_64_arm-linux-gnueabihf/arm-linux-gnueabihf/bin/ld
configure:5674: checking if the linker (/home/sunxilong/work/disk4T/code/sxw0505/tools/gcc-11.1.0-20210608-sigmastar-glibc-x86_64_arm-linux-gnueabihf/arm-linux-gnueabihf/bin/ld) is GNU ld
configure:5690: result: yes
configure:5702: checking for BSD- or MS-compatible name lister (nm)
configure:5757: result: no
configure:5771: checking for arm-linux-gnueabihf-dumpbin
configure:5806: result: no
configure:5771: checking for arm-linux-gnueabihf-link
configure:5806: result: no
configure:5820: checking for dumpbin
configure:5855: result: no
configure:5820: checking for link
configure:5841: found /usr/bin/link
configure:5852: result: link -dump
configure:5897: checking the name lister (nm) interface
configure:5905: /home/sunxilong/work/disk4T/code/sxw0505/tools/gcc-11.1.0-20210608-sigmastar-glibc-x86_64_arm-linux-gnueabihf/bin/arm-linux-gnueabihf-gcc -marm -c -I/home/sunxilong/work/mycode/my_avahi_v3/dependence/install/include  conftest.c >&5
configure:5908: nm "conftest.o"
configure:5911: output
00000000 b $d
00000000 B some_variable
configure:5912: result: BSD nm
configure:5915: checking whether ln -s works
configure:5919: result: yes
configure:5927: checking the maximum length of command line arguments
configure:6059: result: 1572864
configure:6107: checking how to convert x86_64-pc-linux-gnu file names to arm-unknown-linux-gnueabihf format
configure:6148: result: func_convert_file_noop
configure:6155: checking how to convert x86_64-pc-linux-gnu file names to toolchain format
configure:6176: result: func_convert_file_noop
configure:6183: checking for /home/sunxilong/work/disk4T/code/sxw0505/tools/gcc-11.1.0-20210608-sigmastar-glibc-x86_64_arm-linux-gnueabihf/arm-linux-gnueabihf/bin/ld option to reload object files
configure:6191: result: -r
configure:6225: checking for arm-linux-gnueabihf-file
configure:6260: result: no
configure:6270: checking for file
configure:6291: found /usr/bin/file
configure:6302: result: file
configure:6333: checking for arm-linux-gnueabihf-objdump
configure:6368: result: no
configure:6378: checking for objdump
configure:6399: found /usr/bin/objdump
configure:6410: result: objdump
configure:6442: checking how to recognize dependent libraries
configure:6643: result: pass_all
configure:6688: checking for arm-linux-gnueabihf-dlltool
configure:6723: result: no
configure:6733: checking for dlltool
configure:6768: result: no
configure:6798: checking how to associate runtime and link libraries
configure:6826: result: printf %s\n
configure:6842: checking for arm-linux-gnueabihf-ar
configure:6874: result: /home/sunxilong/work/disk4T/code/sxw0505/tools/gcc-11.1.0-20210608-sigmastar-glibc-x86_64_arm-linux-gnueabihf/bin/arm-linux-gnueabihf-ar
configure:6976: checking for archiver @FILE support
configure:6994: /home/sunxilong/work/disk4T/code/sxw0505/tools/gcc-11.1.0-20210608-sigmastar-glibc-x86_64_arm-linux-gnueabihf/bin/arm-linux-gnueabihf-gcc -marm -c -I/home/sunxilong/work/mycode/my_avahi_v3/dependence/install/include  conftest.c >&5
configure:6994: $? = 0
configure:6998: /home/sunxilong/work/disk4T/code/sxw0505/tools/gcc-11.1.0-20210608-sigmastar-glibc-x86_64_arm-linux-gnueabihf/bin/arm-linux-gnueabihf-ar cr libconftest.a @conftest.lst >&5
configure:7001: $? = 0
configure:7006: /home/sunxilong/work/disk4T/code/sxw0505/tools/gcc-11.1.0-20210608-sigmastar-glibc-x86_64_arm-linux-gnueabihf/bin/arm-linux-gnueabihf-ar cr libconftest.a @conftest.lst >&5
/home/sunxilong/work/disk4T/code/sxw0505/tools/gcc-11.1.0-20210608-sigmastar-glibc-x86_64_arm-linux-gnueabihf/bin/arm-linux-gnueabihf-ar: conftest.o: No such file or directory
configure:7009: $? = 1
configure:7008: result: @
configure:7026: checking for arm-linux-gnueabihf-strip
configure:7058: result: strip
configure:7135: checking for arm-linux-gnueabihf-ranlib
configure:7167: result: /home/sunxilong/work/disk4T/code/sxw0505/tools/gcc-11.1.0-20210608-sigmastar-glibc-x86_64_arm-linux-gnueabihf/bin/arm-linux-gnueabihf-ranlib
configure:7314: checking command to parse nm output from /home/sunxilong/work/disk4T/code/sxw0505/tools/gcc-11.1.0-20210608-sigmastar-glibc-x86_64_arm-linux-gnueabihf/bin/arm-linux-gnueabihf-gcc -marm object
configure:7468: /home/sunxilong/work/disk4T/code/sxw0505/tools/gcc-11.1.0-20210608-sigmastar-glibc-x86_64_arm-linux-gnueabihf/bin/arm-linux-gnueabihf-gcc -marm -c -I/home/sunxilong/work/mycode/my_avahi_v3/dependence/install/include  conftest.c >&5
configure:7471: $? = 0
configure:7475: nm conftest.o | /usr/bin/sed -n -e 's/^.*[	 ]\([ABCDGIRSTW][ABCDGIRSTW]*\)[	 ][	 ]*\([_A-Za-z][_A-Za-z0-9]*\)$/\1 \2 \2/p' | /usr/bin/sed '/ __gnu_lto/d' > conftest.nm
configure:7541: /home/sunxilong/work/disk4T/code/sxw0505/tools/gcc-11.1.0-20210608-sigmastar-glibc-x86_64_arm-linux-gnueabihf/bin/arm-linux-gnueabihf-gcc -marm -o conftest -I/home/sunxilong/work/mycode/my_avahi_v3/dependence/install/include  -L/home/sunxilong/work/mycode/my_avahi_v3/dependence/install/lib -lmd conftest.c conftstm.o >&5
configure:7544: $? = 0
configure:7582: result: ok
configure:7629: checking for sysroot
configure:7660: result: no
configure:7667: checking for a working dd
configure:7711: result: /usr/bin/dd
configure:7715: checking how to truncate binary pipes
configure:7731: result: /usr/bin/dd bs=4096 count=1
configure:8023: checking for arm-linux-gnueabihf-mt
configure:8058: result: no
configure:8068: checking for mt
configure:8089: found /usr/bin/mt
configure:8100: result: mt
configure:8123: checking if mt is a manifest tool
configure:8130: mt '-?'
configure:8138: result: no
configure:8859: checking for dlfcn.h
configure:8859: /home/sunxilong/work/disk4T/code/sxw0505/tools/gcc-11.1.0-20210608-sigmastar-glibc-x86_64_arm-linux-gnueabihf/bin/arm-linux-gnueabihf-gcc -marm -c -I/home/sunxilong/work/mycode/my_avahi_v3/dependence/install/include  conftest.c >&5
configure:8859: $? = 0
configure:8859: result: yes
configure:9118: checking for objdir
configure:9134: result: .libs
configure:9398: checking if /home/sunxilong/work/disk4T/code/sxw0505/tools/gcc-11.1.0-20210608-sigmastar-glibc-x86_64_arm-linux-gnueabihf/bin/arm-linux-gnueabihf-gcc -marm supports -fno-rtti -fno-exceptions
configure:9417: /home/sunxilong/work/disk4T/code/sxw0505/tools/gcc-11.1.0-20210608-sigmastar-glibc-x86_64_arm-linux-gnueabihf/bin/arm-linux-gnueabihf-gcc -marm -c -I/home/sunxilong/work/mycode/my_avahi_v3/dependence/install/include  -fno-rtti -fno-exceptions conftest.c >&5
cc1: warning: command-line option '-fno-rtti' is valid for C++/D/ObjC++ but not for C
configure:9421: $? = 0
configure:9434: result: no
configure:9798: checking for /home/sunxilong/work/disk4T/code/sxw0505/tools/gcc-11.1.0-20210608-sigmastar-glibc-x86_64_arm-linux-gnueabihf/bin/arm-linux-gnueabihf-gcc -marm option to produce PIC
configure:9806: result: -fPIC -DPIC
configure:9814: checking if /home/sunxilong/work/disk4T/code/sxw0505/tools/gcc-11.1.0-20210608-sigmastar-glibc-x86_64_arm-linux-gnueabihf/bin/arm-linux-gnueabihf-gcc -marm PIC flag -fPIC -DPIC works
configure:9833: /home/sunxilong/work/disk4T/code/sxw0505/tools/gcc-11.1.0-20210608-sigmastar-glibc-x86_64_arm-linux-gnueabihf/bin/arm-linux-gnueabihf-gcc -marm -c -I/home/sunxilong/work/mycode/my_avahi_v3/dependence/install/include  -fPIC -DPIC -DPIC conftest.c >&5
configure:9837: $? = 0
configure:9850: result: yes
configure:9879: checking if /home/sunxilong/work/disk4T/code/sxw0505/tools/gcc-11.1.0-20210608-sigmastar-glibc-x86_64_arm-linux-gnueabihf/bin/arm-linux-gnueabihf-gcc -marm static flag -static works
configure:9908: result: yes
configure:9923: checking if /home/sunxilong/work/disk4T/code/sxw0505/tools/gcc-11.1.0-20210608-sigmastar-glibc-x86_64_arm-linux-gnueabihf/bin/arm-linux-gnueabihf-gcc -marm supports -c -o file.o
configure:9945: /home/sunxilong/work/disk4T/code/sxw0505/tools/gcc-11.1.0-20210608-sigmastar-glibc-x86_64_arm-linux-gnueabihf/bin/arm-linux-gnueabihf-gcc -marm -c -I/home/sunxilong/work/mycode/my_avahi_v3/dependence/install/include  -o out/conftest2.o conftest.c >&5
configure:9949: $? = 0
configure:9971: result: yes
configure:9979: checking if /home/sunxilong/work/disk4T/code/sxw0505/tools/gcc-11.1.0-20210608-sigmastar-glibc-x86_64_arm-linux-gnueabihf/bin/arm-linux-gnueabihf-gcc -marm supports -c -o file.o
configure:10027: result: yes
configure:10060: checking whether the /home/sunxilong/work/disk4T/code/sxw0505/tools/gcc-11.1.0-20210608-sigmastar-glibc-x86_64_arm-linux-gnueabihf/bin/arm-linux-gnueabihf-gcc -marm linker (/home/sunxilong/work/disk4T/code/sxw0505/tools/gcc-11.1.0-20210608-sigmastar-glibc-x86_64_arm-linux-gnueabihf/arm-linux-gnueabihf/bin/ld) supports shared libraries
configure:11334: result: yes
configure:11575: checking dynamic linker characteristics
configure:12157: /home/sunxilong/work/disk4T/code/sxw0505/tools/gcc-11.1.0-20210608-sigmastar-glibc-x86_64_arm-linux-gnueabihf/bin/arm-linux-gnueabihf-gcc -marm -o conftest -I/home/sunxilong/work/mycode/my_avahi_v3/dependence/install/include  -L/home/sunxilong/work/mycode/my_avahi_v3/dependence/install/lib -lmd -Wl,-rpath -Wl,/foo conftest.c  >&5
configure:12157: $? = 0
configure:12408: result: GNU/Linux ld.so
configure:12530: checking how to hardcode library paths into programs
configure:12555: result: immediate
configure:13107: checking whether stripping libraries is possible
configure:13116: result: yes
configure:13158: checking if libtool supports shared libraries
configure:13160: result: yes
configure:13163: checking whether to build shared libraries
configure:13188: result: no
configure:13191: checking whether to build static libraries
configure:13195: result: yes
configure:9978: checking if ld supports --version-script flag
configure:10001: /home/sunxilong/work/disk4T/code/sxw0505/tools/gcc-11.1.0-20210608-sigmastar-glibc-x86_64_arm-linux-gnueabihf/bin/arm-linux-gnueabihf-gcc -marm -o conftest -I/home/sunxilong/work/mycode/my_avahi_v3/dependence/install/include  -L/home/sunxilong/work/mycode/my_avahi_v3/dependence/install/lib -lmd -Wl,--version-script=conftest.map conftest.c  >&5
configure:10001: $? = 0
configure:10018: result: yes
configure:10033: checking for arm-linux-gnueabihf-objdump
configure:10065: result: objdump
configure:10140: checking for arm-linux-gnueabihf-gcc
configure:10172: result: /home/sunxilong/work/disk4T/code/sxw0505/tools/gcc-11.1.0-20210608-sigmastar-glibc-x86_64_arm-linux-gnueabihf/bin/arm-linux-gnueabihf-gcc -marm
configure:10570: checking for C compiler version
configure:10579: /home/sunxilong/work/disk4T/code/sxw0505/tools/gcc-11.1.0-20210608-sigmastar-glibc-x86_64_arm-linux-gnueabihf/bin/arm-linux-gnueabihf-gcc -marm --version >&5
arm-linux-gnueabihf-gcc (GCC) 11.1.0
Copyright (C) 2021 Free Software Foundation, Inc.
This is free software; see the source for copying conditions.  There is NO
warranty; not even for MERCHANTABILITY or FITNESS FOR A PARTICULAR PURPOSE.

configure:10590: $? = 0
configure:10579: /home/sunxilong/work/disk4T/code/sxw0505/tools/gcc-11.1.0-20210608-sigmastar-glibc-x86_64_arm-linux-gnueabihf/bin/arm-linux-gnueabihf-gcc -marm -v >&5
Using built-in specs.
COLLECT_GCC=/home/sunxilong/work/disk4T/code/sxw0505/tools/gcc-11.1.0-20210608-sigmastar-glibc-x86_64_arm-linux-gnueabihf/bin/arm-linux-gnueabihf-gcc
COLLECT_LTO_WRAPPER=/home/sunxilong/work/disk4T/code/sxw0505/tools/gcc-11.1.0-20210608-sigmastar-glibc-x86_64_arm-linux-gnueabihf/bin/../libexec/gcc/arm-linux-gnueabihf/11.1.0/lto-wrapper
Target: arm-linux-gnueabihf
Configured with: '/home/zhangzuhuang/linaro-abe/download/build/snapshots/gcc.git~releases~gcc-11.1.0/configure' SHELL=/bin/sh --with-mpc=/home/zhangzuhuang/linaro-abe/download/build/builds/destdir/x86_64-pc-linux-gnu --with-mpfr=/home/zhangzuhuang/linaro-abe/download/build/builds/destdir/x86_64-pc-linux-gnu --with-gmp=/home/zhangzuhuang/linaro-abe/download/build/builds/destdir/x86_64-pc-linux-gnu --with-gnu-as --with-gnu-ld --disable-libmudflap --enable-lto --enable-shared --without-included-gettext --enable-nls --with-system-zlib --disable-sjlj-exceptions --enable-gnu-unique-object --enable-linker-build-id --disable-libstdcxx-pch --enable-c99 --enable-clocale=gnu --enable-libstdcxx-debug --enable-long-long --with-cloog=no --with-ppl=no --with-isl=no --disable-multilib --with-float=hard --with-fpu=neon-vfpv4 --with-mode=thumb --with-arch=armv7-a --enable-threads=posix --enable-multiarch --enable-libstdcxx-time=yes --enable-gnu-indirect-function --with-sysroot=/home/zhangzuhuang/linaro-abe/download/build/builds/destdir/x86_64-pc-linux-gnu/arm-linux-gnueabihf/libc --enable-checking=release --disable-bootstrap --enable-languages=c,c++,fortran,lto --prefix=/home/zhangzuhuang/linaro-abe/download/build/builds/destdir/x86_64-pc-linux-gnu --build=x86_64-pc-linux-gnu --host=x86_64-pc-linux-gnu --target=arm-linux-gnueabihf
Thread model: posix
Supported LTO compression algorithms: zlib
gcc version 11.1.0 (GCC) 
configure:10590: $? = 0
configure:10579: /home/sunxilong/work/disk4T/code/sxw0505/tools/gcc-11.1.0-20210608-sigmastar-glibc-x86_64_arm-linux-gnueabihf/bin/arm-linux-gnueabihf-gcc -marm -V >&5
arm-linux-gnueabihf-gcc: error: unrecognized command-line option '-V'
arm-linux-gnueabihf-gcc: fatal error: no input files
compilation terminated.
configure:10590: $? = 1
configure:10579: /home/sunxilong/work/disk4T/code/sxw0505/tools/gcc-11.1.0-20210608-sigmastar-glibc-x86_64_arm-linux-gnueabihf/bin/arm-linux-gnueabihf-gcc -marm -qversion >&5
arm-linux-gnueabihf-gcc: error: unrecognized command-line option '-qversion'; did you mean '--version'?
arm-linux-gnueabihf-gcc: fatal error: no input files
compilation terminated.
configure:10590: $? = 1
configure:10579: /home/sunxilong/work/disk4T/code/sxw0505/tools/gcc-11.1.0-20210608-sigmastar-glibc-x86_64_arm-linux-gnueabihf/bin/arm-linux-gnueabihf-gcc -marm -version >&5
arm-linux-gnueabihf-gcc: error: unrecognized command-line option '-version'
arm-linux-gnueabihf-gcc: fatal error: no input files
compilation terminated.
configure:10590: $? = 1
configure:10594: checking whether the compiler supports GNU C
configure:10624: result: yes
configure:10635: checking whether /home/sunxilong/work/disk4T/code/sxw0505/tools/gcc-11.1.0-20210608-sigmastar-glibc-x86_64_arm-linux-gnueabihf/bin/arm-linux-gnueabihf-gcc -marm accepts -g
configure:10700: result: yes
configure:10720: checking for /home/sunxilong/work/disk4T/code/sxw0505/tools/gcc-11.1.0-20210608-sigmastar-glibc-x86_64_arm-linux-gnueabihf/bin/arm-linux-gnueabihf-gcc -marm option to enable C11 features
configure:10753: result: none needed
configure:10869: checking whether /home/sunxilong/work/disk4T/code/sxw0505/tools/gcc-11.1.0-20210608-sigmastar-glibc-x86_64_arm-linux-gnueabihf/bin/arm-linux-gnueabihf-gcc -marm understands -c and -o together
configure:10907: result: yes
configure:10926: checking dependency style of /home/sunxilong/work/disk4T/code/sxw0505/tools/gcc-11.1.0-20210608-sigmastar-glibc-x86_64_arm-linux-gnueabihf/bin/arm-linux-gnueabihf-gcc -marm
configure:11038: result: none
configure:11053: checking for a sed that does not truncate output
configure:11123: result: /usr/bin/sed
configure:11129: checking whether ln -s works
configure:11133: result: yes
configure:12580: checking for unif01_CreateExternGenBits in -ltestu01
configure:12603: /home/sunxilong/work/disk4T/code/sxw0505/tools/gcc-11.1.0-20210608-sigmastar-glibc-x86_64_arm-linux-gnueabihf/bin/arm-linux-gnueabihf-gcc -marm -o conftest -I/home/sunxilong/work/mycode/my_avahi_v3/dependence/install/include  -L/home/sunxilong/work/mycode/my_avahi_v3/dependence/install/lib -lmd conftest.c -ltestu01   >&5
/home/sunxilong/work/disk4T/code/sxw0505/tools/gcc-11.1.0-20210608-sigmastar-glibc-x86_64_arm-linux-gnueabihf/bin/../lib/gcc/arm-linux-gnueabihf/11.1.0/../../../../arm-linux-gnueabihf/bin/ld: cannot find -ltestu01
collect2: error: ld returned 1 exit status
configure:12603: $? = 1
configure: failed program was:
| /* confdefs.h */
| #define PACKAGE_NAME "libbsd"
| #define PACKAGE_TARNAME "libbsd"
| #define PACKAGE_VERSION "0.11.7"
| #define PACKAGE_STRING "libbsd 0.11.7"
| #define PACKAGE_BUGREPORT "libbsd@lists.freedesktop.org"
| #define PACKAGE_URL ""
| #define PACKAGE "libbsd"
| #define VERSION "0.11.7"
| #define HAVE_STDIO_H 1
| #define HAVE_STDLIB_H 1
| #define HAVE_STRING_H 1
| #define HAVE_INTTYPES_H 1
| #define HAVE_STDINT_H 1
| #define HAVE_STRINGS_H 1
| #define HAVE_SYS_STAT_H 1
| #define HAVE_SYS_TYPES_H 1
| #define HAVE_UNISTD_H 1
| #define HAVE_WCHAR_H 1
| #define STDC_HEADERS 1
| #define _ALL_SOURCE 1
| #define _DARWIN_C_SOURCE 1
| #define _GNU_SOURCE 1
| #define _HPUX_ALT_XOPEN_SOCKET_API 1
| #define _NETBSD_SOURCE 1
| #define _OPENBSD_SOURCE 1
| #define _POSIX_PTHREAD_SEMANTICS 1
| #define __STDC_WANT_IEC_60559_ATTRIBS_EXT__ 1
| #define __STDC_WANT_IEC_60559_BFP_EXT__ 1
| #define __STDC_WANT_IEC_60559_DFP_EXT__ 1
| #define __STDC_WANT_IEC_60559_FUNCS_EXT__ 1
| #define __STDC_WANT_IEC_60559_TYPES_EXT__ 1
| #define __STDC_WANT_LIB_EXT2__ 1
| #define __STDC_WANT_MATH_SPEC_FUNCS__ 1
| #define _TANDEM_SOURCE 1
| #define __EXTENSIONS__ 1
| #define _FILE_OFFSET_BITS 64
| #define HAVE_DLFCN_H 1
| #define LT_OBJDIR ".libs/"
| /* end confdefs.h.  */
| 
| /* Override any GCC internal prototype to avoid an error.
|    Use char because int might match the return type of a GCC
|    builtin and then its argument prototype would still apply.  */
| char unif01_CreateExternGenBits ();
| int
| main (void)
| {
| return unif01_CreateExternGenBits ();
|   ;
|   return 0;
| }
configure:12613: result: no
configure:12631: checking for library containing MD5Update
configure:12661: /home/sunxilong/work/disk4T/code/sxw0505/tools/gcc-11.1.0-20210608-sigmastar-glibc-x86_64_arm-linux-gnueabihf/bin/arm-linux-gnueabihf-gcc -marm -o conftest -I/home/sunxilong/work/mycode/my_avahi_v3/dependence/install/include  -L/home/sunxilong/work/mycode/my_avahi_v3/dependence/install/lib -lmd conftest.c  >&5
/home/sunxilong/work/disk4T/code/sxw0505/tools/gcc-11.1.0-20210608-sigmastar-glibc-x86_64_arm-linux-gnueabihf/bin/../lib/gcc/arm-linux-gnueabihf/11.1.0/../../../../arm-linux-gnueabihf/bin/ld: /tmp/cch693xH.o: in function `main':
conftest.c:(.text+0x8): undefined reference to `MD5Update'
collect2: error: ld returned 1 exit status
configure:12661: $? = 1
configure: failed program was:
| /* confdefs.h */
| #define PACKAGE_NAME "libbsd"
| #define PACKAGE_TARNAME "libbsd"
| #define PACKAGE_VERSION "0.11.7"
| #define PACKAGE_STRING "libbsd 0.11.7"
| #define PACKAGE_BUGREPORT "libbsd@lists.freedesktop.org"
| #define PACKAGE_URL ""
| #define PACKAGE "libbsd"
| #define VERSION "0.11.7"
| #define HAVE_STDIO_H 1
| #define HAVE_STDLIB_H 1
| #define HAVE_STRING_H 1
| #define HAVE_INTTYPES_H 1
| #define HAVE_STDINT_H 1
| #define HAVE_STRINGS_H 1
| #define HAVE_SYS_STAT_H 1
| #define HAVE_SYS_TYPES_H 1
| #define HAVE_UNISTD_H 1
| #define HAVE_WCHAR_H 1
| #define STDC_HEADERS 1
| #define _ALL_SOURCE 1
| #define _DARWIN_C_SOURCE 1
| #define _GNU_SOURCE 1
| #define _HPUX_ALT_XOPEN_SOCKET_API 1
| #define _NETBSD_SOURCE 1
| #define _OPENBSD_SOURCE 1
| #define _POSIX_PTHREAD_SEMANTICS 1
| #define __STDC_WANT_IEC_60559_ATTRIBS_EXT__ 1
| #define __STDC_WANT_IEC_60559_BFP_EXT__ 1
| #define __STDC_WANT_IEC_60559_DFP_EXT__ 1
| #define __STDC_WANT_IEC_60559_FUNCS_EXT__ 1
| #define __STDC_WANT_IEC_60559_TYPES_EXT__ 1
| #define __STDC_WANT_LIB_EXT2__ 1
| #define __STDC_WANT_MATH_SPEC_FUNCS__ 1
| #define _TANDEM_SOURCE 1
| #define __EXTENSIONS__ 1
| #define _FILE_OFFSET_BITS 64
| #define HAVE_DLFCN_H 1
| #define LT_OBJDIR ".libs/"
| /* end confdefs.h.  */
| 
| /* Override any GCC internal prototype to avoid an error.
|    Use char because int might match the return type of a GCC
|    builtin and then its argument prototype would still apply.  */
| char MD5Update ();
| int
| main (void)
| {
| return MD5Update ();
|   ;
|   return 0;
| }
configure:12661: /home/sunxilong/work/disk4T/code/sxw0505/tools/gcc-11.1.0-20210608-sigmastar-glibc-x86_64_arm-linux-gnueabihf/bin/arm-linux-gnueabihf-gcc -marm -o conftest -I/home/sunxilong/work/mycode/my_avahi_v3/dependence/install/include  -L/home/sunxilong/work/mycode/my_avahi_v3/dependence/install/lib -lmd conftest.c -lmd   >&5
configure:12661: $? = 0
configure:12681: result: -lmd
configure:12702: checking for library containing SHA512Update
configure:12732: /home/sunxilong/work/disk4T/code/sxw0505/tools/gcc-11.1.0-20210608-sigmastar-glibc-x86_64_arm-linux-gnueabihf/bin/arm-linux-gnueabihf-gcc -marm -o conftest -I/home/sunxilong/work/mycode/my_avahi_v3/dependence/install/include  -L/home/sunxilong/work/mycode/my_avahi_v3/dependence/install/lib -lmd conftest.c -lmd  >&5
configure:12732: $? = 0
configure:12752: result: none required
configure:12789: checking for library containing clock_gettime
configure:12819: /home/sunxilong/work/disk4T/code/sxw0505/tools/gcc-11.1.0-20210608-sigmastar-glibc-x86_64_arm-linux-gnueabihf/bin/arm-linux-gnueabihf-gcc -marm -o conftest -I/home/sunxilong/work/mycode/my_avahi_v3/dependence/install/include  -L/home/sunxilong/work/mycode/my_avahi_v3/dependence/install/lib -lmd conftest.c  >&5
configure:12819: $? = 0
configure:12839: result: none required
configure:12881: checking for sys/ndir.h
configure:12881: /home/sunxilong/work/disk4T/code/sxw0505/tools/gcc-11.1.0-20210608-sigmastar-glibc-x86_64_arm-linux-gnueabihf/bin/arm-linux-gnueabihf-gcc -marm -c -I/home/sunxilong/work/mycode/my_avahi_v3/dependence/install/include  conftest.c >&5
conftest.c:69:10: fatal error: sys/ndir.h: No such file or directory
   69 | #include <sys/ndir.h>
      |          ^~~~~~~~~~~~
compilation terminated.
configure:12881: $? = 1
configure: failed program was:
| /* confdefs.h */
| #define PACKAGE_NAME "libbsd"
| #define PACKAGE_TARNAME "libbsd"
| #define PACKAGE_VERSION "0.11.7"
| #define PACKAGE_STRING "libbsd 0.11.7"
| #define PACKAGE_BUGREPORT "libbsd@lists.freedesktop.org"
| #define PACKAGE_URL ""
| #define PACKAGE "libbsd"
| #define VERSION "0.11.7"
| #define HAVE_STDIO_H 1
| #define HAVE_STDLIB_H 1
| #define HAVE_STRING_H 1
| #define HAVE_INTTYPES_H 1
| #define HAVE_STDINT_H 1
| #define HAVE_STRINGS_H 1
| #define HAVE_SYS_STAT_H 1
| #define HAVE_SYS_TYPES_H 1
| #define HAVE_UNISTD_H 1
| #define HAVE_WCHAR_H 1
| #define STDC_HEADERS 1
| #define _ALL_SOURCE 1
| #define _DARWIN_C_SOURCE 1
| #define _GNU_SOURCE 1
| #define _HPUX_ALT_XOPEN_SOCKET_API 1
| #define _NETBSD_SOURCE 1
| #define _OPENBSD_SOURCE 1
| #define _POSIX_PTHREAD_SEMANTICS 1
| #define __STDC_WANT_IEC_60559_ATTRIBS_EXT__ 1
| #define __STDC_WANT_IEC_60559_BFP_EXT__ 1
| #define __STDC_WANT_IEC_60559_DFP_EXT__ 1
| #define __STDC_WANT_IEC_60559_FUNCS_EXT__ 1
| #define __STDC_WANT_IEC_60559_TYPES_EXT__ 1
| #define __STDC_WANT_LIB_EXT2__ 1
| #define __STDC_WANT_MATH_SPEC_FUNCS__ 1
| #define _TANDEM_SOURCE 1
| #define __EXTENSIONS__ 1
| #define _FILE_OFFSET_BITS 64
| #define HAVE_DLFCN_H 1
| #define LT_OBJDIR ".libs/"
| /* end confdefs.h.  */
| #include <stddef.h>
| #ifdef HAVE_STDIO_H
| # include <stdio.h>
| #endif
| #ifdef HAVE_STDLIB_H
| # include <stdlib.h>
| #endif
| #ifdef HAVE_STRING_H
| # include <string.h>
| #endif
| #ifdef HAVE_INTTYPES_H
| # include <inttypes.h>
| #endif
| #ifdef HAVE_STDINT_H
| # include <stdint.h>
| #endif
| #ifdef HAVE_STRINGS_H
| # include <strings.h>
| #endif
| #ifdef HAVE_SYS_TYPES_H
| # include <sys/types.h>
| #endif
| #ifdef HAVE_SYS_STAT_H
| # include <sys/stat.h>
| #endif
| #ifdef HAVE_UNISTD_H
| # include <unistd.h>
| #endif
| #include <sys/ndir.h>
configure:12881: result: no
configure:12887: checking for sys/dir.h
configure:12887: /home/sunxilong/work/disk4T/code/sxw0505/tools/gcc-11.1.0-20210608-sigmastar-glibc-x86_64_arm-linux-gnueabihf/bin/arm-linux-gnueabihf-gcc -marm -c -I/home/sunxilong/work/mycode/my_avahi_v3/dependence/install/include  conftest.c >&5
configure:12887: $? = 0
configure:12887: result: yes
configure:12893: checking for ndir.h
configure:12893: /home/sunxilong/work/disk4T/code/sxw0505/tools/gcc-11.1.0-20210608-sigmastar-glibc-x86_64_arm-linux-gnueabihf/bin/arm-linux-gnueabihf-gcc -marm -c -I/home/sunxilong/work/mycode/my_avahi_v3/dependence/install/include  conftest.c >&5
conftest.c:70:10: fatal error: ndir.h: No such file or directory
   70 | #include <ndir.h>
      |          ^~~~~~~~
compilation terminated.
configure:12893: $? = 1
configure: failed program was:
| /* confdefs.h */
| #define PACKAGE_NAME "libbsd"
| #define PACKAGE_TARNAME "libbsd"
| #define PACKAGE_VERSION "0.11.7"
| #define PACKAGE_STRING "libbsd 0.11.7"
| #define PACKAGE_BUGREPORT "libbsd@lists.freedesktop.org"
| #define PACKAGE_URL ""
| #define PACKAGE "libbsd"
| #define VERSION "0.11.7"
| #define HAVE_STDIO_H 1
| #define HAVE_STDLIB_H 1
| #define HAVE_STRING_H 1
| #define HAVE_INTTYPES_H 1
| #define HAVE_STDINT_H 1
| #define HAVE_STRINGS_H 1
| #define HAVE_SYS_STAT_H 1
| #define HAVE_SYS_TYPES_H 1
| #define HAVE_UNISTD_H 1
| #define HAVE_WCHAR_H 1
| #define STDC_HEADERS 1
| #define _ALL_SOURCE 1
| #define _DARWIN_C_SOURCE 1
| #define _GNU_SOURCE 1
| #define _HPUX_ALT_XOPEN_SOCKET_API 1
| #define _NETBSD_SOURCE 1
| #define _OPENBSD_SOURCE 1
| #define _POSIX_PTHREAD_SEMANTICS 1
| #define __STDC_WANT_IEC_60559_ATTRIBS_EXT__ 1
| #define __STDC_WANT_IEC_60559_BFP_EXT__ 1
| #define __STDC_WANT_IEC_60559_DFP_EXT__ 1
| #define __STDC_WANT_IEC_60559_FUNCS_EXT__ 1
| #define __STDC_WANT_IEC_60559_TYPES_EXT__ 1
| #define __STDC_WANT_LIB_EXT2__ 1
| #define __STDC_WANT_MATH_SPEC_FUNCS__ 1
| #define _TANDEM_SOURCE 1
| #define __EXTENSIONS__ 1
| #define _FILE_OFFSET_BITS 64
| #define HAVE_DLFCN_H 1
| #define LT_OBJDIR ".libs/"
| #define HAVE_SYS_DIR_H 1
| /* end confdefs.h.  */
| #include <stddef.h>
| #ifdef HAVE_STDIO_H
| # include <stdio.h>
| #endif
| #ifdef HAVE_STDLIB_H
| # include <stdlib.h>
| #endif
| #ifdef HAVE_STRING_H
| # include <string.h>
| #endif
| #ifdef HAVE_INTTYPES_H
| # include <inttypes.h>
| #endif
| #ifdef HAVE_STDINT_H
| # include <stdint.h>
| #endif
| #ifdef HAVE_STRINGS_H
| # include <strings.h>
| #endif
| #ifdef HAVE_SYS_TYPES_H
| # include <sys/types.h>
| #endif
| #ifdef HAVE_SYS_STAT_H
| # include <sys/stat.h>
| #endif
| #ifdef HAVE_UNISTD_H
| # include <unistd.h>
| #endif
| #include <ndir.h>
configure:12893: result: no
configure:12899: checking for dirent.h
configure:12899: /home/sunxilong/work/disk4T/code/sxw0505/tools/gcc-11.1.0-20210608-sigmastar-glibc-x86_64_arm-linux-gnueabihf/bin/arm-linux-gnueabihf-gcc -marm -c -I/home/sunxilong/work/mycode/my_avahi_v3/dependence/install/include  conftest.c >&5
configure:12899: $? = 0
configure:12899: result: yes
configure:12905: checking for pwd.h
configure:12905: /home/sunxilong/work/disk4T/code/sxw0505/tools/gcc-11.1.0-20210608-sigmastar-glibc-x86_64_arm-linux-gnueabihf/bin/arm-linux-gnueabihf-gcc -marm -c -I/home/sunxilong/work/mycode/my_avahi_v3/dependence/install/include  conftest.c >&5
configure:12905: $? = 0
configure:12905: result: yes
configure:12911: checking for grp.h
configure:12911: /home/sunxilong/work/disk4T/code/sxw0505/tools/gcc-11.1.0-20210608-sigmastar-glibc-x86_64_arm-linux-gnueabihf/bin/arm-linux-gnueabihf-gcc -marm -c -I/home/sunxilong/work/mycode/my_avahi_v3/dependence/install/include  conftest.c >&5
configure:12911: $? = 0
configure:12911: result: yes
configure:12920: checking for inline
configure:12937: /home/sunxilong/work/disk4T/code/sxw0505/tools/gcc-11.1.0-20210608-sigmastar-glibc-x86_64_arm-linux-gnueabihf/bin/arm-linux-gnueabihf-gcc -marm -c -I/home/sunxilong/work/mycode/my_avahi_v3/dependence/install/include  conftest.c >&5
configure:12937: $? = 0
configure:12946: result: inline
configure:12965: checking for typeof syntax and keyword spelling
configure:12997: /home/sunxilong/work/disk4T/code/sxw0505/tools/gcc-11.1.0-20210608-sigmastar-glibc-x86_64_arm-linux-gnueabihf/bin/arm-linux-gnueabihf-gcc -marm -c -I/home/sunxilong/work/mycode/my_avahi_v3/dependence/install/include  conftest.c >&5
configure:12997: $? = 0
configure:13005: result: typeof
configure:13018: checking for int64_t
configure:13018: /home/sunxilong/work/disk4T/code/sxw0505/tools/gcc-11.1.0-20210608-sigmastar-glibc-x86_64_arm-linux-gnueabihf/bin/arm-linux-gnueabihf-gcc -marm -c -I/home/sunxilong/work/mycode/my_avahi_v3/dependence/install/include  conftest.c >&5
configure:13018: $? = 0
configure:13018: /home/sunxilong/work/disk4T/code/sxw0505/tools/gcc-11.1.0-20210608-sigmastar-glibc-x86_64_arm-linux-gnueabihf/bin/arm-linux-gnueabihf-gcc -marm -c -I/home/sunxilong/work/mycode/my_avahi_v3/dependence/install/include  conftest.c >&5
conftest.c: In function 'main':
conftest.c:79:67: warning: integer overflow in expression of type 'long long int' results in '-9223372036854775808' [-Woverflow]
   79 |                  < (int64_t) (((((int64_t) 1 << N) << N) - 1) * 2 + 2))];
      |                                                                   ^
conftest.c:78:12: error: storage size of 'test_array' isn't constant
   78 | static int test_array [1 - 2 * !((int64_t) (((((int64_t) 1 << N) << N) - 1) * 2 + 1)
      |            ^~~~~~~~~~
configure:13018: $? = 1
configure: failed program was:
| /* confdefs.h */
| #define PACKAGE_NAME "libbsd"
| #define PACKAGE_TARNAME "libbsd"
| #define PACKAGE_VERSION "0.11.7"
| #define PACKAGE_STRING "libbsd 0.11.7"
| #define PACKAGE_BUGREPORT "libbsd@lists.freedesktop.org"
| #define PACKAGE_URL ""
| #define PACKAGE "libbsd"
| #define VERSION "0.11.7"
| #define HAVE_STDIO_H 1
| #define HAVE_STDLIB_H 1
| #define HAVE_STRING_H 1
| #define HAVE_INTTYPES_H 1
| #define HAVE_STDINT_H 1
| #define HAVE_STRINGS_H 1
| #define HAVE_SYS_STAT_H 1
| #define HAVE_SYS_TYPES_H 1
| #define HAVE_UNISTD_H 1
| #define HAVE_WCHAR_H 1
| #define STDC_HEADERS 1
| #define _ALL_SOURCE 1
| #define _DARWIN_C_SOURCE 1
| #define _GNU_SOURCE 1
| #define _HPUX_ALT_XOPEN_SOCKET_API 1
| #define _NETBSD_SOURCE 1
| #define _OPENBSD_SOURCE 1
| #define _POSIX_PTHREAD_SEMANTICS 1
| #define __STDC_WANT_IEC_60559_ATTRIBS_EXT__ 1
| #define __STDC_WANT_IEC_60559_BFP_EXT__ 1
| #define __STDC_WANT_IEC_60559_DFP_EXT__ 1
| #define __STDC_WANT_IEC_60559_FUNCS_EXT__ 1
| #define __STDC_WANT_IEC_60559_TYPES_EXT__ 1
| #define __STDC_WANT_LIB_EXT2__ 1
| #define __STDC_WANT_MATH_SPEC_FUNCS__ 1
| #define _TANDEM_SOURCE 1
| #define __EXTENSIONS__ 1
| #define _FILE_OFFSET_BITS 64
| #define HAVE_DLFCN_H 1
| #define LT_OBJDIR ".libs/"
| #define HAVE_SYS_DIR_H 1
| #define HAVE_DIRENT_H 1
| #define HAVE_PWD_H 1
| #define HAVE_GRP_H 1
| #define HAVE_TYPEOF 1
| /* end confdefs.h.  */
| #include <stddef.h>
| #ifdef HAVE_STDIO_H
| # include <stdio.h>
| #endif
| #ifdef HAVE_STDLIB_H
| # include <stdlib.h>
| #endif
| #ifdef HAVE_STRING_H
| # include <string.h>
| #endif
| #ifdef HAVE_INTTYPES_H
| # include <inttypes.h>
| #endif
| #ifdef HAVE_STDINT_H
| # include <stdint.h>
| #endif
| #ifdef HAVE_STRINGS_H
| # include <strings.h>
| #endif
| #ifdef HAVE_SYS_TYPES_H
| # include <sys/types.h>
| #endif
| #ifdef HAVE_SYS_STAT_H
| # include <sys/stat.h>
| #endif
| #ifdef HAVE_UNISTD_H
| # include <unistd.h>
| #endif
| 	        enum { N = 64 / 2 - 1 };
| int
| main (void)
| {
| static int test_array [1 - 2 * !((int64_t) (((((int64_t) 1 << N) << N) - 1) * 2 + 1)
| 		 < (int64_t) (((((int64_t) 1 << N) << N) - 1) * 2 + 2))];
| test_array [0] = 0;
| return test_array [0];
| 
|   ;
|   return 0;
| }
configure:13018: result: yes
configure:13027: checking for mode_t
configure:13027: /home/sunxilong/work/disk4T/code/sxw0505/tools/gcc-11.1.0-20210608-sigmastar-glibc-x86_64_arm-linux-gnueabihf/bin/arm-linux-gnueabihf-gcc -marm -c -I/home/sunxilong/work/mycode/my_avahi_v3/dependence/install/include  conftest.c >&5
configure:13027: $? = 0
configure:13027: /home/sunxilong/work/disk4T/code/sxw0505/tools/gcc-11.1.0-20210608-sigmastar-glibc-x86_64_arm-linux-gnueabihf/bin/arm-linux-gnueabihf-gcc -marm -c -I/home/sunxilong/work/mycode/my_avahi_v3/dependence/install/include  conftest.c >&5
conftest.c: In function 'main':
conftest.c:77:21: error: expected expression before ')' token
   77 | if (sizeof ((mode_t)))
      |                     ^
configure:13027: $? = 1
configure: failed program was:
| /* confdefs.h */
| #define PACKAGE_NAME "libbsd"
| #define PACKAGE_TARNAME "libbsd"
| #define PACKAGE_VERSION "0.11.7"
| #define PACKAGE_STRING "libbsd 0.11.7"
| #define PACKAGE_BUGREPORT "libbsd@lists.freedesktop.org"
| #define PACKAGE_URL ""
| #define PACKAGE "libbsd"
| #define VERSION "0.11.7"
| #define HAVE_STDIO_H 1
| #define HAVE_STDLIB_H 1
| #define HAVE_STRING_H 1
| #define HAVE_INTTYPES_H 1
| #define HAVE_STDINT_H 1
| #define HAVE_STRINGS_H 1
| #define HAVE_SYS_STAT_H 1
| #define HAVE_SYS_TYPES_H 1
| #define HAVE_UNISTD_H 1
| #define HAVE_WCHAR_H 1
| #define STDC_HEADERS 1
| #define _ALL_SOURCE 1
| #define _DARWIN_C_SOURCE 1
| #define _GNU_SOURCE 1
| #define _HPUX_ALT_XOPEN_SOCKET_API 1
| #define _NETBSD_SOURCE 1
| #define _OPENBSD_SOURCE 1
| #define _POSIX_PTHREAD_SEMANTICS 1
| #define __STDC_WANT_IEC_60559_ATTRIBS_EXT__ 1
| #define __STDC_WANT_IEC_60559_BFP_EXT__ 1
| #define __STDC_WANT_IEC_60559_DFP_EXT__ 1
| #define __STDC_WANT_IEC_60559_FUNCS_EXT__ 1
| #define __STDC_WANT_IEC_60559_TYPES_EXT__ 1
| #define __STDC_WANT_LIB_EXT2__ 1
| #define __STDC_WANT_MATH_SPEC_FUNCS__ 1
| #define _TANDEM_SOURCE 1
| #define __EXTENSIONS__ 1
| #define _FILE_OFFSET_BITS 64
| #define HAVE_DLFCN_H 1
| #define LT_OBJDIR ".libs/"
| #define HAVE_SYS_DIR_H 1
| #define HAVE_DIRENT_H 1
| #define HAVE_PWD_H 1
| #define HAVE_GRP_H 1
| #define HAVE_TYPEOF 1
| /* end confdefs.h.  */
| #include <stddef.h>
| #ifdef HAVE_STDIO_H
| # include <stdio.h>
| #endif
| #ifdef HAVE_STDLIB_H
| # include <stdlib.h>
| #endif
| #ifdef HAVE_STRING_H
| # include <string.h>
| #endif
| #ifdef HAVE_INTTYPES_H
| # include <inttypes.h>
| #endif
| #ifdef HAVE_STDINT_H
| # include <stdint.h>
| #endif
| #ifdef HAVE_STRINGS_H
| # include <strings.h>
| #endif
| #ifdef HAVE_SYS_TYPES_H
| # include <sys/types.h>
| #endif
| #ifdef HAVE_SYS_STAT_H
| # include <sys/stat.h>
| #endif
| #ifdef HAVE_UNISTD_H
| # include <unistd.h>
| #endif
| int
| main (void)
| {
| if (sizeof ((mode_t)))
| 	    return 0;
|   ;
|   return 0;
| }
configure:13027: result: yes
configure:13037: checking for off_t
configure:13037: /home/sunxilong/work/disk4T/code/sxw0505/tools/gcc-11.1.0-20210608-sigmastar-glibc-x86_64_arm-linux-gnueabihf/bin/arm-linux-gnueabihf-gcc -marm -c -I/home/sunxilong/work/mycode/my_avahi_v3/dependence/install/include  conftest.c >&5
configure:13037: $? = 0
configure:13037: /home/sunxilong/work/disk4T/code/sxw0505/tools/gcc-11.1.0-20210608-sigmastar-glibc-x86_64_arm-linux-gnueabihf/bin/arm-linux-gnueabihf-gcc -marm -c -I/home/sunxilong/work/mycode/my_avahi_v3/dependence/install/include  conftest.c >&5
conftest.c: In function 'main':
conftest.c:77:20: error: expected expression before ')' token
   77 | if (sizeof ((off_t)))
      |                    ^
configure:13037: $? = 1
configure: failed program was:
| /* confdefs.h */
| #define PACKAGE_NAME "libbsd"
| #define PACKAGE_TARNAME "libbsd"
| #define PACKAGE_VERSION "0.11.7"
| #define PACKAGE_STRING "libbsd 0.11.7"
| #define PACKAGE_BUGREPORT "libbsd@lists.freedesktop.org"
| #define PACKAGE_URL ""
| #define PACKAGE "libbsd"
| #define VERSION "0.11.7"
| #define HAVE_STDIO_H 1
| #define HAVE_STDLIB_H 1
| #define HAVE_STRING_H 1
| #define HAVE_INTTYPES_H 1
| #define HAVE_STDINT_H 1
| #define HAVE_STRINGS_H 1
| #define HAVE_SYS_STAT_H 1
| #define HAVE_SYS_TYPES_H 1
| #define HAVE_UNISTD_H 1
| #define HAVE_WCHAR_H 1
| #define STDC_HEADERS 1
| #define _ALL_SOURCE 1
| #define _DARWIN_C_SOURCE 1
| #define _GNU_SOURCE 1
| #define _HPUX_ALT_XOPEN_SOCKET_API 1
| #define _NETBSD_SOURCE 1
| #define _OPENBSD_SOURCE 1
| #define _POSIX_PTHREAD_SEMANTICS 1
| #define __STDC_WANT_IEC_60559_ATTRIBS_EXT__ 1
| #define __STDC_WANT_IEC_60559_BFP_EXT__ 1
| #define __STDC_WANT_IEC_60559_DFP_EXT__ 1
| #define __STDC_WANT_IEC_60559_FUNCS_EXT__ 1
| #define __STDC_WANT_IEC_60559_TYPES_EXT__ 1
| #define __STDC_WANT_LIB_EXT2__ 1
| #define __STDC_WANT_MATH_SPEC_FUNCS__ 1
| #define _TANDEM_SOURCE 1
| #define __EXTENSIONS__ 1
| #define _FILE_OFFSET_BITS 64
| #define HAVE_DLFCN_H 1
| #define LT_OBJDIR ".libs/"
| #define HAVE_SYS_DIR_H 1
| #define HAVE_DIRENT_H 1
| #define HAVE_PWD_H 1
| #define HAVE_GRP_H 1
| #define HAVE_TYPEOF 1
| /* end confdefs.h.  */
| #include <stddef.h>
| #ifdef HAVE_STDIO_H
| # include <stdio.h>
| #endif
| #ifdef HAVE_STDLIB_H
| # include <stdlib.h>
| #endif
| #ifdef HAVE_STRING_H
| # include <string.h>
| #endif
| #ifdef HAVE_INTTYPES_H
| # include <inttypes.h>
| #endif
| #ifdef HAVE_STDINT_H
| # include <stdint.h>
| #endif
| #ifdef HAVE_STRINGS_H
| # include <strings.h>
| #endif
| #ifdef HAVE_SYS_TYPES_H
| # include <sys/types.h>
| #endif
| #ifdef HAVE_SYS_STAT_H
| # include <sys/stat.h>
| #endif
| #ifdef HAVE_UNISTD_H
| # include <unistd.h>
| #endif
| int
| main (void)
| {
| if (sizeof ((off_t)))
| 	    return 0;
|   ;
|   return 0;
| }
configure:13037: result: yes
configure:13048: checking for pid_t
configure:13048: /home/sunxilong/work/disk4T/code/sxw0505/tools/gcc-11.1.0-20210608-sigmastar-glibc-x86_64_arm-linux-gnueabihf/bin/arm-linux-gnueabihf-gcc -marm -c -I/home/sunxilong/work/mycode/my_avahi_v3/dependence/install/include  conftest.c >&5
configure:13048: $? = 0
configure:13048: /home/sunxilong/work/disk4T/code/sxw0505/tools/gcc-11.1.0-20210608-sigmastar-glibc-x86_64_arm-linux-gnueabihf/bin/arm-linux-gnueabihf-gcc -marm -c -I/home/sunxilong/work/mycode/my_avahi_v3/dependence/install/include  conftest.c >&5
conftest.c: In function 'main':
conftest.c:78:20: error: expected expression before ')' token
   78 | if (sizeof ((pid_t)))
      |                    ^
configure:13048: $? = 1
configure: failed program was:
| /* confdefs.h */
| #define PACKAGE_NAME "libbsd"
| #define PACKAGE_TARNAME "libbsd"
| #define PACKAGE_VERSION "0.11.7"
| #define PACKAGE_STRING "libbsd 0.11.7"
| #define PACKAGE_BUGREPORT "libbsd@lists.freedesktop.org"
| #define PACKAGE_URL ""
| #define PACKAGE "libbsd"
| #define VERSION "0.11.7"
| #define HAVE_STDIO_H 1
| #define HAVE_STDLIB_H 1
| #define HAVE_STRING_H 1
| #define HAVE_INTTYPES_H 1
| #define HAVE_STDINT_H 1
| #define HAVE_STRINGS_H 1
| #define HAVE_SYS_STAT_H 1
| #define HAVE_SYS_TYPES_H 1
| #define HAVE_UNISTD_H 1
| #define HAVE_WCHAR_H 1
| #define STDC_HEADERS 1
| #define _ALL_SOURCE 1
| #define _DARWIN_C_SOURCE 1
| #define _GNU_SOURCE 1
| #define _HPUX_ALT_XOPEN_SOCKET_API 1
| #define _NETBSD_SOURCE 1
| #define _OPENBSD_SOURCE 1
| #define _POSIX_PTHREAD_SEMANTICS 1
| #define __STDC_WANT_IEC_60559_ATTRIBS_EXT__ 1
| #define __STDC_WANT_IEC_60559_BFP_EXT__ 1
| #define __STDC_WANT_IEC_60559_DFP_EXT__ 1
| #define __STDC_WANT_IEC_60559_FUNCS_EXT__ 1
| #define __STDC_WANT_IEC_60559_TYPES_EXT__ 1
| #define __STDC_WANT_LIB_EXT2__ 1
| #define __STDC_WANT_MATH_SPEC_FUNCS__ 1
| #define _TANDEM_SOURCE 1
| #define __EXTENSIONS__ 1
| #define _FILE_OFFSET_BITS 64
| #define HAVE_DLFCN_H 1
| #define LT_OBJDIR ".libs/"
| #define HAVE_SYS_DIR_H 1
| #define HAVE_DIRENT_H 1
| #define HAVE_PWD_H 1
| #define HAVE_GRP_H 1
| #define HAVE_TYPEOF 1
| /* end confdefs.h.  */
| #include <stddef.h>
| #ifdef HAVE_STDIO_H
| # include <stdio.h>
| #endif
| #ifdef HAVE_STDLIB_H
| # include <stdlib.h>
| #endif
| #ifdef HAVE_STRING_H
| # include <string.h>
| #endif
| #ifdef HAVE_INTTYPES_H
| # include <inttypes.h>
| #endif
| #ifdef HAVE_STDINT_H
| # include <stdint.h>
| #endif
| #ifdef HAVE_STRINGS_H
| # include <strings.h>
| #endif
| #ifdef HAVE_SYS_TYPES_H
| # include <sys/types.h>
| #endif
| #ifdef HAVE_SYS_STAT_H
| # include <sys/stat.h>
| #endif
| #ifdef HAVE_UNISTD_H
| # include <unistd.h>
| #endif
| 
| int
| main (void)
| {
| if (sizeof ((pid_t)))
| 	    return 0;
|   ;
|   return 0;
| }
configure:13048: result: yes
configure:13089: checking how to run the C preprocessor
configure:13157: result: /home/sunxilong/work/disk4T/code/sxw0505/tools/gcc-11.1.0-20210608-sigmastar-glibc-x86_64_arm-linux-gnueabihf/bin/arm-linux-gnueabihf-cpp
configure:13171: /home/sunxilong/work/disk4T/code/sxw0505/tools/gcc-11.1.0-20210608-sigmastar-glibc-x86_64_arm-linux-gnueabihf/bin/arm-linux-gnueabihf-cpp  conftest.c
configure:13171: $? = 0
configure:13186: /home/sunxilong/work/disk4T/code/sxw0505/tools/gcc-11.1.0-20210608-sigmastar-glibc-x86_64_arm-linux-gnueabihf/bin/arm-linux-gnueabihf-cpp  conftest.c
conftest.c:46:10: fatal error: ac_nonexistent.h: No such file or directory
   46 | #include <ac_nonexistent.h>
      |          ^~~~~~~~~~~~~~~~~~
compilation terminated.
configure:13186: $? = 1
configure: failed program was:
| /* confdefs.h */
| #define PACKAGE_NAME "libbsd"
| #define PACKAGE_TARNAME "libbsd"
| #define PACKAGE_VERSION "0.11.7"
| #define PACKAGE_STRING "libbsd 0.11.7"
| #define PACKAGE_BUGREPORT "libbsd@lists.freedesktop.org"
| #define PACKAGE_URL ""
| #define PACKAGE "libbsd"
| #define VERSION "0.11.7"
| #define HAVE_STDIO_H 1
| #define HAVE_STDLIB_H 1
| #define HAVE_STRING_H 1
| #define HAVE_INTTYPES_H 1
| #define HAVE_STDINT_H 1
| #define HAVE_STRINGS_H 1
| #define HAVE_SYS_STAT_H 1
| #define HAVE_SYS_TYPES_H 1
| #define HAVE_UNISTD_H 1
| #define HAVE_WCHAR_H 1
| #define STDC_HEADERS 1
| #define _ALL_SOURCE 1
| #define _DARWIN_C_SOURCE 1
| #define _GNU_SOURCE 1
| #define _HPUX_ALT_XOPEN_SOCKET_API 1
| #define _NETBSD_SOURCE 1
| #define _OPENBSD_SOURCE 1
| #define _POSIX_PTHREAD_SEMANTICS 1
| #define __STDC_WANT_IEC_60559_ATTRIBS_EXT__ 1
| #define __STDC_WANT_IEC_60559_BFP_EXT__ 1
| #define __STDC_WANT_IEC_60559_DFP_EXT__ 1
| #define __STDC_WANT_IEC_60559_FUNCS_EXT__ 1
| #define __STDC_WANT_IEC_60559_TYPES_EXT__ 1
| #define __STDC_WANT_LIB_EXT2__ 1
| #define __STDC_WANT_MATH_SPEC_FUNCS__ 1
| #define _TANDEM_SOURCE 1
| #define __EXTENSIONS__ 1
| #define _FILE_OFFSET_BITS 64
| #define HAVE_DLFCN_H 1
| #define LT_OBJDIR ".libs/"
| #define HAVE_SYS_DIR_H 1
| #define HAVE_DIRENT_H 1
| #define HAVE_PWD_H 1
| #define HAVE_GRP_H 1
| #define HAVE_TYPEOF 1
| /* end confdefs.h.  */
| #include <ac_nonexistent.h>
configure:13217: checking for uid_t in sys/types.h
configure:13238: result: yes
configure:13249: checking for size_t
configure:13249: /home/sunxilong/work/disk4T/code/sxw0505/tools/gcc-11.1.0-20210608-sigmastar-glibc-x86_64_arm-linux-gnueabihf/bin/arm-linux-gnueabihf-gcc -marm -c -I/home/sunxilong/work/mycode/my_avahi_v3/dependence/install/include  conftest.c >&5
configure:13249: $? = 0
configure:13249: /home/sunxilong/work/disk4T/code/sxw0505/tools/gcc-11.1.0-20210608-sigmastar-glibc-x86_64_arm-linux-gnueabihf/bin/arm-linux-gnueabihf-gcc -marm -c -I/home/sunxilong/work/mycode/my_avahi_v3/dependence/install/include  conftest.c >&5
conftest.c: In function 'main':
conftest.c:77:21: error: expected expression before ')' token
   77 | if (sizeof ((size_t)))
      |                     ^
configure:13249: $? = 1
configure: failed program was:
| /* confdefs.h */
| #define PACKAGE_NAME "libbsd"
| #define PACKAGE_TARNAME "libbsd"
| #define PACKAGE_VERSION "0.11.7"
| #define PACKAGE_STRING "libbsd 0.11.7"
| #define PACKAGE_BUGREPORT "libbsd@lists.freedesktop.org"
| #define PACKAGE_URL ""
| #define PACKAGE "libbsd"
| #define VERSION "0.11.7"
| #define HAVE_STDIO_H 1
| #define HAVE_STDLIB_H 1
| #define HAVE_STRING_H 1
| #define HAVE_INTTYPES_H 1
| #define HAVE_STDINT_H 1
| #define HAVE_STRINGS_H 1
| #define HAVE_SYS_STAT_H 1
| #define HAVE_SYS_TYPES_H 1
| #define HAVE_UNISTD_H 1
| #define HAVE_WCHAR_H 1
| #define STDC_HEADERS 1
| #define _ALL_SOURCE 1
| #define _DARWIN_C_SOURCE 1
| #define _GNU_SOURCE 1
| #define _HPUX_ALT_XOPEN_SOCKET_API 1
| #define _NETBSD_SOURCE 1
| #define _OPENBSD_SOURCE 1
| #define _POSIX_PTHREAD_SEMANTICS 1
| #define __STDC_WANT_IEC_60559_ATTRIBS_EXT__ 1
| #define __STDC_WANT_IEC_60559_BFP_EXT__ 1
| #define __STDC_WANT_IEC_60559_DFP_EXT__ 1
| #define __STDC_WANT_IEC_60559_FUNCS_EXT__ 1
| #define __STDC_WANT_IEC_60559_TYPES_EXT__ 1
| #define __STDC_WANT_LIB_EXT2__ 1
| #define __STDC_WANT_MATH_SPEC_FUNCS__ 1
| #define _TANDEM_SOURCE 1
| #define __EXTENSIONS__ 1
| #define _FILE_OFFSET_BITS 64
| #define HAVE_DLFCN_H 1
| #define LT_OBJDIR ".libs/"
| #define HAVE_SYS_DIR_H 1
| #define HAVE_DIRENT_H 1
| #define HAVE_PWD_H 1
| #define HAVE_GRP_H 1
| #define HAVE_TYPEOF 1
| /* end confdefs.h.  */
| #include <stddef.h>
| #ifdef HAVE_STDIO_H
| # include <stdio.h>
| #endif
| #ifdef HAVE_STDLIB_H
| # include <stdlib.h>
| #endif
| #ifdef HAVE_STRING_H
| # include <string.h>
| #endif
| #ifdef HAVE_INTTYPES_H
| # include <inttypes.h>
| #endif
| #ifdef HAVE_STDINT_H
| # include <stdint.h>
| #endif
| #ifdef HAVE_STRINGS_H
| # include <strings.h>
| #endif
| #ifdef HAVE_SYS_TYPES_H
| # include <sys/types.h>
| #endif
| #ifdef HAVE_SYS_STAT_H
| # include <sys/stat.h>
| #endif
| #ifdef HAVE_UNISTD_H
| # include <unistd.h>
| #endif
| int
| main (void)
| {
| if (sizeof ((size_t)))
| 	    return 0;
|   ;
|   return 0;
| }
configure:13249: result: yes
configure:13259: checking for ssize_t
configure:13259: /home/sunxilong/work/disk4T/code/sxw0505/tools/gcc-11.1.0-20210608-sigmastar-glibc-x86_64_arm-linux-gnueabihf/bin/arm-linux-gnueabihf-gcc -marm -c -I/home/sunxilong/work/mycode/my_avahi_v3/dependence/install/include  conftest.c >&5
configure:13259: $? = 0
configure:13259: /home/sunxilong/work/disk4T/code/sxw0505/tools/gcc-11.1.0-20210608-sigmastar-glibc-x86_64_arm-linux-gnueabihf/bin/arm-linux-gnueabihf-gcc -marm -c -I/home/sunxilong/work/mycode/my_avahi_v3/dependence/install/include  conftest.c >&5
conftest.c: In function 'main':
conftest.c:77:22: error: expected expression before ')' token
   77 | if (sizeof ((ssize_t)))
      |                      ^
configure:13259: $? = 1
configure: failed program was:
| /* confdefs.h */
| #define PACKAGE_NAME "libbsd"
| #define PACKAGE_TARNAME "libbsd"
| #define PACKAGE_VERSION "0.11.7"
| #define PACKAGE_STRING "libbsd 0.11.7"
| #define PACKAGE_BUGREPORT "libbsd@lists.freedesktop.org"
| #define PACKAGE_URL ""
| #define PACKAGE "libbsd"
| #define VERSION "0.11.7"
| #define HAVE_STDIO_H 1
| #define HAVE_STDLIB_H 1
| #define HAVE_STRING_H 1
| #define HAVE_INTTYPES_H 1
| #define HAVE_STDINT_H 1
| #define HAVE_STRINGS_H 1
| #define HAVE_SYS_STAT_H 1
| #define HAVE_SYS_TYPES_H 1
| #define HAVE_UNISTD_H 1
| #define HAVE_WCHAR_H 1
| #define STDC_HEADERS 1
| #define _ALL_SOURCE 1
| #define _DARWIN_C_SOURCE 1
| #define _GNU_SOURCE 1
| #define _HPUX_ALT_XOPEN_SOCKET_API 1
| #define _NETBSD_SOURCE 1
| #define _OPENBSD_SOURCE 1
| #define _POSIX_PTHREAD_SEMANTICS 1
| #define __STDC_WANT_IEC_60559_ATTRIBS_EXT__ 1
| #define __STDC_WANT_IEC_60559_BFP_EXT__ 1
| #define __STDC_WANT_IEC_60559_DFP_EXT__ 1
| #define __STDC_WANT_IEC_60559_FUNCS_EXT__ 1
| #define __STDC_WANT_IEC_60559_TYPES_EXT__ 1
| #define __STDC_WANT_LIB_EXT2__ 1
| #define __STDC_WANT_MATH_SPEC_FUNCS__ 1
| #define _TANDEM_SOURCE 1
| #define __EXTENSIONS__ 1
| #define _FILE_OFFSET_BITS 64
| #define HAVE_DLFCN_H 1
| #define LT_OBJDIR ".libs/"
| #define HAVE_SYS_DIR_H 1
| #define HAVE_DIRENT_H 1
| #define HAVE_PWD_H 1
| #define HAVE_GRP_H 1
| #define HAVE_TYPEOF 1
| /* end confdefs.h.  */
| #include <stddef.h>
| #ifdef HAVE_STDIO_H
| # include <stdio.h>
| #endif
| #ifdef HAVE_STDLIB_H
| # include <stdlib.h>
| #endif
| #ifdef HAVE_STRING_H
| # include <string.h>
| #endif
| #ifdef HAVE_INTTYPES_H
| # include <inttypes.h>
| #endif
| #ifdef HAVE_STDINT_H
| # include <stdint.h>
| #endif
| #ifdef HAVE_STRINGS_H
| # include <strings.h>
| #endif
| #ifdef HAVE_SYS_TYPES_H
| # include <sys/types.h>
| #endif
| #ifdef HAVE_SYS_STAT_H
| # include <sys/stat.h>
| #endif
| #ifdef HAVE_UNISTD_H
| # include <unistd.h>
| #endif
| int
| main (void)
| {
| if (sizeof ((ssize_t)))
| 	    return 0;
|   ;
|   return 0;
| }
configure:13259: result: yes
configure:13270: checking for /home/sunxilong/work/disk4T/code/sxw0505/tools/gcc-11.1.0-20210608-sigmastar-glibc-x86_64_arm-linux-gnueabihf/bin/arm-linux-gnueabihf-gcc -marm options needed to detect all undeclared functions
configure:13292: /home/sunxilong/work/disk4T/code/sxw0505/tools/gcc-11.1.0-20210608-sigmastar-glibc-x86_64_arm-linux-gnueabihf/bin/arm-linux-gnueabihf-gcc -marm -c -I/home/sunxilong/work/mycode/my_avahi_v3/dependence/install/include   conftest.c >&5
conftest.c: In function 'main':
conftest.c:50:8: error: 'strchr' undeclared (first use in this function)
   50 | (void) strchr;
      |        ^~~~~~
conftest.c:1:1: note: 'strchr' is defined in header '<string.h>'; did you forget to '#include <string.h>'?
    1 | /* confdefs.h */
conftest.c:50:8: note: each undeclared identifier is reported only once for each function it appears in
   50 | (void) strchr;
      |        ^~~~~~
configure:13292: $? = 1
configure: failed program was:
| /* confdefs.h */
| #define PACKAGE_NAME "libbsd"
| #define PACKAGE_TARNAME "libbsd"
| #define PACKAGE_VERSION "0.11.7"
| #define PACKAGE_STRING "libbsd 0.11.7"
| #define PACKAGE_BUGREPORT "libbsd@lists.freedesktop.org"
| #define PACKAGE_URL ""
| #define PACKAGE "libbsd"
| #define VERSION "0.11.7"
| #define HAVE_STDIO_H 1
| #define HAVE_STDLIB_H 1
| #define HAVE_STRING_H 1
| #define HAVE_INTTYPES_H 1
| #define HAVE_STDINT_H 1
| #define HAVE_STRINGS_H 1
| #define HAVE_SYS_STAT_H 1
| #define HAVE_SYS_TYPES_H 1
| #define HAVE_UNISTD_H 1
| #define HAVE_WCHAR_H 1
| #define STDC_HEADERS 1
| #define _ALL_SOURCE 1
| #define _DARWIN_C_SOURCE 1
| #define _GNU_SOURCE 1
| #define _HPUX_ALT_XOPEN_SOCKET_API 1
| #define _NETBSD_SOURCE 1
| #define _OPENBSD_SOURCE 1
| #define _POSIX_PTHREAD_SEMANTICS 1
| #define __STDC_WANT_IEC_60559_ATTRIBS_EXT__ 1
| #define __STDC_WANT_IEC_60559_BFP_EXT__ 1
| #define __STDC_WANT_IEC_60559_DFP_EXT__ 1
| #define __STDC_WANT_IEC_60559_FUNCS_EXT__ 1
| #define __STDC_WANT_IEC_60559_TYPES_EXT__ 1
| #define __STDC_WANT_LIB_EXT2__ 1
| #define __STDC_WANT_MATH_SPEC_FUNCS__ 1
| #define _TANDEM_SOURCE 1
| #define __EXTENSIONS__ 1
| #define _FILE_OFFSET_BITS 64
| #define HAVE_DLFCN_H 1
| #define LT_OBJDIR ".libs/"
| #define HAVE_SYS_DIR_H 1
| #define HAVE_DIRENT_H 1
| #define HAVE_PWD_H 1
| #define HAVE_GRP_H 1
| #define HAVE_TYPEOF 1
| /* end confdefs.h.  */
| 
| int
| main (void)
| {
| (void) strchr;
|   ;
|   return 0;
| }
configure:13319: /home/sunxilong/work/disk4T/code/sxw0505/tools/gcc-11.1.0-20210608-sigmastar-glibc-x86_64_arm-linux-gnueabihf/bin/arm-linux-gnueabihf-gcc -marm -c -I/home/sunxilong/work/mycode/my_avahi_v3/dependence/install/include   conftest.c >&5
configure:13319: $? = 0
configure:13336: result: none needed
configure:13350: checking whether F_CLOSEM is declared
configure:13350: /home/sunxilong/work/disk4T/code/sxw0505/tools/gcc-11.1.0-20210608-sigmastar-glibc-x86_64_arm-linux-gnueabihf/bin/arm-linux-gnueabihf-gcc -marm -c -I/home/sunxilong/work/mycode/my_avahi_v3/dependence/install/include   conftest.c >&5
conftest.c: In function 'main':
conftest.c:56:10: error: 'F_CLOSEM' undeclared (first use in this function); did you mean 'FD_CLOEXEC'?
   56 |   (void) F_CLOSEM;
      |          ^~~~~~~~
      |          FD_CLOEXEC
conftest.c:56:10: note: each undeclared identifier is reported only once for each function it appears in
configure:13350: $? = 1
configure: failed program was:
| /* confdefs.h */
| #define PACKAGE_NAME "libbsd"
| #define PACKAGE_TARNAME "libbsd"
| #define PACKAGE_VERSION "0.11.7"
| #define PACKAGE_STRING "libbsd 0.11.7"
| #define PACKAGE_BUGREPORT "libbsd@lists.freedesktop.org"
| #define PACKAGE_URL ""
| #define PACKAGE "libbsd"
| #define VERSION "0.11.7"
| #define HAVE_STDIO_H 1
| #define HAVE_STDLIB_H 1
| #define HAVE_STRING_H 1
| #define HAVE_INTTYPES_H 1
| #define HAVE_STDINT_H 1
| #define HAVE_STRINGS_H 1
| #define HAVE_SYS_STAT_H 1
| #define HAVE_SYS_TYPES_H 1
| #define HAVE_UNISTD_H 1
| #define HAVE_WCHAR_H 1
| #define STDC_HEADERS 1
| #define _ALL_SOURCE 1
| #define _DARWIN_C_SOURCE 1
| #define _GNU_SOURCE 1
| #define _HPUX_ALT_XOPEN_SOCKET_API 1
| #define _NETBSD_SOURCE 1
| #define _OPENBSD_SOURCE 1
| #define _POSIX_PTHREAD_SEMANTICS 1
| #define __STDC_WANT_IEC_60559_ATTRIBS_EXT__ 1
| #define __STDC_WANT_IEC_60559_BFP_EXT__ 1
| #define __STDC_WANT_IEC_60559_DFP_EXT__ 1
| #define __STDC_WANT_IEC_60559_FUNCS_EXT__ 1
| #define __STDC_WANT_IEC_60559_TYPES_EXT__ 1
| #define __STDC_WANT_LIB_EXT2__ 1
| #define __STDC_WANT_MATH_SPEC_FUNCS__ 1
| #define _TANDEM_SOURCE 1
| #define __EXTENSIONS__ 1
| #define _FILE_OFFSET_BITS 64
| #define HAVE_DLFCN_H 1
| #define LT_OBJDIR ".libs/"
| #define HAVE_SYS_DIR_H 1
| #define HAVE_DIRENT_H 1
| #define HAVE_PWD_H 1
| #define HAVE_GRP_H 1
| #define HAVE_TYPEOF 1
| /* end confdefs.h.  */
| #include <limits.h>
|                #include <fcntl.h>
| 
| int
| main (void)
| {
| #ifndef F_CLOSEM
| #ifdef __cplusplus
|   (void) F_CLOSEM;
| #else
|   (void) F_CLOSEM;
| #endif
| #endif
| 
|   ;
|   return 0;
| }
configure:13350: result: no
configure:13360: checking for GNU .init_array section support
configure:13391: /home/sunxilong/work/disk4T/code/sxw0505/tools/gcc-11.1.0-20210608-sigmastar-glibc-x86_64_arm-linux-gnueabihf/bin/arm-linux-gnueabihf-cpp  conftest.c
configure:13391: $? = 0
configure:13423: result: yes
configure:13435: checking for program_invocation_short_name
configure:13448: /home/sunxilong/work/disk4T/code/sxw0505/tools/gcc-11.1.0-20210608-sigmastar-glibc-x86_64_arm-linux-gnueabihf/bin/arm-linux-gnueabihf-gcc -marm -o conftest -I/home/sunxilong/work/mycode/my_avahi_v3/dependence/install/include  -L/home/sunxilong/work/mycode/my_avahi_v3/dependence/install/lib -lmd conftest.c  >&5
configure:13448: $? = 0
configure:13453: result: yes
configure:13462: checking for __progname
configure:13475: /home/sunxilong/work/disk4T/code/sxw0505/tools/gcc-11.1.0-20210608-sigmastar-glibc-x86_64_arm-linux-gnueabihf/bin/arm-linux-gnueabihf-gcc -marm -o conftest -I/home/sunxilong/work/mycode/my_avahi_v3/dependence/install/include  -L/home/sunxilong/work/mycode/my_avahi_v3/dependence/install/lib -lmd conftest.c  >&5
conftest.c: In function 'main':
conftest.c:51:1: warning: implicit declaration of function 'printf' [-Wimplicit-function-declaration]
   51 | printf("%s", __progname);
      | ^~~~~~
conftest.c:1:1: note: include '<stdio.h>' or provide a declaration of 'printf'
    1 | /* confdefs.h */
conftest.c:51:1: warning: incompatible implicit declaration of built-in function 'printf' [-Wbuiltin-declaration-mismatch]
   51 | printf("%s", __progname);
      | ^~~~~~
conftest.c:51:1: note: include '<stdio.h>' or provide a declaration of 'printf'
configure:13475: $? = 0
configure:13480: result: yes
configure:13489: checking for __register_atfork
configure:13508: /home/sunxilong/work/disk4T/code/sxw0505/tools/gcc-11.1.0-20210608-sigmastar-glibc-x86_64_arm-linux-gnueabihf/bin/arm-linux-gnueabihf-gcc -marm -o conftest -I/home/sunxilong/work/mycode/my_avahi_v3/dependence/install/include  -L/home/sunxilong/work/mycode/my_avahi_v3/dependence/install/lib -lmd conftest.c  >&5
configure:13508: $? = 0
configure:13513: result: yes
configure:13524: checking for clearenv
configure:13524: /home/sunxilong/work/disk4T/code/sxw0505/tools/gcc-11.1.0-20210608-sigmastar-glibc-x86_64_arm-linux-gnueabihf/bin/arm-linux-gnueabihf-gcc -marm -o conftest -I/home/sunxilong/work/mycode/my_avahi_v3/dependence/install/include  -L/home/sunxilong/work/mycode/my_avahi_v3/dependence/install/lib -lmd conftest.c  >&5
configure:13524: $? = 0
configure:13524: result: yes
configure:13530: checking for dirfd
configure:13530: /home/sunxilong/work/disk4T/code/sxw0505/tools/gcc-11.1.0-20210608-sigmastar-glibc-x86_64_arm-linux-gnueabihf/bin/arm-linux-gnueabihf-gcc -marm -o conftest -I/home/sunxilong/work/mycode/my_avahi_v3/dependence/install/include  -L/home/sunxilong/work/mycode/my_avahi_v3/dependence/install/lib -lmd conftest.c  >&5
configure:13530: $? = 0
configure:13530: result: yes
configure:13536: checking for fopencookie
configure:13536: /home/sunxilong/work/disk4T/code/sxw0505/tools/gcc-11.1.0-20210608-sigmastar-glibc-x86_64_arm-linux-gnueabihf/bin/arm-linux-gnueabihf-gcc -marm -o conftest -I/home/sunxilong/work/mycode/my_avahi_v3/dependence/install/include  -L/home/sunxilong/work/mycode/my_avahi_v3/dependence/install/lib -lmd conftest.c  >&5
configure:13536: $? = 0
configure:13536: result: yes
configure:13542: checking for __fpurge
configure:13542: /home/sunxilong/work/disk4T/code/sxw0505/tools/gcc-11.1.0-20210608-sigmastar-glibc-x86_64_arm-linux-gnueabihf/bin/arm-linux-gnueabihf-gcc -marm -o conftest -I/home/sunxilong/work/mycode/my_avahi_v3/dependence/install/include  -L/home/sunxilong/work/mycode/my_avahi_v3/dependence/install/lib -lmd conftest.c  >&5
configure:13542: $? = 0
configure:13542: result: yes
configure:13548: checking for getauxval
configure:13548: /home/sunxilong/work/disk4T/code/sxw0505/tools/gcc-11.1.0-20210608-sigmastar-glibc-x86_64_arm-linux-gnueabihf/bin/arm-linux-gnueabihf-gcc -marm -o conftest -I/home/sunxilong/work/mycode/my_avahi_v3/dependence/install/include  -L/home/sunxilong/work/mycode/my_avahi_v3/dependence/install/lib -lmd conftest.c  >&5
configure:13548: $? = 0
configure:13548: result: yes
configure:13554: checking for getentropy
configure:13554: /home/sunxilong/work/disk4T/code/sxw0505/tools/gcc-11.1.0-20210608-sigmastar-glibc-x86_64_arm-linux-gnueabihf/bin/arm-linux-gnueabihf-gcc -marm -o conftest -I/home/sunxilong/work/mycode/my_avahi_v3/dependence/install/include  -L/home/sunxilong/work/mycode/my_avahi_v3/dependence/install/lib -lmd conftest.c  >&5
configure:13554: $? = 0
configure:13554: result: yes
configure:13560: checking for getexecname
configure:13560: /home/sunxilong/work/disk4T/code/sxw0505/tools/gcc-11.1.0-20210608-sigmastar-glibc-x86_64_arm-linux-gnueabihf/bin/arm-linux-gnueabihf-gcc -marm -o conftest -I/home/sunxilong/work/mycode/my_avahi_v3/dependence/install/include  -L/home/sunxilong/work/mycode/my_avahi_v3/dependence/install/lib -lmd conftest.c  >&5
/home/sunxilong/work/disk4T/code/sxw0505/tools/gcc-11.1.0-20210608-sigmastar-glibc-x86_64_arm-linux-gnueabihf/bin/../lib/gcc/arm-linux-gnueabihf/11.1.0/../../../../arm-linux-gnueabihf/bin/ld: /tmp/ccmoevnD.o: in function `main':
conftest.c:(.text+0x8): undefined reference to `getexecname'
collect2: error: ld returned 1 exit status
configure:13560: $? = 1
configure: failed program was:
| /* confdefs.h */
| #define PACKAGE_NAME "libbsd"
| #define PACKAGE_TARNAME "libbsd"
| #define PACKAGE_VERSION "0.11.7"
| #define PACKAGE_STRING "libbsd 0.11.7"
| #define PACKAGE_BUGREPORT "libbsd@lists.freedesktop.org"
| #define PACKAGE_URL ""
| #define PACKAGE "libbsd"
| #define VERSION "0.11.7"
| #define HAVE_STDIO_H 1
| #define HAVE_STDLIB_H 1
| #define HAVE_STRING_H 1
| #define HAVE_INTTYPES_H 1
| #define HAVE_STDINT_H 1
| #define HAVE_STRINGS_H 1
| #define HAVE_SYS_STAT_H 1
| #define HAVE_SYS_TYPES_H 1
| #define HAVE_UNISTD_H 1
| #define HAVE_WCHAR_H 1
| #define STDC_HEADERS 1
| #define _ALL_SOURCE 1
| #define _DARWIN_C_SOURCE 1
| #define _GNU_SOURCE 1
| #define _HPUX_ALT_XOPEN_SOCKET_API 1
| #define _NETBSD_SOURCE 1
| #define _OPENBSD_SOURCE 1
| #define _POSIX_PTHREAD_SEMANTICS 1
| #define __STDC_WANT_IEC_60559_ATTRIBS_EXT__ 1
| #define __STDC_WANT_IEC_60559_BFP_EXT__ 1
| #define __STDC_WANT_IEC_60559_DFP_EXT__ 1
| #define __STDC_WANT_IEC_60559_FUNCS_EXT__ 1
| #define __STDC_WANT_IEC_60559_TYPES_EXT__ 1
| #define __STDC_WANT_LIB_EXT2__ 1
| #define __STDC_WANT_MATH_SPEC_FUNCS__ 1
| #define _TANDEM_SOURCE 1
| #define __EXTENSIONS__ 1
| #define _FILE_OFFSET_BITS 64
| #define HAVE_DLFCN_H 1
| #define LT_OBJDIR ".libs/"
| #define HAVE_SYS_DIR_H 1
| #define HAVE_DIRENT_H 1
| #define HAVE_PWD_H 1
| #define HAVE_GRP_H 1
| #define HAVE_TYPEOF 1
| #define HAVE_PROGRAM_INVOCATION_SHORT_NAME 1
| #define HAVE___PROGNAME 1
| #define HAVE___REGISTER_ATFORK 1
| #define HAVE_CLEARENV 1
| #define HAVE_DIRFD 1
| #define HAVE_FOPENCOOKIE 1
| #define HAVE___FPURGE 1
| #define HAVE_GETAUXVAL 1
| #define HAVE_GETENTROPY 1
| /* end confdefs.h.  */
| /* Define getexecname to an innocuous variant, in case <limits.h> declares getexecname.
|    For example, HP-UX 11i <limits.h> declares gettimeofday.  */
| #define getexecname innocuous_getexecname
| 
| /* System header to define __stub macros and hopefully few prototypes,
|    which can conflict with char getexecname (); below.  */
| 
| #include <limits.h>
| #undef getexecname
| 
| /* Override any GCC internal prototype to avoid an error.
|    Use char because int might match the return type of a GCC
|    builtin and then its argument prototype would still apply.  */
| #ifdef __cplusplus
| extern "C"
| #endif
| char getexecname ();
| /* The GNU C library defines this for functions which it implements
|     to always fail with ENOSYS.  Some functions are actually named
|     something starting with __ and the normal name is an alias.  */
| #if defined __stub_getexecname || defined __stub___getexecname
| choke me
| #endif
| 
| int
| main (void)
| {
| return getexecname ();
|   ;
|   return 0;
| }
configure:13560: result: no
configure:13566: checking for getline
configure:13566: /home/sunxilong/work/disk4T/code/sxw0505/tools/gcc-11.1.0-20210608-sigmastar-glibc-x86_64_arm-linux-gnueabihf/bin/arm-linux-gnueabihf-gcc -marm -o conftest -I/home/sunxilong/work/mycode/my_avahi_v3/dependence/install/include  -L/home/sunxilong/work/mycode/my_avahi_v3/dependence/install/lib -lmd conftest.c  >&5
configure:13566: $? = 0
configure:13566: result: yes
configure:13572: checking for pstat_getproc
configure:13572: /home/sunxilong/work/disk4T/code/sxw0505/tools/gcc-11.1.0-20210608-sigmastar-glibc-x86_64_arm-linux-gnueabihf/bin/arm-linux-gnueabihf-gcc -marm -o conftest -I/home/sunxilong/work/mycode/my_avahi_v3/dependence/install/include  -L/home/sunxilong/work/mycode/my_avahi_v3/dependence/install/lib -lmd conftest.c  >&5
/home/sunxilong/work/disk4T/code/sxw0505/tools/gcc-11.1.0-20210608-sigmastar-glibc-x86_64_arm-linux-gnueabihf/bin/../lib/gcc/arm-linux-gnueabihf/11.1.0/../../../../arm-linux-gnueabihf/bin/ld: /tmp/cc3HpGwx.o: in function `main':
conftest.c:(.text+0x8): undefined reference to `pstat_getproc'
collect2: error: ld returned 1 exit status
configure:13572: $? = 1
configure: failed program was:
| /* confdefs.h */
| #define PACKAGE_NAME "libbsd"
| #define PACKAGE_TARNAME "libbsd"
| #define PACKAGE_VERSION "0.11.7"
| #define PACKAGE_STRING "libbsd 0.11.7"
| #define PACKAGE_BUGREPORT "libbsd@lists.freedesktop.org"
| #define PACKAGE_URL ""
| #define PACKAGE "libbsd"
| #define VERSION "0.11.7"
| #define HAVE_STDIO_H 1
| #define HAVE_STDLIB_H 1
| #define HAVE_STRING_H 1
| #define HAVE_INTTYPES_H 1
| #define HAVE_STDINT_H 1
| #define HAVE_STRINGS_H 1
| #define HAVE_SYS_STAT_H 1
| #define HAVE_SYS_TYPES_H 1
| #define HAVE_UNISTD_H 1
| #define HAVE_WCHAR_H 1
| #define STDC_HEADERS 1
| #define _ALL_SOURCE 1
| #define _DARWIN_C_SOURCE 1
| #define _GNU_SOURCE 1
| #define _HPUX_ALT_XOPEN_SOCKET_API 1
| #define _NETBSD_SOURCE 1
| #define _OPENBSD_SOURCE 1
| #define _POSIX_PTHREAD_SEMANTICS 1
| #define __STDC_WANT_IEC_60559_ATTRIBS_EXT__ 1
| #define __STDC_WANT_IEC_60559_BFP_EXT__ 1
| #define __STDC_WANT_IEC_60559_DFP_EXT__ 1
| #define __STDC_WANT_IEC_60559_FUNCS_EXT__ 1
| #define __STDC_WANT_IEC_60559_TYPES_EXT__ 1
| #define __STDC_WANT_LIB_EXT2__ 1
| #define __STDC_WANT_MATH_SPEC_FUNCS__ 1
| #define _TANDEM_SOURCE 1
| #define __EXTENSIONS__ 1
| #define _FILE_OFFSET_BITS 64
| #define HAVE_DLFCN_H 1
| #define LT_OBJDIR ".libs/"
| #define HAVE_SYS_DIR_H 1
| #define HAVE_DIRENT_H 1
| #define HAVE_PWD_H 1
| #define HAVE_GRP_H 1
| #define HAVE_TYPEOF 1
| #define HAVE_PROGRAM_INVOCATION_SHORT_NAME 1
| #define HAVE___PROGNAME 1
| #define HAVE___REGISTER_ATFORK 1
| #define HAVE_CLEARENV 1
| #define HAVE_DIRFD 1
| #define HAVE_FOPENCOOKIE 1
| #define HAVE___FPURGE 1
| #define HAVE_GETAUXVAL 1
| #define HAVE_GETENTROPY 1
| #define HAVE_GETLINE 1
| /* end confdefs.h.  */
| /* Define pstat_getproc to an innocuous variant, in case <limits.h> declares pstat_getproc.
|    For example, HP-UX 11i <limits.h> declares gettimeofday.  */
| #define pstat_getproc innocuous_pstat_getproc
| 
| /* System header to define __stub macros and hopefully few prototypes,
|    which can conflict with char pstat_getproc (); below.  */
| 
| #include <limits.h>
| #undef pstat_getproc
| 
| /* Override any GCC internal prototype to avoid an error.
|    Use char because int might match the return type of a GCC
|    builtin and then its argument prototype would still apply.  */
| #ifdef __cplusplus
| extern "C"
| #endif
| char pstat_getproc ();
| /* The GNU C library defines this for functions which it implements
|     to always fail with ENOSYS.  Some functions are actually named
|     something starting with __ and the normal name is an alias.  */
| #if defined __stub_pstat_getproc || defined __stub___pstat_getproc
| choke me
| #endif
| 
| int
| main (void)
| {
| return pstat_getproc ();
|   ;
|   return 0;
| }
configure:13572: result: no
configure:13578: checking for sysconf
configure:13578: /home/sunxilong/work/disk4T/code/sxw0505/tools/gcc-11.1.0-20210608-sigmastar-glibc-x86_64_arm-linux-gnueabihf/bin/arm-linux-gnueabihf-gcc -marm -o conftest -I/home/sunxilong/work/mycode/my_avahi_v3/dependence/install/include  -L/home/sunxilong/work/mycode/my_avahi_v3/dependence/install/lib -lmd conftest.c  >&5
configure:13578: $? = 0
configure:13578: result: yes
configure:13702: checking that generated files are newer than configure
configure:13708: result: done
configure:13759: creating ./config.status

## ---------------------- ##
## Running config.status. ##
## ---------------------- ##

This file was extended by libbsd config.status 0.11.7, which was
generated by GNU Autoconf 2.71.  Invocation command line was

  CONFIG_FILES    = 
  CONFIG_HEADERS  = 
  CONFIG_LINKS    = 
  CONFIG_COMMANDS = 
  $ ./config.status 

on sunxilong-System-Product-Name

config.status:1136: creating Makefile
config.status:1136: creating include/Makefile
config.status:1136: creating man/Makefile
config.status:1136: creating src/Makefile
config.status:1136: creating src/libbsd.pc
config.status:1136: creating src/libbsd-ctor.pc
config.status:1136: creating src/libbsd-overlay.pc
config.status:1136: creating test/Makefile
config.status:1136: creating config.h
config.status:1317: config.h is unchanged
config.status:1365: executing depfiles commands
config.status:1365: executing libtool commands

## ---------------- ##
## Cache variables. ##
## ---------------- ##

ac_cv_build=x86_64-pc-linux-gnu
ac_cv_c_compiler_gnu=yes
ac_cv_c_inline=inline
ac_cv_c_int64_t=yes
ac_cv_c_typeof=typeof
ac_cv_c_undeclared_builtin_options='none needed'
ac_cv_env_CC_set=set
ac_cv_env_CC_value='/home/sunxilong/work/disk4T/code/sxw0505/tools/gcc-11.1.0-20210608-sigmastar-glibc-x86_64_arm-linux-gnueabihf/bin/arm-linux-gnueabihf-gcc -marm'
ac_cv_env_CFLAGS_set=set
ac_cv_env_CFLAGS_value=-I/home/sunxilong/work/mycode/my_avahi_v3/dependence/install/include
ac_cv_env_CPPFLAGS_set=
ac_cv_env_CPPFLAGS_value=
ac_cv_env_CPP_set=set
ac_cv_env_CPP_value=/home/sunxilong/work/disk4T/code/sxw0505/tools/gcc-11.1.0-20210608-sigmastar-glibc-x86_64_arm-linux-gnueabihf/bin/arm-linux-gnueabihf-cpp
ac_cv_env_LDFLAGS_set=set
ac_cv_env_LDFLAGS_value='-L/home/sunxilong/work/mycode/my_avahi_v3/dependence/install/lib -lmd'
ac_cv_env_LIBS_set=
ac_cv_env_LIBS_value=
ac_cv_env_LT_SYS_LIBRARY_PATH_set=
ac_cv_env_LT_SYS_LIBRARY_PATH_value=
ac_cv_env_build_alias_set=set
ac_cv_env_build_alias_value=x86_64-pc-linux-gnu
ac_cv_env_host_alias_set=set
ac_cv_env_host_alias_value=arm-linux-gnueabihf
ac_cv_env_target_alias_set=
ac_cv_env_target_alias_value=
ac_cv_func___fpurge=yes
ac_cv_func_clearenv=yes
ac_cv_func_dirfd=yes
ac_cv_func_fopencookie=yes
ac_cv_func_getauxval=yes
ac_cv_func_getentropy=yes
ac_cv_func_getexecname=no
ac_cv_func_getline=yes
ac_cv_func_pstat_getproc=no
ac_cv_func_sysconf=yes
ac_cv_have_decl_F_CLOSEM=no
ac_cv_header_dirent_h=yes
ac_cv_header_dlfcn_h=yes
ac_cv_header_grp_h=yes
ac_cv_header_inttypes_h=yes
ac_cv_header_minix_config_h=no
ac_cv_header_ndir_h=no
ac_cv_header_pwd_h=yes
ac_cv_header_stdint_h=yes
ac_cv_header_stdio_h=yes
ac_cv_header_stdlib_h=yes
ac_cv_header_string_h=yes
ac_cv_header_strings_h=yes
ac_cv_header_sys_dir_h=yes
ac_cv_header_sys_ndir_h=no
ac_cv_header_sys_stat_h=yes
ac_cv_header_sys_types_h=yes
ac_cv_header_unistd_h=yes
ac_cv_header_wchar_h=yes
ac_cv_host=arm-unknown-linux-gnueabihf
ac_cv_lib_testu01_unif01_CreateExternGenBits=no
ac_cv_objext=o
ac_cv_path_EGREP='/usr/bin/grep -E'
ac_cv_path_FGREP='/usr/bin/grep -F'
ac_cv_path_GREP=/usr/bin/grep
ac_cv_path_SED=/usr/bin/sed
ac_cv_path_install='/usr/bin/install -c'
ac_cv_path_lt_DD=/usr/bin/dd
ac_cv_path_mkdir=/usr/bin/mkdir
ac_cv_prog_AR=/home/sunxilong/work/disk4T/code/sxw0505/tools/gcc-11.1.0-20210608-sigmastar-glibc-x86_64_arm-linux-gnueabihf/bin/arm-linux-gnueabihf-ar
ac_cv_prog_AWK=mawk
ac_cv_prog_CC='/home/sunxilong/work/disk4T/code/sxw0505/tools/gcc-11.1.0-20210608-sigmastar-glibc-x86_64_arm-linux-gnueabihf/bin/arm-linux-gnueabihf-gcc -marm'
ac_cv_prog_CPP=/home/sunxilong/work/disk4T/code/sxw0505/tools/gcc-11.1.0-20210608-sigmastar-glibc-x86_64_arm-linux-gnueabihf/bin/arm-linux-gnueabihf-cpp
ac_cv_prog_OBJDUMP=objdump
ac_cv_prog_RANLIB=/home/sunxilong/work/disk4T/code/sxw0505/tools/gcc-11.1.0-20210608-sigmastar-glibc-x86_64_arm-linux-gnueabihf/bin/arm-linux-gnueabihf-ranlib
ac_cv_prog_STRIP=strip
ac_cv_prog_ac_ct_DUMPBIN='link -dump'
ac_cv_prog_ac_ct_FILECMD=file
ac_cv_prog_ac_ct_MANIFEST_TOOL=mt
ac_cv_prog_ac_ct_OBJDUMP=objdump
ac_cv_prog_ac_ct_STRIP=strip
ac_cv_prog_cc_c11=
ac_cv_prog_cc_g=yes
ac_cv_prog_cc_stdc=
ac_cv_prog_make_make_set=yes
ac_cv_safe_to_define___extensions__=yes
ac_cv_search_MD5Update=-lmd
ac_cv_search_SHA512Update='none required'
ac_cv_search_clock_gettime='none required'
ac_cv_should_define__xopen_source=no
ac_cv_sys_file_offset_bits=64
ac_cv_sys_largefile_CC=no
ac_cv_type_mode_t=yes
ac_cv_type_off_t=yes
ac_cv_type_pid_t=yes
ac_cv_type_size_t=yes
ac_cv_type_ssize_t=yes
ac_cv_type_uid_t=yes
am_cv_CC_dependencies_compiler_type=none
am_cv_make_support_nested_variables=yes
am_cv_prog_cc_c_o=yes
libbsd_cv_gnu_init_array_support=yes
libbsd_cv_version_script=yes
lt_cv_ar_at_file=@
lt_cv_deplibs_check_method=pass_all
lt_cv_file_magic_cmd='$MAGIC_CMD'
lt_cv_file_magic_test_file=
lt_cv_ld_reload_flag=-r
lt_cv_nm_interface='BSD nm'
lt_cv_objdir=.libs
lt_cv_path_LD=/home/sunxilong/work/disk4T/code/sxw0505/tools/gcc-11.1.0-20210608-sigmastar-glibc-x86_64_arm-linux-gnueabihf/arm-linux-gnueabihf/bin/ld
lt_cv_path_NM=no
lt_cv_path_mainfest_tool=no
lt_cv_prog_compiler_c_o=yes
lt_cv_prog_compiler_pic='-fPIC -DPIC'
lt_cv_prog_compiler_pic_works=yes
lt_cv_prog_compiler_rtti_exceptions=no
lt_cv_prog_compiler_static_works=yes
lt_cv_prog_gnu_ld=yes
lt_cv_sharedlib_from_linklib_cmd='printf %s\n'
lt_cv_shlibpath_overrides_runpath=no
lt_cv_sys_global_symbol_pipe='/usr/bin/sed -n -e '\''s/^.*[	 ]\([ABCDGIRSTW][ABCDGIRSTW]*\)[	 ][	 ]*\([_A-Za-z][_A-Za-z0-9]*\)$/\1 \2 \2/p'\'' | /usr/bin/sed '\''/ __gnu_lto/d'\'''
lt_cv_sys_global_symbol_to_c_name_address='/usr/bin/sed -n -e '\''s/^: \(.*\) .*$/  {"\1", (void *) 0},/p'\'' -e '\''s/^[ABCDGIRSTW][ABCDGIRSTW]* .* \(.*\)$/  {"\1", (void *) \&\1},/p'\'''
lt_cv_sys_global_symbol_to_c_name_address_lib_prefix='/usr/bin/sed -n -e '\''s/^: \(.*\) .*$/  {"\1", (void *) 0},/p'\'' -e '\''s/^[ABCDGIRSTW][ABCDGIRSTW]* .* \(lib.*\)$/  {"\1", (void *) \&\1},/p'\'' -e '\''s/^[ABCDGIRSTW][ABCDGIRSTW]* .* \(.*\)$/  {"lib\1", (void *) \&\1},/p'\'''
lt_cv_sys_global_symbol_to_cdecl='/usr/bin/sed -n -e '\''s/^T .* \(.*\)$/extern int \1();/p'\'' -e '\''s/^[ABCDGIRSTW][ABCDGIRSTW]* .* \(.*\)$/extern char \1;/p'\'''
lt_cv_sys_global_symbol_to_import=
lt_cv_sys_max_cmd_len=1572864
lt_cv_to_host_file_cmd=func_convert_file_noop
lt_cv_to_tool_file_cmd=func_convert_file_noop
lt_cv_truncate_bin='/usr/bin/dd bs=4096 count=1'

## ----------------- ##
## Output variables. ##
## ----------------- ##

ACLOCAL='${SHELL} '\''/home/sunxilong/work/mycode/my_avahi_v3/dependence/src/libbsd_build/libbsd-0.11.7/build-aux/missing'\'' aclocal-1.16'
AMDEPBACKSLASH=''
AMDEP_FALSE=''
AMDEP_TRUE='#'
AMTAR='$${TAR-tar}'
AM_BACKSLASH='\'
AM_DEFAULT_V='$(AM_DEFAULT_VERBOSITY)'
AM_DEFAULT_VERBOSITY='0'
AM_V='$(V)'
AR='/home/sunxilong/work/disk4T/code/sxw0505/tools/gcc-11.1.0-20210608-sigmastar-glibc-x86_64_arm-linux-gnueabihf/bin/arm-linux-gnueabihf-ar'
AUTOCONF='${SHELL} '\''/home/sunxilong/work/mycode/my_avahi_v3/dependence/src/libbsd_build/libbsd-0.11.7/build-aux/missing'\'' autoconf'
AUTOHEADER='${SHELL} '\''/home/sunxilong/work/mycode/my_avahi_v3/dependence/src/libbsd_build/libbsd-0.11.7/build-aux/missing'\'' autoheader'
AUTOMAKE='${SHELL} '\''/home/sunxilong/work/mycode/my_avahi_v3/dependence/src/libbsd_build/libbsd-0.11.7/build-aux/missing'\'' automake-1.16'
AWK='mawk'
BUILD_LIBBSD_CTOR_FALSE='#'
BUILD_LIBBSD_CTOR_TRUE=''
CC='/home/sunxilong/work/disk4T/code/sxw0505/tools/gcc-11.1.0-20210608-sigmastar-glibc-x86_64_arm-linux-gnueabihf/bin/arm-linux-gnueabihf-gcc -marm'
CCDEPMODE='depmode=none'
CFLAGS='-I/home/sunxilong/work/mycode/my_avahi_v3/dependence/install/include'
CPP='/home/sunxilong/work/disk4T/code/sxw0505/tools/gcc-11.1.0-20210608-sigmastar-glibc-x86_64_arm-linux-gnueabihf/bin/arm-linux-gnueabihf-cpp'
CPPFLAGS=''
CSCOPE='cscope'
CTAGS='ctags'
CYGPATH_W='echo'
DEFS='-DHAVE_CONFIG_H'
DEPDIR='.deps'
DLLTOOL='false'
DSYMUTIL=''
DUMPBIN=':'
ECHO_C=''
ECHO_N='-n'
ECHO_T=''
EGREP='/usr/bin/grep -E'
ETAGS='etags'
EXEEXT=''
FGREP='/usr/bin/grep -F'
FILECMD='file'
GREP='/usr/bin/grep'
HAVE_GETENTROPY_FALSE=''
HAVE_GETENTROPY_TRUE='#'
HAVE_LIBTESTU01_FALSE=''
HAVE_LIBTESTU01_TRUE='#'
HAVE_LINKER_VERSION_SCRIPT_FALSE='#'
HAVE_LINKER_VERSION_SCRIPT_TRUE=''
INSTALL_DATA='${INSTALL} -m 644'
INSTALL_PROGRAM='${INSTALL}'
INSTALL_SCRIPT='${INSTALL}'
INSTALL_STRIP_PROGRAM='$(install_sh) -c -s'
LD='/home/sunxilong/work/disk4T/code/sxw0505/tools/gcc-11.1.0-20210608-sigmastar-glibc-x86_64_arm-linux-gnueabihf/arm-linux-gnueabihf/bin/ld'
LDFLAGS='-L/home/sunxilong/work/mycode/my_avahi_v3/dependence/install/lib -lmd'
LIBBSD_ABI='0:11:7'
LIBBSD_LIBS=''
LIBOBJS=''
LIBS=''
LIBTOOL='$(SHELL) $(top_builddir)/libtool'
LIPO=''
LN_S='ln -s'
LTLIBOBJS=''
LT_SYS_LIBRARY_PATH=''
MAKEINFO='${SHELL} '\''/home/sunxilong/work/mycode/my_avahi_v3/dependence/src/libbsd_build/libbsd-0.11.7/build-aux/missing'\'' makeinfo'
MANIFEST_TOOL=':'
MD5_LIBS=' -lmd'
MKDIR_P='/usr/bin/mkdir -p'
NEED_TRANSPARENT_LIBMD_FALSE='#'
NEED_TRANSPARENT_LIBMD_TRUE=''
NM='nm'
NMEDIT=''
OBJDUMP='objdump'
OBJEXT='o'
OS_WINDOWS_FALSE=''
OS_WINDOWS_TRUE='#'
OTOOL64=''
OTOOL=''
PACKAGE='libbsd'
PACKAGE_BUGREPORT='libbsd@lists.freedesktop.org'
PACKAGE_NAME='libbsd'
PACKAGE_STRING='libbsd 0.11.7'
PACKAGE_TARNAME='libbsd'
PACKAGE_URL=''
PACKAGE_VERSION='0.11.7'
PATH_SEPARATOR=':'
RANLIB='/home/sunxilong/work/disk4T/code/sxw0505/tools/gcc-11.1.0-20210608-sigmastar-glibc-x86_64_arm-linux-gnueabihf/bin/arm-linux-gnueabihf-ranlib'
SED='/usr/bin/sed'
SET_MAKE=''
SHELL='/bin/bash'
STRIP='strip'
TESTU01_LIBS=''
VERSION='0.11.7'
ac_ct_AR=''
ac_ct_CC=''
ac_ct_DUMPBIN='link -dump'
am__EXEEXT_FALSE=''
am__EXEEXT_TRUE='#'
am__fastdepCC_FALSE=''
am__fastdepCC_TRUE='#'
am__include='include'
am__isrc=''
am__leading_dot='.'
am__nodep=''
am__quote=''
am__tar='$${TAR-tar} chof - "$$tardir"'
am__untar='$${TAR-tar} xf -'
bindir='${exec_prefix}/bin'
build='x86_64-pc-linux-gnu'
build_alias='x86_64-pc-linux-gnu'
build_cpu='x86_64'
build_os='linux-gnu'
build_vendor='pc'
datadir='${datarootdir}'
datarootdir='${prefix}/share'
docdir='${datarootdir}/doc/${PACKAGE_TARNAME}'
dvidir='${docdir}'
exec_prefix='${prefix}'
host='arm-unknown-linux-gnueabihf'
host_alias='arm-linux-gnueabihf'
host_cpu='arm'
host_os='linux-gnueabihf'
host_vendor='unknown'
htmldir='${docdir}'
includedir='${prefix}/include'
infodir='${datarootdir}/info'
install_sh='${SHELL} /home/sunxilong/work/mycode/my_avahi_v3/dependence/src/libbsd_build/libbsd-0.11.7/build-aux/install-sh'
libdir='${exec_prefix}/lib'
libexecdir='${exec_prefix}/libexec'
localedir='${datarootdir}/locale'
localstatedir='${prefix}/var'
mandir='${datarootdir}/man'
mkdir_p='$(MKDIR_P)'
oldincludedir='/usr/include'
pdfdir='${docdir}'
prefix='/home/sunxilong/work/mycode/my_avahi_v3/dependence/install'
program_transform_name='s,x,x,'
psdir='${docdir}'
runstatedir='${localstatedir}/run'
sbindir='${exec_prefix}/sbin'
sharedstatedir='${prefix}/com'
sysconfdir='${prefix}/etc'
target_alias=''

## ----------- ##
## confdefs.h. ##
## ----------- ##

/* confdefs.h */
#define PACKAGE_NAME "libbsd"
#define PACKAGE_TARNAME "libbsd"
#define PACKAGE_VERSION "0.11.7"
#define PACKAGE_STRING "libbsd 0.11.7"
#define PACKAGE_BUGREPORT "libbsd@lists.freedesktop.org"
#define PACKAGE_URL ""
#define PACKAGE "libbsd"
#define VERSION "0.11.7"
#define HAVE_STDIO_H 1
#define HAVE_STDLIB_H 1
#define HAVE_STRING_H 1
#define HAVE_INTTYPES_H 1
#define HAVE_STDINT_H 1
#define HAVE_STRINGS_H 1
#define HAVE_SYS_STAT_H 1
#define HAVE_SYS_TYPES_H 1
#define HAVE_UNISTD_H 1
#define HAVE_WCHAR_H 1
#define STDC_HEADERS 1
#define _ALL_SOURCE 1
#define _DARWIN_C_SOURCE 1
#define _GNU_SOURCE 1
#define _HPUX_ALT_XOPEN_SOCKET_API 1
#define _NETBSD_SOURCE 1
#define _OPENBSD_SOURCE 1
#define _POSIX_PTHREAD_SEMANTICS 1
#define __STDC_WANT_IEC_60559_ATTRIBS_EXT__ 1
#define __STDC_WANT_IEC_60559_BFP_EXT__ 1
#define __STDC_WANT_IEC_60559_DFP_EXT__ 1
#define __STDC_WANT_IEC_60559_FUNCS_EXT__ 1
#define __STDC_WANT_IEC_60559_TYPES_EXT__ 1
#define __STDC_WANT_LIB_EXT2__ 1
#define __STDC_WANT_MATH_SPEC_FUNCS__ 1
#define _TANDEM_SOURCE 1
#define __EXTENSIONS__ 1
#define _FILE_OFFSET_BITS 64
#define HAVE_DLFCN_H 1
#define LT_OBJDIR ".libs/"
#define HAVE_SYS_DIR_H 1
#define HAVE_DIRENT_H 1
#define HAVE_PWD_H 1
#define HAVE_GRP_H 1
#define HAVE_TYPEOF 1
#define HAVE_PROGRAM_INVOCATION_SHORT_NAME 1
#define HAVE___PROGNAME 1
#define HAVE___REGISTER_ATFORK 1
#define HAVE_CLEARENV 1
#define HAVE_DIRFD 1
#define HAVE_FOPENCOOKIE 1
#define HAVE___FPURGE 1
#define HAVE_GETAUXVAL 1
#define HAVE_GETENTROPY 1
#define HAVE_GETLINE 1
#define HAVE_SYSCONF 1

configure: exit 0
